[0.407s] DEBUG:colcon:Command line arguments: ['/usr/bin/colcon', 'build']
[0.407s] DEBUG:colcon:Parsed command line arguments: Namespace(allow_overriding=[], ament_cmake_args=None, base_paths=['.'], build_base='build', catkin_cmake_args=None, catkin_skip_building_tests=False, cmake_args=None, cmake_clean_cache=False, cmake_clean_first=False, cmake_force_configure=False, cmake_target=None, cmake_target_skip_unavailable=False, continue_on_error=False, event_handlers=None, executor='parallel', ignore_user_meta=False, install_base='install', log_base=None, log_level=None, main=<bound method BuildVerb.main of <colcon_core.verb.build.BuildVerb object at 0x7f53aa327e50>>, merge_install=False, metas=['./colcon.meta'], packages_above=None, packages_above_and_dependencies=None, packages_above_depth=None, packages_end=None, packages_ignore=None, packages_ignore_regex=None, packages_select=None, packages_select_build_failed=False, packages_select_by_dep=None, packages_select_regex=None, packages_select_test_failures=False, packages_skip=None, packages_skip_build_finished=False, packages_skip_by_dep=None, packages_skip_regex=None, packages_skip_test_passed=False, packages_skip_up_to=None, packages_start=None, packages_up_to=None, packages_up_to_regex=None, parallel_workers=12, paths=None, symlink_install=False, test_result_base=None, verb_extension=<colcon_core.verb.build.BuildVerb object at 0x7f53aa327e50>, verb_name='build', verb_parser=<colcon_defaults.argument_parser.defaults.DefaultArgumentsDecorator object at 0x7f53aa333400>)
[0.448s] Level 1:colcon.colcon_core.package_discovery:discover_packages(colcon_meta) check parameters
[0.449s] Level 1:colcon.colcon_core.package_discovery:discover_packages(recursive) check parameters
[0.449s] Level 1:colcon.colcon_core.package_discovery:discover_packages(ignore) check parameters
[0.449s] Level 1:colcon.colcon_core.package_discovery:discover_packages(path) check parameters
[0.449s] Level 1:colcon.colcon_core.package_discovery:discover_packages(colcon_meta) discover
[0.449s] Level 1:colcon.colcon_core.package_discovery:discover_packages(recursive) discover
[0.449s] INFO:colcon.colcon_core.package_discovery:Crawling recursively for packages in '/home/poom/ieee_ws'
[0.449s] Level 1:colcon.colcon_core.package_identification:_identify(.) by extensions ['ignore', 'ignore_ament_install']
[0.449s] Level 1:colcon.colcon_core.package_identification:_identify(.) by extension 'ignore'
[0.449s] Level 1:colcon.colcon_core.package_identification:_identify(.) by extension 'ignore_ament_install'
[0.449s] Level 1:colcon.colcon_core.package_identification:_identify(.) by extensions ['colcon_pkg']
[0.449s] Level 1:colcon.colcon_core.package_identification:_identify(.) by extension 'colcon_pkg'
[0.449s] Level 1:colcon.colcon_core.package_identification:_identify(.) by extensions ['colcon_meta']
[0.449s] Level 1:colcon.colcon_core.package_identification:_identify(.) by extension 'colcon_meta'
[0.449s] Level 1:colcon.colcon_core.package_identification:_identify(.) by extensions ['ros']
[0.450s] Level 1:colcon.colcon_core.package_identification:_identify(.) by extension 'ros'
[0.464s] Level 1:colcon.colcon_core.package_identification:_identify(.) by extensions ['cmake', 'python']
[0.464s] Level 1:colcon.colcon_core.package_identification:_identify(.) by extension 'cmake'
[0.464s] Level 1:colcon.colcon_core.package_identification:_identify(.) by extension 'python'
[0.464s] Level 1:colcon.colcon_core.package_identification:_identify(.) by extensions ['python_setup_py']
[0.464s] Level 1:colcon.colcon_core.package_identification:_identify(.) by extension 'python_setup_py'
[0.464s] Level 1:colcon.colcon_core.package_identification:_identify(backup) by extensions ['ignore', 'ignore_ament_install']
[0.464s] Level 1:colcon.colcon_core.package_identification:_identify(backup) by extension 'ignore'
[0.464s] Level 1:colcon.colcon_core.package_identification:_identify(backup) by extension 'ignore_ament_install'
[0.464s] Level 1:colcon.colcon_core.package_identification:_identify(backup) by extensions ['colcon_pkg']
[0.464s] Level 1:colcon.colcon_core.package_identification:_identify(backup) by extension 'colcon_pkg'
[0.464s] Level 1:colcon.colcon_core.package_identification:_identify(backup) by extensions ['colcon_meta']
[0.464s] Level 1:colcon.colcon_core.package_identification:_identify(backup) by extension 'colcon_meta'
[0.464s] Level 1:colcon.colcon_core.package_identification:_identify(backup) by extensions ['ros']
[0.464s] Level 1:colcon.colcon_core.package_identification:_identify(backup) by extension 'ros'
[0.464s] Level 1:colcon.colcon_core.package_identification:_identify(backup) by extensions ['cmake', 'python']
[0.464s] Level 1:colcon.colcon_core.package_identification:_identify(backup) by extension 'cmake'
[0.465s] Level 1:colcon.colcon_core.package_identification:_identify(backup) by extension 'python'
[0.465s] Level 1:colcon.colcon_core.package_identification:_identify(backup) by extensions ['python_setup_py']
[0.465s] Level 1:colcon.colcon_core.package_identification:_identify(backup) by extension 'python_setup_py'
[0.465s] Level 1:colcon.colcon_core.package_identification:_identify(backup/xicro_arduino) by extensions ['ignore', 'ignore_ament_install']
[0.465s] Level 1:colcon.colcon_core.package_identification:_identify(backup/xicro_arduino) by extension 'ignore'
[0.465s] Level 1:colcon.colcon_core.package_identification:_identify(backup/xicro_arduino) by extension 'ignore_ament_install'
[0.465s] Level 1:colcon.colcon_core.package_identification:_identify(backup/xicro_arduino) by extensions ['colcon_pkg']
[0.465s] Level 1:colcon.colcon_core.package_identification:_identify(backup/xicro_arduino) by extension 'colcon_pkg'
[0.465s] Level 1:colcon.colcon_core.package_identification:_identify(backup/xicro_arduino) by extensions ['colcon_meta']
[0.465s] Level 1:colcon.colcon_core.package_identification:_identify(backup/xicro_arduino) by extension 'colcon_meta'
[0.465s] Level 1:colcon.colcon_core.package_identification:_identify(backup/xicro_arduino) by extensions ['ros']
[0.465s] Level 1:colcon.colcon_core.package_identification:_identify(backup/xicro_arduino) by extension 'ros'
[0.465s] Level 1:colcon.colcon_core.package_identification:_identify(backup/xicro_arduino) by extensions ['cmake', 'python']
[0.465s] Level 1:colcon.colcon_core.package_identification:_identify(backup/xicro_arduino) by extension 'cmake'
[0.465s] Level 1:colcon.colcon_core.package_identification:_identify(backup/xicro_arduino) by extension 'python'
[0.465s] Level 1:colcon.colcon_core.package_identification:_identify(backup/xicro_arduino) by extensions ['python_setup_py']
[0.466s] Level 1:colcon.colcon_core.package_identification:_identify(backup/xicro_arduino) by extension 'python_setup_py'
[0.466s] Level 1:colcon.colcon_core.package_identification:_identify(build) by extensions ['ignore', 'ignore_ament_install']
[0.466s] Level 1:colcon.colcon_core.package_identification:_identify(build) by extension 'ignore'
[0.466s] Level 1:colcon.colcon_core.package_identification:_identify(build) ignored
[0.466s] Level 1:colcon.colcon_core.package_identification:_identify(install) by extensions ['ignore', 'ignore_ament_install']
[0.466s] Level 1:colcon.colcon_core.package_identification:_identify(install) by extension 'ignore'
[0.466s] Level 1:colcon.colcon_core.package_identification:_identify(install) ignored
[0.466s] Level 1:colcon.colcon_core.package_identification:_identify(log) by extensions ['ignore', 'ignore_ament_install']
[0.466s] Level 1:colcon.colcon_core.package_identification:_identify(log) by extension 'ignore'
[0.466s] Level 1:colcon.colcon_core.package_identification:_identify(log) ignored
[0.466s] Level 1:colcon.colcon_core.package_identification:_identify(src) by extensions ['ignore', 'ignore_ament_install']
[0.466s] Level 1:colcon.colcon_core.package_identification:_identify(src) by extension 'ignore'
[0.467s] Level 1:colcon.colcon_core.package_identification:_identify(src) by extension 'ignore_ament_install'
[0.467s] Level 1:colcon.colcon_core.package_identification:_identify(src) by extensions ['colcon_pkg']
[0.467s] Level 1:colcon.colcon_core.package_identification:_identify(src) by extension 'colcon_pkg'
[0.467s] Level 1:colcon.colcon_core.package_identification:_identify(src) by extensions ['colcon_meta']
[0.467s] Level 1:colcon.colcon_core.package_identification:_identify(src) by extension 'colcon_meta'
[0.467s] Level 1:colcon.colcon_core.package_identification:_identify(src) by extensions ['ros']
[0.467s] Level 1:colcon.colcon_core.package_identification:_identify(src) by extension 'ros'
[0.467s] Level 1:colcon.colcon_core.package_identification:_identify(src) by extensions ['cmake', 'python']
[0.467s] Level 1:colcon.colcon_core.package_identification:_identify(src) by extension 'cmake'
[0.467s] Level 1:colcon.colcon_core.package_identification:_identify(src) by extension 'python'
[0.467s] Level 1:colcon.colcon_core.package_identification:_identify(src) by extensions ['python_setup_py']
[0.467s] Level 1:colcon.colcon_core.package_identification:_identify(src) by extension 'python_setup_py'
[0.467s] Level 1:colcon.colcon_core.package_identification:_identify(src/Xicro) by extensions ['ignore', 'ignore_ament_install']
[0.467s] Level 1:colcon.colcon_core.package_identification:_identify(src/Xicro) by extension 'ignore'
[0.467s] Level 1:colcon.colcon_core.package_identification:_identify(src/Xicro) by extension 'ignore_ament_install'
[0.467s] Level 1:colcon.colcon_core.package_identification:_identify(src/Xicro) by extensions ['colcon_pkg']
[0.467s] Level 1:colcon.colcon_core.package_identification:_identify(src/Xicro) by extension 'colcon_pkg'
[0.467s] Level 1:colcon.colcon_core.package_identification:_identify(src/Xicro) by extensions ['colcon_meta']
[0.467s] Level 1:colcon.colcon_core.package_identification:_identify(src/Xicro) by extension 'colcon_meta'
[0.467s] Level 1:colcon.colcon_core.package_identification:_identify(src/Xicro) by extensions ['ros']
[0.467s] Level 1:colcon.colcon_core.package_identification:_identify(src/Xicro) by extension 'ros'
[0.468s] Level 1:colcon.colcon_core.package_identification:_identify(src/Xicro) by extensions ['cmake', 'python']
[0.468s] Level 1:colcon.colcon_core.package_identification:_identify(src/Xicro) by extension 'cmake'
[0.468s] Level 1:colcon.colcon_core.package_identification:_identify(src/Xicro) by extension 'python'
[0.468s] Level 1:colcon.colcon_core.package_identification:_identify(src/Xicro) by extensions ['python_setup_py']
[0.468s] Level 1:colcon.colcon_core.package_identification:_identify(src/Xicro) by extension 'python_setup_py'
[0.468s] Level 1:colcon.colcon_core.package_identification:_identify(src/Xicro/docs) by extensions ['ignore', 'ignore_ament_install']
[0.468s] Level 1:colcon.colcon_core.package_identification:_identify(src/Xicro/docs) by extension 'ignore'
[0.468s] Level 1:colcon.colcon_core.package_identification:_identify(src/Xicro/docs) by extension 'ignore_ament_install'
[0.468s] Level 1:colcon.colcon_core.package_identification:_identify(src/Xicro/docs) by extensions ['colcon_pkg']
[0.468s] Level 1:colcon.colcon_core.package_identification:_identify(src/Xicro/docs) by extension 'colcon_pkg'
[0.468s] Level 1:colcon.colcon_core.package_identification:_identify(src/Xicro/docs) by extensions ['colcon_meta']
[0.468s] Level 1:colcon.colcon_core.package_identification:_identify(src/Xicro/docs) by extension 'colcon_meta'
[0.468s] Level 1:colcon.colcon_core.package_identification:_identify(src/Xicro/docs) by extensions ['ros']
[0.468s] Level 1:colcon.colcon_core.package_identification:_identify(src/Xicro/docs) by extension 'ros'
[0.468s] Level 1:colcon.colcon_core.package_identification:_identify(src/Xicro/docs) by extensions ['cmake', 'python']
[0.468s] Level 1:colcon.colcon_core.package_identification:_identify(src/Xicro/docs) by extension 'cmake'
[0.468s] Level 1:colcon.colcon_core.package_identification:_identify(src/Xicro/docs) by extension 'python'
[0.468s] Level 1:colcon.colcon_core.package_identification:_identify(src/Xicro/docs) by extensions ['python_setup_py']
[0.468s] Level 1:colcon.colcon_core.package_identification:_identify(src/Xicro/docs) by extension 'python_setup_py'
[0.468s] Level 1:colcon.colcon_core.package_identification:_identify(src/Xicro/docs/pic) by extensions ['ignore', 'ignore_ament_install']
[0.469s] Level 1:colcon.colcon_core.package_identification:_identify(src/Xicro/docs/pic) by extension 'ignore'
[0.469s] Level 1:colcon.colcon_core.package_identification:_identify(src/Xicro/docs/pic) by extension 'ignore_ament_install'
[0.469s] Level 1:colcon.colcon_core.package_identification:_identify(src/Xicro/docs/pic) by extensions ['colcon_pkg']
[0.469s] Level 1:colcon.colcon_core.package_identification:_identify(src/Xicro/docs/pic) by extension 'colcon_pkg'
[0.469s] Level 1:colcon.colcon_core.package_identification:_identify(src/Xicro/docs/pic) by extensions ['colcon_meta']
[0.469s] Level 1:colcon.colcon_core.package_identification:_identify(src/Xicro/docs/pic) by extension 'colcon_meta'
[0.469s] Level 1:colcon.colcon_core.package_identification:_identify(src/Xicro/docs/pic) by extensions ['ros']
[0.469s] Level 1:colcon.colcon_core.package_identification:_identify(src/Xicro/docs/pic) by extension 'ros'
[0.469s] Level 1:colcon.colcon_core.package_identification:_identify(src/Xicro/docs/pic) by extensions ['cmake', 'python']
[0.469s] Level 1:colcon.colcon_core.package_identification:_identify(src/Xicro/docs/pic) by extension 'cmake'
[0.469s] Level 1:colcon.colcon_core.package_identification:_identify(src/Xicro/docs/pic) by extension 'python'
[0.469s] Level 1:colcon.colcon_core.package_identification:_identify(src/Xicro/docs/pic) by extensions ['python_setup_py']
[0.469s] Level 1:colcon.colcon_core.package_identification:_identify(src/Xicro/docs/pic) by extension 'python_setup_py'
[0.469s] Level 1:colcon.colcon_core.package_identification:_identify(src/Xicro/xicro_interfaces) by extensions ['ignore', 'ignore_ament_install']
[0.469s] Level 1:colcon.colcon_core.package_identification:_identify(src/Xicro/xicro_interfaces) by extension 'ignore'
[0.469s] Level 1:colcon.colcon_core.package_identification:_identify(src/Xicro/xicro_interfaces) by extension 'ignore_ament_install'
[0.469s] Level 1:colcon.colcon_core.package_identification:_identify(src/Xicro/xicro_interfaces) by extensions ['colcon_pkg']
[0.469s] Level 1:colcon.colcon_core.package_identification:_identify(src/Xicro/xicro_interfaces) by extension 'colcon_pkg'
[0.469s] Level 1:colcon.colcon_core.package_identification:_identify(src/Xicro/xicro_interfaces) by extensions ['colcon_meta']
[0.469s] Level 1:colcon.colcon_core.package_identification:_identify(src/Xicro/xicro_interfaces) by extension 'colcon_meta'
[0.469s] Level 1:colcon.colcon_core.package_identification:_identify(src/Xicro/xicro_interfaces) by extensions ['ros']
[0.470s] Level 1:colcon.colcon_core.package_identification:_identify(src/Xicro/xicro_interfaces) by extension 'ros'
[0.472s] DEBUG:colcon.colcon_core.package_identification:Package 'src/Xicro/xicro_interfaces' with type 'ros.ament_cmake' and name 'xicro_interfaces'
[0.472s] Level 1:colcon.colcon_core.package_identification:_identify(src/Xicro/xicro_pkg) by extensions ['ignore', 'ignore_ament_install']
[0.472s] Level 1:colcon.colcon_core.package_identification:_identify(src/Xicro/xicro_pkg) by extension 'ignore'
[0.472s] Level 1:colcon.colcon_core.package_identification:_identify(src/Xicro/xicro_pkg) by extension 'ignore_ament_install'
[0.472s] Level 1:colcon.colcon_core.package_identification:_identify(src/Xicro/xicro_pkg) by extensions ['colcon_pkg']
[0.472s] Level 1:colcon.colcon_core.package_identification:_identify(src/Xicro/xicro_pkg) by extension 'colcon_pkg'
[0.472s] Level 1:colcon.colcon_core.package_identification:_identify(src/Xicro/xicro_pkg) by extensions ['colcon_meta']
[0.472s] Level 1:colcon.colcon_core.package_identification:_identify(src/Xicro/xicro_pkg) by extension 'colcon_meta'
[0.473s] Level 1:colcon.colcon_core.package_identification:_identify(src/Xicro/xicro_pkg) by extensions ['ros']
[0.473s] Level 1:colcon.colcon_core.package_identification:_identify(src/Xicro/xicro_pkg) by extension 'ros'
[0.473s] DEBUG:colcon.colcon_core.package_identification:Package 'src/Xicro/xicro_pkg' with type 'ros.ament_cmake' and name 'xicro_pkg'
[0.473s] Level 1:colcon.colcon_core.package_identification:_identify(src/ieee_pkg) by extensions ['ignore', 'ignore_ament_install']
[0.473s] Level 1:colcon.colcon_core.package_identification:_identify(src/ieee_pkg) by extension 'ignore'
[0.473s] Level 1:colcon.colcon_core.package_identification:_identify(src/ieee_pkg) by extension 'ignore_ament_install'
[0.473s] Level 1:colcon.colcon_core.package_identification:_identify(src/ieee_pkg) by extensions ['colcon_pkg']
[0.473s] Level 1:colcon.colcon_core.package_identification:_identify(src/ieee_pkg) by extension 'colcon_pkg'
[0.474s] Level 1:colcon.colcon_core.package_identification:_identify(src/ieee_pkg) by extensions ['colcon_meta']
[0.474s] Level 1:colcon.colcon_core.package_identification:_identify(src/ieee_pkg) by extension 'colcon_meta'
[0.474s] Level 1:colcon.colcon_core.package_identification:_identify(src/ieee_pkg) by extensions ['ros']
[0.474s] Level 1:colcon.colcon_core.package_identification:_identify(src/ieee_pkg) by extension 'ros'
[0.474s] DEBUG:colcon.colcon_core.package_identification:Package 'src/ieee_pkg' with type 'ros.ament_python' and name 'ieee_pkg'
[0.474s] Level 1:colcon.colcon_core.package_identification:_identify(src/webcam_pkg) by extensions ['ignore', 'ignore_ament_install']
[0.474s] Level 1:colcon.colcon_core.package_identification:_identify(src/webcam_pkg) by extension 'ignore'
[0.474s] Level 1:colcon.colcon_core.package_identification:_identify(src/webcam_pkg) by extension 'ignore_ament_install'
[0.474s] Level 1:colcon.colcon_core.package_identification:_identify(src/webcam_pkg) by extensions ['colcon_pkg']
[0.474s] Level 1:colcon.colcon_core.package_identification:_identify(src/webcam_pkg) by extension 'colcon_pkg'
[0.474s] Level 1:colcon.colcon_core.package_identification:_identify(src/webcam_pkg) by extensions ['colcon_meta']
[0.475s] Level 1:colcon.colcon_core.package_identification:_identify(src/webcam_pkg) by extension 'colcon_meta'
[0.475s] Level 1:colcon.colcon_core.package_identification:_identify(src/webcam_pkg) by extensions ['ros']
[0.475s] Level 1:colcon.colcon_core.package_identification:_identify(src/webcam_pkg) by extension 'ros'
[0.476s] DEBUG:colcon.colcon_core.package_identification:Package 'src/webcam_pkg' with type 'ros.ament_python' and name 'webcam_pkg'
[0.476s] Level 1:colcon.colcon_core.package_identification:_identify(xicro_arduino) by extensions ['ignore', 'ignore_ament_install']
[0.476s] Level 1:colcon.colcon_core.package_identification:_identify(xicro_arduino) by extension 'ignore'
[0.476s] Level 1:colcon.colcon_core.package_identification:_identify(xicro_arduino) by extension 'ignore_ament_install'
[0.477s] Level 1:colcon.colcon_core.package_identification:_identify(xicro_arduino) by extensions ['colcon_pkg']
[0.477s] Level 1:colcon.colcon_core.package_identification:_identify(xicro_arduino) by extension 'colcon_pkg'
[0.477s] Level 1:colcon.colcon_core.package_identification:_identify(xicro_arduino) by extensions ['colcon_meta']
[0.477s] Level 1:colcon.colcon_core.package_identification:_identify(xicro_arduino) by extension 'colcon_meta'
[0.477s] Level 1:colcon.colcon_core.package_identification:_identify(xicro_arduino) by extensions ['ros']
[0.477s] Level 1:colcon.colcon_core.package_identification:_identify(xicro_arduino) by extension 'ros'
[0.477s] Level 1:colcon.colcon_core.package_identification:_identify(xicro_arduino) by extensions ['cmake', 'python']
[0.477s] Level 1:colcon.colcon_core.package_identification:_identify(xicro_arduino) by extension 'cmake'
[0.477s] Level 1:colcon.colcon_core.package_identification:_identify(xicro_arduino) by extension 'python'
[0.477s] Level 1:colcon.colcon_core.package_identification:_identify(xicro_arduino) by extensions ['python_setup_py']
[0.477s] Level 1:colcon.colcon_core.package_identification:_identify(xicro_arduino) by extension 'python_setup_py'
[0.477s] Level 1:colcon.colcon_core.package_discovery:discover_packages(recursive) using defaults
[0.477s] Level 1:colcon.colcon_core.package_discovery:discover_packages(ignore) discover
[0.477s] Level 1:colcon.colcon_core.package_discovery:discover_packages(ignore) using defaults
[0.477s] Level 1:colcon.colcon_core.package_discovery:discover_packages(path) discover
[0.477s] Level 1:colcon.colcon_core.package_discovery:discover_packages(path) using defaults
[0.499s] Level 1:colcon.colcon_core.package_discovery:discover_packages(prefix_path) check parameters
[0.499s] Level 1:colcon.colcon_core.package_discovery:discover_packages(prefix_path) discover
[0.502s] DEBUG:colcon.colcon_installed_package_information.package_discovery:Found 4 installed packages in /home/poom/ieee_ws/install
[0.504s] DEBUG:colcon.colcon_installed_package_information.package_discovery:Found 271 installed packages in /opt/ros/galactic
[0.506s] Level 1:colcon.colcon_core.package_discovery:discover_packages(prefix_path) using defaults
[0.588s] Level 5:colcon.colcon_core.verb:set package 'ieee_pkg' build argument 'cmake_args' from command line to 'None'
[0.588s] Level 5:colcon.colcon_core.verb:set package 'ieee_pkg' build argument 'cmake_target' from command line to 'None'
[0.588s] Level 5:colcon.colcon_core.verb:set package 'ieee_pkg' build argument 'cmake_target_skip_unavailable' from command line to 'False'
[0.588s] Level 5:colcon.colcon_core.verb:set package 'ieee_pkg' build argument 'cmake_clean_cache' from command line to 'False'
[0.588s] Level 5:colcon.colcon_core.verb:set package 'ieee_pkg' build argument 'cmake_clean_first' from command line to 'False'
[0.588s] Level 5:colcon.colcon_core.verb:set package 'ieee_pkg' build argument 'cmake_force_configure' from command line to 'False'
[0.588s] Level 5:colcon.colcon_core.verb:set package 'ieee_pkg' build argument 'ament_cmake_args' from command line to 'None'
[0.588s] Level 5:colcon.colcon_core.verb:set package 'ieee_pkg' build argument 'catkin_cmake_args' from command line to 'None'
[0.588s] Level 5:colcon.colcon_core.verb:set package 'ieee_pkg' build argument 'catkin_skip_building_tests' from command line to 'False'
[0.588s] DEBUG:colcon.colcon_core.verb:Building package 'ieee_pkg' with the following arguments: {'ament_cmake_args': None, 'build_base': '/home/poom/ieee_ws/build/ieee_pkg', 'catkin_cmake_args': None, 'catkin_skip_building_tests': False, 'cmake_args': None, 'cmake_clean_cache': False, 'cmake_clean_first': False, 'cmake_force_configure': False, 'cmake_target': None, 'cmake_target_skip_unavailable': False, 'install_base': '/home/poom/ieee_ws/install/ieee_pkg', 'merge_install': False, 'path': '/home/poom/ieee_ws/src/ieee_pkg', 'symlink_install': False, 'test_result_base': None}
[0.590s] Level 5:colcon.colcon_core.verb:set package 'webcam_pkg' build argument 'cmake_args' from command line to 'None'
[0.590s] Level 5:colcon.colcon_core.verb:set package 'webcam_pkg' build argument 'cmake_target' from command line to 'None'
[0.590s] Level 5:colcon.colcon_core.verb:set package 'webcam_pkg' build argument 'cmake_target_skip_unavailable' from command line to 'False'
[0.590s] Level 5:colcon.colcon_core.verb:set package 'webcam_pkg' build argument 'cmake_clean_cache' from command line to 'False'
[0.590s] Level 5:colcon.colcon_core.verb:set package 'webcam_pkg' build argument 'cmake_clean_first' from command line to 'False'
[0.590s] Level 5:colcon.colcon_core.verb:set package 'webcam_pkg' build argument 'cmake_force_configure' from command line to 'False'
[0.590s] Level 5:colcon.colcon_core.verb:set package 'webcam_pkg' build argument 'ament_cmake_args' from command line to 'None'
[0.590s] Level 5:colcon.colcon_core.verb:set package 'webcam_pkg' build argument 'catkin_cmake_args' from command line to 'None'
[0.590s] Level 5:colcon.colcon_core.verb:set package 'webcam_pkg' build argument 'catkin_skip_building_tests' from command line to 'False'
[0.590s] DEBUG:colcon.colcon_core.verb:Building package 'webcam_pkg' with the following arguments: {'ament_cmake_args': None, 'build_base': '/home/poom/ieee_ws/build/webcam_pkg', 'catkin_cmake_args': None, 'catkin_skip_building_tests': False, 'cmake_args': None, 'cmake_clean_cache': False, 'cmake_clean_first': False, 'cmake_force_configure': False, 'cmake_target': None, 'cmake_target_skip_unavailable': False, 'install_base': '/home/poom/ieee_ws/install/webcam_pkg', 'merge_install': False, 'path': '/home/poom/ieee_ws/src/webcam_pkg', 'symlink_install': False, 'test_result_base': None}
[0.592s] Level 5:colcon.colcon_core.verb:set package 'xicro_interfaces' build argument 'cmake_args' from command line to 'None'
[0.592s] Level 5:colcon.colcon_core.verb:set package 'xicro_interfaces' build argument 'cmake_target' from command line to 'None'
[0.592s] Level 5:colcon.colcon_core.verb:set package 'xicro_interfaces' build argument 'cmake_target_skip_unavailable' from command line to 'False'
[0.592s] Level 5:colcon.colcon_core.verb:set package 'xicro_interfaces' build argument 'cmake_clean_cache' from command line to 'False'
[0.592s] Level 5:colcon.colcon_core.verb:set package 'xicro_interfaces' build argument 'cmake_clean_first' from command line to 'False'
[0.592s] Level 5:colcon.colcon_core.verb:set package 'xicro_interfaces' build argument 'cmake_force_configure' from command line to 'False'
[0.592s] Level 5:colcon.colcon_core.verb:set package 'xicro_interfaces' build argument 'ament_cmake_args' from command line to 'None'
[0.592s] Level 5:colcon.colcon_core.verb:set package 'xicro_interfaces' build argument 'catkin_cmake_args' from command line to 'None'
[0.592s] Level 5:colcon.colcon_core.verb:set package 'xicro_interfaces' build argument 'catkin_skip_building_tests' from command line to 'False'
[0.592s] DEBUG:colcon.colcon_core.verb:Building package 'xicro_interfaces' with the following arguments: {'ament_cmake_args': None, 'build_base': '/home/poom/ieee_ws/build/xicro_interfaces', 'catkin_cmake_args': None, 'catkin_skip_building_tests': False, 'cmake_args': None, 'cmake_clean_cache': False, 'cmake_clean_first': False, 'cmake_force_configure': False, 'cmake_target': None, 'cmake_target_skip_unavailable': False, 'install_base': '/home/poom/ieee_ws/install/xicro_interfaces', 'merge_install': False, 'path': '/home/poom/ieee_ws/src/Xicro/xicro_interfaces', 'symlink_install': False, 'test_result_base': None}
[0.593s] Level 5:colcon.colcon_core.verb:set package 'xicro_pkg' build argument 'cmake_args' from command line to 'None'
[0.593s] Level 5:colcon.colcon_core.verb:set package 'xicro_pkg' build argument 'cmake_target' from command line to 'None'
[0.593s] Level 5:colcon.colcon_core.verb:set package 'xicro_pkg' build argument 'cmake_target_skip_unavailable' from command line to 'False'
[0.593s] Level 5:colcon.colcon_core.verb:set package 'xicro_pkg' build argument 'cmake_clean_cache' from command line to 'False'
[0.593s] Level 5:colcon.colcon_core.verb:set package 'xicro_pkg' build argument 'cmake_clean_first' from command line to 'False'
[0.593s] Level 5:colcon.colcon_core.verb:set package 'xicro_pkg' build argument 'cmake_force_configure' from command line to 'False'
[0.593s] Level 5:colcon.colcon_core.verb:set package 'xicro_pkg' build argument 'ament_cmake_args' from command line to 'None'
[0.593s] Level 5:colcon.colcon_core.verb:set package 'xicro_pkg' build argument 'catkin_cmake_args' from command line to 'None'
[0.593s] Level 5:colcon.colcon_core.verb:set package 'xicro_pkg' build argument 'catkin_skip_building_tests' from command line to 'False'
[0.593s] DEBUG:colcon.colcon_core.verb:Building package 'xicro_pkg' with the following arguments: {'ament_cmake_args': None, 'build_base': '/home/poom/ieee_ws/build/xicro_pkg', 'catkin_cmake_args': None, 'catkin_skip_building_tests': False, 'cmake_args': None, 'cmake_clean_cache': False, 'cmake_clean_first': False, 'cmake_force_configure': False, 'cmake_target': None, 'cmake_target_skip_unavailable': False, 'install_base': '/home/poom/ieee_ws/install/xicro_pkg', 'merge_install': False, 'path': '/home/poom/ieee_ws/src/Xicro/xicro_pkg', 'symlink_install': False, 'test_result_base': None}
[0.594s] INFO:colcon.colcon_core.executor:Executing jobs using 'parallel' executor
[0.599s] DEBUG:colcon.colcon_parallel_executor.executor.parallel:run_until_complete
[0.599s] INFO:colcon.colcon_ros.task.ament_python.build:Building ROS package in '/home/poom/ieee_ws/src/ieee_pkg' with build type 'ament_python'
[0.599s] Level 1:colcon.colcon_core.shell:create_environment_hook('ieee_pkg', 'ament_prefix_path')
[0.605s] INFO:colcon.colcon_core.plugin_system:Skipping extension 'colcon_core.shell.bat': Not used on non-Windows systems
[0.605s] INFO:colcon.colcon_core.shell:Creating environment hook '/home/poom/ieee_ws/install/ieee_pkg/share/ieee_pkg/hook/ament_prefix_path.ps1'
[0.606s] INFO:colcon.colcon_core.shell:Creating environment descriptor '/home/poom/ieee_ws/install/ieee_pkg/share/ieee_pkg/hook/ament_prefix_path.dsv'
[0.606s] INFO:colcon.colcon_core.shell:Creating environment hook '/home/poom/ieee_ws/install/ieee_pkg/share/ieee_pkg/hook/ament_prefix_path.sh'
[0.609s] INFO:colcon.colcon_core.shell:Skip shell extension 'powershell' for command environment: Not usable outside of PowerShell
[0.609s] DEBUG:colcon.colcon_core.shell:Skip shell extension 'dsv' for command environment
[0.617s] INFO:colcon.colcon_ros.task.ament_python.build:Building ROS package in '/home/poom/ieee_ws/src/webcam_pkg' with build type 'ament_python'
[0.617s] Level 1:colcon.colcon_core.shell:create_environment_hook('webcam_pkg', 'ament_prefix_path')
[0.619s] INFO:colcon.colcon_core.shell:Creating environment hook '/home/poom/ieee_ws/install/webcam_pkg/share/webcam_pkg/hook/ament_prefix_path.ps1'
[0.620s] INFO:colcon.colcon_core.shell:Creating environment descriptor '/home/poom/ieee_ws/install/webcam_pkg/share/webcam_pkg/hook/ament_prefix_path.dsv'
[0.621s] INFO:colcon.colcon_core.shell:Creating environment hook '/home/poom/ieee_ws/install/webcam_pkg/share/webcam_pkg/hook/ament_prefix_path.sh'
[0.623s] INFO:colcon.colcon_core.shell:Skip shell extension 'powershell' for command environment: Not usable outside of PowerShell
[0.623s] DEBUG:colcon.colcon_core.shell:Skip shell extension 'dsv' for command environment
[0.631s] INFO:colcon.colcon_ros.task.ament_cmake.build:Building ROS package in '/home/poom/ieee_ws/src/Xicro/xicro_interfaces' with build type 'ament_cmake'
[0.631s] INFO:colcon.colcon_cmake.task.cmake.build:Building CMake package in '/home/poom/ieee_ws/src/Xicro/xicro_interfaces'
[0.633s] INFO:colcon.colcon_core.shell:Skip shell extension 'powershell' for command environment: Not usable outside of PowerShell
[0.633s] DEBUG:colcon.colcon_core.shell:Skip shell extension 'dsv' for command environment
[0.641s] INFO:colcon.colcon_ros.task.ament_cmake.build:Building ROS package in '/home/poom/ieee_ws/src/Xicro/xicro_pkg' with build type 'ament_cmake'
[0.641s] INFO:colcon.colcon_cmake.task.cmake.build:Building CMake package in '/home/poom/ieee_ws/src/Xicro/xicro_pkg'
[0.643s] INFO:colcon.colcon_core.shell:Skip shell extension 'powershell' for command environment: Not usable outside of PowerShell
[0.643s] DEBUG:colcon.colcon_core.shell:Skip shell extension 'dsv' for command environment
[0.969s] INFO:colcon.colcon_core.task.python.build:Building Python package in '/home/poom/ieee_ws/src/ieee_pkg'
[0.971s] INFO:colcon.colcon_core.shell:Skip shell extension 'powershell' for command environment: Not usable outside of PowerShell
[0.971s] DEBUG:colcon.colcon_core.shell:Skip shell extension 'dsv' for command environment
[1.322s] INFO:colcon.colcon_core.task.python.build:Building Python package in '/home/poom/ieee_ws/src/webcam_pkg'
[1.325s] INFO:colcon.colcon_core.shell:Skip shell extension 'powershell' for command environment: Not usable outside of PowerShell
[1.325s] DEBUG:colcon.colcon_core.shell:Skip shell extension 'dsv' for command environment
[1.340s] DEBUG:colcon.colcon_core.event_handler.log_command:Invoking command in '/home/poom/ieee_ws/build/xicro_interfaces': CMAKE_PREFIX_PATH=${CMAKE_PREFIX_PATH}:/home/poom/ieee_ws/install/webcam_pkg:/home/poom/ieee_ws/install/ieee_pkg:/opt/ros/galactic /home/poom/.local/bin/cmake --build /home/poom/ieee_ws/build/xicro_interfaces -- -j12 -l12
[1.347s] DEBUG:colcon.colcon_core.event_handler.log_command:Invoking command in '/home/poom/ieee_ws/build/xicro_pkg': CMAKE_PREFIX_PATH=${CMAKE_PREFIX_PATH}:/home/poom/ieee_ws/install/webcam_pkg:/home/poom/ieee_ws/install/ieee_pkg:/opt/ros/galactic /home/poom/.local/bin/cmake --build /home/poom/ieee_ws/build/xicro_pkg -- -j12 -l12
[1.503s] DEBUG:colcon.colcon_core.event_handler.log_command:Invoked command in '/home/poom/ieee_ws/build/xicro_interfaces' returned '0': CMAKE_PREFIX_PATH=${CMAKE_PREFIX_PATH}:/home/poom/ieee_ws/install/webcam_pkg:/home/poom/ieee_ws/install/ieee_pkg:/opt/ros/galactic /home/poom/.local/bin/cmake --build /home/poom/ieee_ws/build/xicro_interfaces -- -j12 -l12
[1.638s] DEBUG:colcon.colcon_core.event_handler.log_command:Invoking command in '/home/poom/ieee_ws/build/xicro_interfaces': CMAKE_PREFIX_PATH=${CMAKE_PREFIX_PATH}:/home/poom/ieee_ws/install/webcam_pkg:/home/poom/ieee_ws/install/ieee_pkg:/opt/ros/galactic /home/poom/.local/bin/cmake --install /home/poom/ieee_ws/build/xicro_interfaces
[1.750s] Level 1:colcon.colcon_core.environment:create_environment_scripts_only(xicro_interfaces)
[1.758s] Level 1:colcon.colcon_core.environment:checking '/home/poom/ieee_ws/install/xicro_interfaces' for CMake module files
[1.759s] Level 1:colcon.colcon_core.environment:checking '/home/poom/ieee_ws/install/xicro_interfaces' for CMake config files
[1.759s] Level 1:colcon.colcon_core.shell:create_environment_hook('xicro_interfaces', 'cmake_prefix_path')
[1.762s] INFO:colcon.colcon_core.shell:Creating environment hook '/home/poom/ieee_ws/install/xicro_interfaces/share/xicro_interfaces/hook/cmake_prefix_path.ps1'
[1.762s] INFO:colcon.colcon_core.shell:Creating environment descriptor '/home/poom/ieee_ws/install/xicro_interfaces/share/xicro_interfaces/hook/cmake_prefix_path.dsv'
[1.763s] DEBUG:colcon.colcon_core.event_handler.log_command:Invoked command in '/home/poom/ieee_ws/build/xicro_interfaces' returned '0': CMAKE_PREFIX_PATH=${CMAKE_PREFIX_PATH}:/home/poom/ieee_ws/install/webcam_pkg:/home/poom/ieee_ws/install/ieee_pkg:/opt/ros/galactic /home/poom/.local/bin/cmake --install /home/poom/ieee_ws/build/xicro_interfaces
[1.764s] INFO:colcon.colcon_core.shell:Creating environment hook '/home/poom/ieee_ws/install/xicro_interfaces/share/xicro_interfaces/hook/cmake_prefix_path.sh'
[1.765s] Level 1:colcon.colcon_core.environment:checking '/home/poom/ieee_ws/install/xicro_interfaces/lib'
[1.765s] Level 1:colcon.colcon_core.shell:create_environment_hook('xicro_interfaces', 'ld_library_path_lib')
[1.768s] INFO:colcon.colcon_core.shell:Creating environment hook '/home/poom/ieee_ws/install/xicro_interfaces/share/xicro_interfaces/hook/ld_library_path_lib.ps1'
[1.768s] INFO:colcon.colcon_core.shell:Creating environment descriptor '/home/poom/ieee_ws/install/xicro_interfaces/share/xicro_interfaces/hook/ld_library_path_lib.dsv'
[1.769s] INFO:colcon.colcon_core.shell:Creating environment hook '/home/poom/ieee_ws/install/xicro_interfaces/share/xicro_interfaces/hook/ld_library_path_lib.sh'
[1.769s] Level 1:colcon.colcon_core.environment:checking '/home/poom/ieee_ws/install/xicro_interfaces/bin'
[1.769s] Level 1:colcon.colcon_core.environment:checking '/home/poom/ieee_ws/install/xicro_interfaces/lib/pkgconfig/xicro_interfaces.pc'
[1.769s] Level 1:colcon.colcon_core.environment:checking '/home/poom/ieee_ws/install/xicro_interfaces/lib/python3.8/site-packages'
[1.770s] Level 1:colcon.colcon_core.shell:create_environment_hook('xicro_interfaces', 'pythonpath')
[1.772s] INFO:colcon.colcon_core.shell:Creating environment hook '/home/poom/ieee_ws/install/xicro_interfaces/share/xicro_interfaces/hook/pythonpath.ps1'
[1.772s] INFO:colcon.colcon_core.shell:Creating environment descriptor '/home/poom/ieee_ws/install/xicro_interfaces/share/xicro_interfaces/hook/pythonpath.dsv'
[1.773s] INFO:colcon.colcon_core.shell:Creating environment hook '/home/poom/ieee_ws/install/xicro_interfaces/share/xicro_interfaces/hook/pythonpath.sh'
[1.773s] Level 1:colcon.colcon_core.environment:checking '/home/poom/ieee_ws/install/xicro_interfaces/bin'
[1.776s] INFO:colcon.colcon_core.shell:Creating package script '/home/poom/ieee_ws/install/xicro_interfaces/share/xicro_interfaces/package.ps1'
[1.777s] INFO:colcon.colcon_core.shell:Creating package descriptor '/home/poom/ieee_ws/install/xicro_interfaces/share/xicro_interfaces/package.dsv'
[1.778s] INFO:colcon.colcon_core.shell:Creating package script '/home/poom/ieee_ws/install/xicro_interfaces/share/xicro_interfaces/package.sh'
[1.779s] INFO:colcon.colcon_core.shell:Creating package script '/home/poom/ieee_ws/install/xicro_interfaces/share/xicro_interfaces/package.bash'
[1.780s] INFO:colcon.colcon_core.shell:Creating package script '/home/poom/ieee_ws/install/xicro_interfaces/share/xicro_interfaces/package.zsh'
[1.781s] Level 1:colcon.colcon_core.environment:create_file_with_runtime_dependencies(/home/poom/ieee_ws/install/xicro_interfaces/share/colcon-core/packages/xicro_interfaces)
[1.873s] Level 1:colcon.colcon_core.environment:create_environment_scripts_only(xicro_interfaces)
[1.878s] Level 1:colcon.colcon_core.environment:checking '/home/poom/ieee_ws/install/xicro_interfaces' for CMake module files
[1.879s] Level 1:colcon.colcon_core.environment:checking '/home/poom/ieee_ws/install/xicro_interfaces' for CMake config files
[1.880s] Level 1:colcon.colcon_core.shell:create_environment_hook('xicro_interfaces', 'cmake_prefix_path')
[1.882s] INFO:colcon.colcon_core.shell:Creating environment hook '/home/poom/ieee_ws/install/xicro_interfaces/share/xicro_interfaces/hook/cmake_prefix_path.ps1'
[1.882s] INFO:colcon.colcon_core.shell:Creating environment descriptor '/home/poom/ieee_ws/install/xicro_interfaces/share/xicro_interfaces/hook/cmake_prefix_path.dsv'
[1.883s] INFO:colcon.colcon_core.shell:Creating environment hook '/home/poom/ieee_ws/install/xicro_interfaces/share/xicro_interfaces/hook/cmake_prefix_path.sh'
[1.883s] Level 1:colcon.colcon_core.environment:checking '/home/poom/ieee_ws/install/xicro_interfaces/lib'
[1.884s] Level 1:colcon.colcon_core.shell:create_environment_hook('xicro_interfaces', 'ld_library_path_lib')
[1.886s] INFO:colcon.colcon_core.shell:Creating environment hook '/home/poom/ieee_ws/install/xicro_interfaces/share/xicro_interfaces/hook/ld_library_path_lib.ps1'
[1.886s] INFO:colcon.colcon_core.shell:Creating environment descriptor '/home/poom/ieee_ws/install/xicro_interfaces/share/xicro_interfaces/hook/ld_library_path_lib.dsv'
[1.886s] INFO:colcon.colcon_core.shell:Creating environment hook '/home/poom/ieee_ws/install/xicro_interfaces/share/xicro_interfaces/hook/ld_library_path_lib.sh'
[1.887s] Level 1:colcon.colcon_core.environment:checking '/home/poom/ieee_ws/install/xicro_interfaces/bin'
[1.887s] Level 1:colcon.colcon_core.environment:checking '/home/poom/ieee_ws/install/xicro_interfaces/lib/pkgconfig/xicro_interfaces.pc'
[1.887s] Level 1:colcon.colcon_core.environment:checking '/home/poom/ieee_ws/install/xicro_interfaces/lib/python3.8/site-packages'
[1.887s] Level 1:colcon.colcon_core.shell:create_environment_hook('xicro_interfaces', 'pythonpath')
[1.889s] INFO:colcon.colcon_core.shell:Creating environment hook '/home/poom/ieee_ws/install/xicro_interfaces/share/xicro_interfaces/hook/pythonpath.ps1'
[1.890s] INFO:colcon.colcon_core.shell:Creating environment descriptor '/home/poom/ieee_ws/install/xicro_interfaces/share/xicro_interfaces/hook/pythonpath.dsv'
[1.890s] INFO:colcon.colcon_core.shell:Creating environment hook '/home/poom/ieee_ws/install/xicro_interfaces/share/xicro_interfaces/hook/pythonpath.sh'
[1.891s] Level 1:colcon.colcon_core.environment:checking '/home/poom/ieee_ws/install/xicro_interfaces/bin'
[1.893s] INFO:colcon.colcon_core.shell:Creating package script '/home/poom/ieee_ws/install/xicro_interfaces/share/xicro_interfaces/package.ps1'
[1.894s] INFO:colcon.colcon_core.shell:Creating package descriptor '/home/poom/ieee_ws/install/xicro_interfaces/share/xicro_interfaces/package.dsv'
[1.895s] INFO:colcon.colcon_core.shell:Creating package script '/home/poom/ieee_ws/install/xicro_interfaces/share/xicro_interfaces/package.sh'
[1.895s] INFO:colcon.colcon_core.shell:Creating package script '/home/poom/ieee_ws/install/xicro_interfaces/share/xicro_interfaces/package.bash'
[1.896s] INFO:colcon.colcon_core.shell:Creating package script '/home/poom/ieee_ws/install/xicro_interfaces/share/xicro_interfaces/package.zsh'
[1.896s] Level 1:colcon.colcon_core.environment:create_file_with_runtime_dependencies(/home/poom/ieee_ws/install/xicro_interfaces/share/colcon-core/packages/xicro_interfaces)
[1.914s] DEBUG:colcon.colcon_core.event_handler.log_command:Invoked command in '/home/poom/ieee_ws/build/xicro_pkg' returned '0': CMAKE_PREFIX_PATH=${CMAKE_PREFIX_PATH}:/home/poom/ieee_ws/install/webcam_pkg:/home/poom/ieee_ws/install/ieee_pkg:/opt/ros/galactic /home/poom/.local/bin/cmake --build /home/poom/ieee_ws/build/xicro_pkg -- -j12 -l12
[1.971s] DEBUG:colcon.colcon_core.event_handler.log_command:Invoking command in '/home/poom/ieee_ws/build/xicro_pkg': CMAKE_PREFIX_PATH=${CMAKE_PREFIX_PATH}:/home/poom/ieee_ws/install/webcam_pkg:/home/poom/ieee_ws/install/ieee_pkg:/opt/ros/galactic /home/poom/.local/bin/cmake --install /home/poom/ieee_ws/build/xicro_pkg
[2.020s] DEBUG:colcon.colcon_core.event_handler.log_command:Invoking command in '/home/poom/ieee_ws/src/ieee_pkg': PYTHONPATH=/home/poom/ieee_ws/build/ieee_pkg/prefix_override:/home/poom/ieee_ws/install/ieee_pkg/lib/python3.8/site-packages:${PYTHONPATH} /usr/bin/python3 setup.py egg_info --egg-base ../../build/ieee_pkg build --build-base /home/poom/ieee_ws/build/ieee_pkg/build install --record /home/poom/ieee_ws/build/ieee_pkg/install.log --single-version-externally-managed
[2.058s] Level 1:colcon.colcon_core.environment:create_environment_scripts_only(xicro_pkg)
[2.062s] Level 1:colcon.colcon_core.environment:checking '/home/poom/ieee_ws/install/xicro_pkg' for CMake module files
[2.063s] DEBUG:colcon.colcon_core.event_handler.log_command:Invoked command in '/home/poom/ieee_ws/build/xicro_pkg' returned '0': CMAKE_PREFIX_PATH=${CMAKE_PREFIX_PATH}:/home/poom/ieee_ws/install/webcam_pkg:/home/poom/ieee_ws/install/ieee_pkg:/opt/ros/galactic /home/poom/.local/bin/cmake --install /home/poom/ieee_ws/build/xicro_pkg
[2.064s] Level 1:colcon.colcon_core.environment:checking '/home/poom/ieee_ws/install/xicro_pkg' for CMake config files
[2.064s] Level 1:colcon.colcon_core.shell:create_environment_hook('xicro_pkg', 'cmake_prefix_path')
[2.066s] INFO:colcon.colcon_core.shell:Creating environment hook '/home/poom/ieee_ws/install/xicro_pkg/share/xicro_pkg/hook/cmake_prefix_path.ps1'
[2.067s] INFO:colcon.colcon_core.shell:Creating environment descriptor '/home/poom/ieee_ws/install/xicro_pkg/share/xicro_pkg/hook/cmake_prefix_path.dsv'
[2.068s] INFO:colcon.colcon_core.shell:Creating environment hook '/home/poom/ieee_ws/install/xicro_pkg/share/xicro_pkg/hook/cmake_prefix_path.sh'
[2.068s] Level 1:colcon.colcon_core.environment:checking '/home/poom/ieee_ws/install/xicro_pkg/lib'
[2.068s] Level 1:colcon.colcon_core.environment:checking '/home/poom/ieee_ws/install/xicro_pkg/bin'
[2.068s] Level 1:colcon.colcon_core.environment:checking '/home/poom/ieee_ws/install/xicro_pkg/lib/pkgconfig/xicro_pkg.pc'
[2.069s] Level 1:colcon.colcon_core.environment:checking '/home/poom/ieee_ws/install/xicro_pkg/lib/python3.8/site-packages'
[2.069s] Level 1:colcon.colcon_core.shell:create_environment_hook('xicro_pkg', 'pythonpath')
[2.071s] INFO:colcon.colcon_core.shell:Creating environment hook '/home/poom/ieee_ws/install/xicro_pkg/share/xicro_pkg/hook/pythonpath.ps1'
[2.071s] INFO:colcon.colcon_core.shell:Creating environment descriptor '/home/poom/ieee_ws/install/xicro_pkg/share/xicro_pkg/hook/pythonpath.dsv'
[2.072s] INFO:colcon.colcon_core.shell:Creating environment hook '/home/poom/ieee_ws/install/xicro_pkg/share/xicro_pkg/hook/pythonpath.sh'
[2.072s] Level 1:colcon.colcon_core.environment:checking '/home/poom/ieee_ws/install/xicro_pkg/bin'
[2.075s] INFO:colcon.colcon_core.shell:Creating package script '/home/poom/ieee_ws/install/xicro_pkg/share/xicro_pkg/package.ps1'
[2.076s] INFO:colcon.colcon_core.shell:Creating package descriptor '/home/poom/ieee_ws/install/xicro_pkg/share/xicro_pkg/package.dsv'
[2.076s] INFO:colcon.colcon_core.shell:Creating package script '/home/poom/ieee_ws/install/xicro_pkg/share/xicro_pkg/package.sh'
[2.077s] INFO:colcon.colcon_core.shell:Creating package script '/home/poom/ieee_ws/install/xicro_pkg/share/xicro_pkg/package.bash'
[2.077s] INFO:colcon.colcon_core.shell:Creating package script '/home/poom/ieee_ws/install/xicro_pkg/share/xicro_pkg/package.zsh'
[2.077s] Level 1:colcon.colcon_core.environment:create_file_with_runtime_dependencies(/home/poom/ieee_ws/install/xicro_pkg/share/colcon-core/packages/xicro_pkg)
[2.088s] DEBUG:colcon.colcon_core.event_handler.log_command:Invoking command in '/home/poom/ieee_ws/src/webcam_pkg': PYTHONPATH=/home/poom/ieee_ws/build/webcam_pkg/prefix_override:/home/poom/ieee_ws/install/webcam_pkg/lib/python3.8/site-packages:${PYTHONPATH} /usr/bin/python3 setup.py egg_info --egg-base ../../build/webcam_pkg build --build-base /home/poom/ieee_ws/build/webcam_pkg/build install --record /home/poom/ieee_ws/build/webcam_pkg/install.log --single-version-externally-managed
[2.133s] Level 1:colcon.colcon_core.environment:create_environment_scripts_only(xicro_pkg)
[2.136s] Level 1:colcon.colcon_core.environment:checking '/home/poom/ieee_ws/install/xicro_pkg' for CMake module files
[2.137s] Level 1:colcon.colcon_core.environment:checking '/home/poom/ieee_ws/install/xicro_pkg' for CMake config files
[2.138s] Level 1:colcon.colcon_core.shell:create_environment_hook('xicro_pkg', 'cmake_prefix_path')
[2.140s] INFO:colcon.colcon_core.shell:Creating environment hook '/home/poom/ieee_ws/install/xicro_pkg/share/xicro_pkg/hook/cmake_prefix_path.ps1'
[2.140s] INFO:colcon.colcon_core.shell:Creating environment descriptor '/home/poom/ieee_ws/install/xicro_pkg/share/xicro_pkg/hook/cmake_prefix_path.dsv'
[2.141s] INFO:colcon.colcon_core.shell:Creating environment hook '/home/poom/ieee_ws/install/xicro_pkg/share/xicro_pkg/hook/cmake_prefix_path.sh'
[2.142s] Level 1:colcon.colcon_core.environment:checking '/home/poom/ieee_ws/install/xicro_pkg/lib'
[2.142s] Level 1:colcon.colcon_core.environment:checking '/home/poom/ieee_ws/install/xicro_pkg/bin'
[2.142s] Level 1:colcon.colcon_core.environment:checking '/home/poom/ieee_ws/install/xicro_pkg/lib/pkgconfig/xicro_pkg.pc'
[2.142s] Level 1:colcon.colcon_core.environment:checking '/home/poom/ieee_ws/install/xicro_pkg/lib/python3.8/site-packages'
[2.142s] Level 1:colcon.colcon_core.shell:create_environment_hook('xicro_pkg', 'pythonpath')
[2.146s] INFO:colcon.colcon_core.shell:Creating environment hook '/home/poom/ieee_ws/install/xicro_pkg/share/xicro_pkg/hook/pythonpath.ps1'
[2.147s] INFO:colcon.colcon_core.shell:Creating environment descriptor '/home/poom/ieee_ws/install/xicro_pkg/share/xicro_pkg/hook/pythonpath.dsv'
[2.147s] INFO:colcon.colcon_core.shell:Creating environment hook '/home/poom/ieee_ws/install/xicro_pkg/share/xicro_pkg/hook/pythonpath.sh'
[2.148s] Level 1:colcon.colcon_core.environment:checking '/home/poom/ieee_ws/install/xicro_pkg/bin'
[2.150s] INFO:colcon.colcon_core.shell:Creating package script '/home/poom/ieee_ws/install/xicro_pkg/share/xicro_pkg/package.ps1'
[2.151s] INFO:colcon.colcon_core.shell:Creating package descriptor '/home/poom/ieee_ws/install/xicro_pkg/share/xicro_pkg/package.dsv'
[2.152s] INFO:colcon.colcon_core.shell:Creating package script '/home/poom/ieee_ws/install/xicro_pkg/share/xicro_pkg/package.sh'
[2.152s] INFO:colcon.colcon_core.shell:Creating package script '/home/poom/ieee_ws/install/xicro_pkg/share/xicro_pkg/package.bash'
[2.153s] INFO:colcon.colcon_core.shell:Creating package script '/home/poom/ieee_ws/install/xicro_pkg/share/xicro_pkg/package.zsh'
[2.153s] Level 1:colcon.colcon_core.environment:create_file_with_runtime_dependencies(/home/poom/ieee_ws/install/xicro_pkg/share/colcon-core/packages/xicro_pkg)
[2.465s] Level 1:colcon.colcon_core.environment:checking '/home/poom/ieee_ws/install/ieee_pkg' for CMake module files
[2.465s] DEBUG:colcon.colcon_core.event_handler.log_command:Invoked command in '/home/poom/ieee_ws/src/ieee_pkg' returned '0': PYTHONPATH=/home/poom/ieee_ws/build/ieee_pkg/prefix_override:/home/poom/ieee_ws/install/ieee_pkg/lib/python3.8/site-packages:${PYTHONPATH} /usr/bin/python3 setup.py egg_info --egg-base ../../build/ieee_pkg build --build-base /home/poom/ieee_ws/build/ieee_pkg/build install --record /home/poom/ieee_ws/build/ieee_pkg/install.log --single-version-externally-managed
[2.466s] Level 1:colcon.colcon_core.environment:checking '/home/poom/ieee_ws/install/ieee_pkg' for CMake config files
[2.466s] Level 1:colcon.colcon_core.environment:checking '/home/poom/ieee_ws/install/ieee_pkg/lib'
[2.466s] Level 1:colcon.colcon_core.environment:checking '/home/poom/ieee_ws/install/ieee_pkg/bin'
[2.466s] Level 1:colcon.colcon_core.environment:checking '/home/poom/ieee_ws/install/ieee_pkg/lib/pkgconfig/ieee_pkg.pc'
[2.466s] Level 1:colcon.colcon_core.environment:checking '/home/poom/ieee_ws/install/ieee_pkg/lib/python3.8/site-packages'
[2.466s] Level 1:colcon.colcon_core.shell:create_environment_hook('ieee_pkg', 'pythonpath')
[2.468s] INFO:colcon.colcon_core.shell:Creating environment hook '/home/poom/ieee_ws/install/ieee_pkg/share/ieee_pkg/hook/pythonpath.ps1'
[2.469s] INFO:colcon.colcon_core.shell:Creating environment descriptor '/home/poom/ieee_ws/install/ieee_pkg/share/ieee_pkg/hook/pythonpath.dsv'
[2.469s] INFO:colcon.colcon_core.shell:Creating environment hook '/home/poom/ieee_ws/install/ieee_pkg/share/ieee_pkg/hook/pythonpath.sh'
[2.469s] Level 1:colcon.colcon_core.environment:checking '/home/poom/ieee_ws/install/ieee_pkg/bin'
[2.470s] Level 1:colcon.colcon_core.environment:create_environment_scripts_only(ieee_pkg)
[2.472s] INFO:colcon.colcon_core.shell:Creating package script '/home/poom/ieee_ws/install/ieee_pkg/share/ieee_pkg/package.ps1'
[2.472s] INFO:colcon.colcon_core.shell:Creating package descriptor '/home/poom/ieee_ws/install/ieee_pkg/share/ieee_pkg/package.dsv'
[2.473s] INFO:colcon.colcon_core.shell:Creating package script '/home/poom/ieee_ws/install/ieee_pkg/share/ieee_pkg/package.sh'
[2.473s] INFO:colcon.colcon_core.shell:Creating package script '/home/poom/ieee_ws/install/ieee_pkg/share/ieee_pkg/package.bash'
[2.473s] INFO:colcon.colcon_core.shell:Creating package script '/home/poom/ieee_ws/install/ieee_pkg/share/ieee_pkg/package.zsh'
[2.474s] Level 1:colcon.colcon_core.environment:create_file_with_runtime_dependencies(/home/poom/ieee_ws/install/ieee_pkg/share/colcon-core/packages/ieee_pkg)
[2.549s] Level 1:colcon.colcon_core.environment:checking '/home/poom/ieee_ws/install/webcam_pkg' for CMake module files
[2.550s] DEBUG:colcon.colcon_core.event_handler.log_command:Invoked command in '/home/poom/ieee_ws/src/webcam_pkg' returned '0': PYTHONPATH=/home/poom/ieee_ws/build/webcam_pkg/prefix_override:/home/poom/ieee_ws/install/webcam_pkg/lib/python3.8/site-packages:${PYTHONPATH} /usr/bin/python3 setup.py egg_info --egg-base ../../build/webcam_pkg build --build-base /home/poom/ieee_ws/build/webcam_pkg/build install --record /home/poom/ieee_ws/build/webcam_pkg/install.log --single-version-externally-managed
[2.550s] Level 1:colcon.colcon_core.environment:checking '/home/poom/ieee_ws/install/webcam_pkg' for CMake config files
[2.551s] Level 1:colcon.colcon_core.environment:checking '/home/poom/ieee_ws/install/webcam_pkg/lib'
[2.551s] Level 1:colcon.colcon_core.environment:checking '/home/poom/ieee_ws/install/webcam_pkg/bin'
[2.551s] Level 1:colcon.colcon_core.environment:checking '/home/poom/ieee_ws/install/webcam_pkg/lib/pkgconfig/webcam_pkg.pc'
[2.551s] Level 1:colcon.colcon_core.environment:checking '/home/poom/ieee_ws/install/webcam_pkg/lib/python3.8/site-packages'
[2.551s] Level 1:colcon.colcon_core.shell:create_environment_hook('webcam_pkg', 'pythonpath')
[2.553s] INFO:colcon.colcon_core.shell:Creating environment hook '/home/poom/ieee_ws/install/webcam_pkg/share/webcam_pkg/hook/pythonpath.ps1'
[2.554s] INFO:colcon.colcon_core.shell:Creating environment descriptor '/home/poom/ieee_ws/install/webcam_pkg/share/webcam_pkg/hook/pythonpath.dsv'
[2.554s] INFO:colcon.colcon_core.shell:Creating environment hook '/home/poom/ieee_ws/install/webcam_pkg/share/webcam_pkg/hook/pythonpath.sh'
[2.554s] Level 1:colcon.colcon_core.environment:checking '/home/poom/ieee_ws/install/webcam_pkg/bin'
[2.554s] Level 1:colcon.colcon_core.environment:create_environment_scripts_only(webcam_pkg)
[2.557s] INFO:colcon.colcon_core.shell:Creating package script '/home/poom/ieee_ws/install/webcam_pkg/share/webcam_pkg/package.ps1'
[2.557s] INFO:colcon.colcon_core.shell:Creating package descriptor '/home/poom/ieee_ws/install/webcam_pkg/share/webcam_pkg/package.dsv'
[2.558s] INFO:colcon.colcon_core.shell:Creating package script '/home/poom/ieee_ws/install/webcam_pkg/share/webcam_pkg/package.sh'
[2.558s] INFO:colcon.colcon_core.shell:Creating package script '/home/poom/ieee_ws/install/webcam_pkg/share/webcam_pkg/package.bash'
[2.559s] INFO:colcon.colcon_core.shell:Creating package script '/home/poom/ieee_ws/install/webcam_pkg/share/webcam_pkg/package.zsh'
[2.559s] Level 1:colcon.colcon_core.environment:create_file_with_runtime_dependencies(/home/poom/ieee_ws/install/webcam_pkg/share/colcon-core/packages/webcam_pkg)
[2.559s] DEBUG:colcon.colcon_parallel_executor.executor.parallel:closing loop
[2.560s] DEBUG:colcon.colcon_parallel_executor.executor.parallel:loop closed
[2.560s] DEBUG:colcon.colcon_parallel_executor.executor.parallel:run_until_complete finished with '0'
[2.560s] DEBUG:colcon.colcon_core.event_reactor:joining thread
[2.568s] INFO:colcon.colcon_core.plugin_system:Skipping extension 'colcon_notification.desktop_notification.terminal_notifier': Not used on non-Darwin systems
[2.568s] INFO:colcon.colcon_core.plugin_system:Skipping extension 'colcon_notification.desktop_notification.win32': Not used on non-Windows systems
[2.568s] INFO:colcon.colcon_notification.desktop_notification:Sending desktop notification using 'notify2'
[2.591s] DEBUG:colcon.colcon_core.event_reactor:joined thread
[2.594s] INFO:colcon.colcon_core.shell:Creating prefix script '/home/poom/ieee_ws/install/local_setup.ps1'
[2.595s] INFO:colcon.colcon_core.shell:Creating prefix util module '/home/poom/ieee_ws/install/_local_setup_util_ps1.py'
[2.597s] INFO:colcon.colcon_core.shell:Creating prefix chain script '/home/poom/ieee_ws/install/setup.ps1'
[2.599s] INFO:colcon.colcon_core.shell:Creating prefix script '/home/poom/ieee_ws/install/local_setup.sh'
[2.599s] INFO:colcon.colcon_core.shell:Creating prefix util module '/home/poom/ieee_ws/install/_local_setup_util_sh.py'
[2.600s] INFO:colcon.colcon_core.shell:Creating prefix chain script '/home/poom/ieee_ws/install/setup.sh'
[2.601s] INFO:colcon.colcon_core.shell:Creating prefix script '/home/poom/ieee_ws/install/local_setup.bash'
[2.602s] INFO:colcon.colcon_core.shell:Creating prefix chain script '/home/poom/ieee_ws/install/setup.bash'
[2.604s] INFO:colcon.colcon_core.shell:Creating prefix script '/home/poom/ieee_ws/install/local_setup.zsh'
[2.604s] INFO:colcon.colcon_core.shell:Creating prefix chain script '/home/poom/ieee_ws/install/setup.zsh'
