[1.147s] Invoking command in '/home/poom/ieee_ws/src/ieee_pkg': PYTHONPATH=/home/poom/ieee_ws/build/ieee_pkg/prefix_override:/home/poom/ieee_ws/install/ieee_pkg/lib/python3.8/site-packages:${PYTHONPATH} /usr/bin/python3 setup.py egg_info --egg-base ../../build/ieee_pkg build --build-base /home/poom/ieee_ws/build/ieee_pkg/build install --record /home/poom/ieee_ws/build/ieee_pkg/install.log --single-version-externally-managed
[1.339s] running egg_info
[1.339s] writing ../../build/ieee_pkg/ieee_pkg.egg-info/PKG-INFO
[1.348s] writing dependency_links to ../../build/ieee_pkg/ieee_pkg.egg-info/dependency_links.txt
[1.349s] writing entry points to ../../build/ieee_pkg/ieee_pkg.egg-info/entry_points.txt
[1.349s] writing requirements to ../../build/ieee_pkg/ieee_pkg.egg-info/requires.txt
[1.349s] writing top-level names to ../../build/ieee_pkg/ieee_pkg.egg-info/top_level.txt
[1.376s] reading manifest file '../../build/ieee_pkg/ieee_pkg.egg-info/SOURCES.txt'
[1.376s] writing manifest file '../../build/ieee_pkg/ieee_pkg.egg-info/SOURCES.txt'
[1.376s] running build
[1.377s] running build_py
[1.377s] copying ieee_pkg/control.py -> /home/poom/ieee_ws/build/ieee_pkg/build/lib/ieee_pkg
[1.377s] copying ieee_pkg/imu.py -> /home/poom/ieee_ws/build/ieee_pkg/build/lib/ieee_pkg
[1.378s] copying ieee_pkg/robot_core.py -> /home/poom/ieee_ws/build/ieee_pkg/build/lib/ieee_pkg
[1.378s] running install
[1.379s] running install_lib
[1.379s] copying /home/poom/ieee_ws/build/ieee_pkg/build/lib/ieee_pkg/control.py -> /home/poom/ieee_ws/install/ieee_pkg/lib/python3.8/site-packages/ieee_pkg
[1.379s] copying /home/poom/ieee_ws/build/ieee_pkg/build/lib/ieee_pkg/imu.py -> /home/poom/ieee_ws/install/ieee_pkg/lib/python3.8/site-packages/ieee_pkg
[1.380s] copying /home/poom/ieee_ws/build/ieee_pkg/build/lib/ieee_pkg/robot_core.py -> /home/poom/ieee_ws/install/ieee_pkg/lib/python3.8/site-packages/ieee_pkg
[1.380s] byte-compiling /home/poom/ieee_ws/install/ieee_pkg/lib/python3.8/site-packages/ieee_pkg/control.py to control.cpython-38.pyc
[1.381s] byte-compiling /home/poom/ieee_ws/install/ieee_pkg/lib/python3.8/site-packages/ieee_pkg/imu.py to imu.cpython-38.pyc
[1.382s] byte-compiling /home/poom/ieee_ws/install/ieee_pkg/lib/python3.8/site-packages/ieee_pkg/robot_core.py to robot_core.cpython-38.pyc
[1.383s] running install_data
[1.384s] copying launch/ieee_launch.launch.py -> /home/poom/ieee_ws/install/ieee_pkg/share/ieee_pkg
[1.384s] running install_egg_info
[1.385s] removing '/home/poom/ieee_ws/install/ieee_pkg/lib/python3.8/site-packages/ieee_pkg-0.0.0-py3.8.egg-info' (and everything under it)
[1.385s] Copying ../../build/ieee_pkg/ieee_pkg.egg-info to /home/poom/ieee_ws/install/ieee_pkg/lib/python3.8/site-packages/ieee_pkg-0.0.0-py3.8.egg-info
[1.386s] running install_scripts
[1.397s] Installing camera_node script to /home/poom/ieee_ws/install/ieee_pkg/lib/ieee_pkg
[1.397s] Installing control_node script to /home/poom/ieee_ws/install/ieee_pkg/lib/ieee_pkg
[1.398s] Installing imu_node script to /home/poom/ieee_ws/install/ieee_pkg/lib/ieee_pkg
[1.398s] Installing robot_core_node script to /home/poom/ieee_ws/install/ieee_pkg/lib/ieee_pkg
[1.398s] writing list of installed files to '/home/poom/ieee_ws/build/ieee_pkg/install.log'
[1.415s] Invoked command in '/home/poom/ieee_ws/src/ieee_pkg' returned '0': PYTHONPATH=/home/poom/ieee_ws/build/ieee_pkg/prefix_override:/home/poom/ieee_ws/install/ieee_pkg/lib/python3.8/site-packages:${PYTHONPATH} /usr/bin/python3 setup.py egg_info --egg-base ../../build/ieee_pkg build --build-base /home/poom/ieee_ws/build/ieee_pkg/build install --record /home/poom/ieee_ws/build/ieee_pkg/install.log --single-version-externally-managed
