[0.784s] Invoking command in '/home/poom/ieee_ws/src/ieee_pkg': PYTHONPATH=/home/poom/ieee_ws/build/ieee_pkg/prefix_override:/home/poom/ieee_ws/install/ieee_pkg/lib/python3.8/site-packages:${PYTHONPATH} /usr/bin/python3 setup.py egg_info --egg-base ../../build/ieee_pkg build --build-base /home/poom/ieee_ws/build/ieee_pkg/build install --record /home/poom/ieee_ws/build/ieee_pkg/install.log --single-version-externally-managed
[0.984s] running egg_info
[0.984s] creating ../../build/ieee_pkg/ieee_pkg.egg-info
[0.984s] writing ../../build/ieee_pkg/ieee_pkg.egg-info/PKG-INFO
[0.985s] writing dependency_links to ../../build/ieee_pkg/ieee_pkg.egg-info/dependency_links.txt
[0.985s] writing entry points to ../../build/ieee_pkg/ieee_pkg.egg-info/entry_points.txt
[0.985s] writing requirements to ../../build/ieee_pkg/ieee_pkg.egg-info/requires.txt
[0.985s] writing top-level names to ../../build/ieee_pkg/ieee_pkg.egg-info/top_level.txt
[0.986s] writing manifest file '../../build/ieee_pkg/ieee_pkg.egg-info/SOURCES.txt'
[1.010s] reading manifest file '../../build/ieee_pkg/ieee_pkg.egg-info/SOURCES.txt'
[1.011s] writing manifest file '../../build/ieee_pkg/ieee_pkg.egg-info/SOURCES.txt'
[1.011s] running build
[1.011s] running build_py
[1.011s] creating /home/poom/ieee_ws/build/ieee_pkg/build
[1.011s] creating /home/poom/ieee_ws/build/ieee_pkg/build/lib
[1.011s] creating /home/poom/ieee_ws/build/ieee_pkg/build/lib/ieee_pkg
[1.011s] copying ieee_pkg/__init__.py -> /home/poom/ieee_ws/build/ieee_pkg/build/lib/ieee_pkg
[1.012s] copying ieee_pkg/PID_node.py -> /home/poom/ieee_ws/build/ieee_pkg/build/lib/ieee_pkg
[1.012s] copying ieee_pkg/control_ieee_node.py -> /home/poom/ieee_ws/build/ieee_pkg/build/lib/ieee_pkg
[1.013s] running install
[1.014s] running install_lib
[1.014s] creating /home/poom/ieee_ws/install/ieee_pkg/lib/python3.8/site-packages/ieee_pkg
[1.015s] copying /home/poom/ieee_ws/build/ieee_pkg/build/lib/ieee_pkg/__init__.py -> /home/poom/ieee_ws/install/ieee_pkg/lib/python3.8/site-packages/ieee_pkg
[1.015s] copying /home/poom/ieee_ws/build/ieee_pkg/build/lib/ieee_pkg/PID_node.py -> /home/poom/ieee_ws/install/ieee_pkg/lib/python3.8/site-packages/ieee_pkg
[1.015s] copying /home/poom/ieee_ws/build/ieee_pkg/build/lib/ieee_pkg/control_ieee_node.py -> /home/poom/ieee_ws/install/ieee_pkg/lib/python3.8/site-packages/ieee_pkg
[1.015s] byte-compiling /home/poom/ieee_ws/install/ieee_pkg/lib/python3.8/site-packages/ieee_pkg/__init__.py to __init__.cpython-38.pyc
[1.016s] byte-compiling /home/poom/ieee_ws/install/ieee_pkg/lib/python3.8/site-packages/ieee_pkg/PID_node.py to PID_node.cpython-38.pyc
[1.016s] byte-compiling /home/poom/ieee_ws/install/ieee_pkg/lib/python3.8/site-packages/ieee_pkg/control_ieee_node.py to control_ieee_node.cpython-38.pyc
[1.016s] running install_data
[1.017s] creating /home/poom/ieee_ws/install/ieee_pkg/share/ament_index
[1.017s] creating /home/poom/ieee_ws/install/ieee_pkg/share/ament_index/resource_index
[1.017s] creating /home/poom/ieee_ws/install/ieee_pkg/share/ament_index/resource_index/packages
[1.017s] copying resource/ieee_pkg -> /home/poom/ieee_ws/install/ieee_pkg/share/ament_index/resource_index/packages
[1.017s] copying package.xml -> /home/poom/ieee_ws/install/ieee_pkg/share/ieee_pkg
[1.017s] creating /home/poom/ieee_ws/install/ieee_pkg/share/ieee_pkg/launch
[1.017s] copying launch/ieee.launch.py -> /home/poom/ieee_ws/install/ieee_pkg/share/ieee_pkg/launch
[1.017s] running install_egg_info
[1.019s] Copying ../../build/ieee_pkg/ieee_pkg.egg-info to /home/poom/ieee_ws/install/ieee_pkg/lib/python3.8/site-packages/ieee_pkg-0.0.0-py3.8.egg-info
[1.019s] running install_scripts
[1.032s] Installing PID_node script to /home/poom/ieee_ws/install/ieee_pkg/lib/ieee_pkg
[1.032s] Installing control_ieee_node script to /home/poom/ieee_ws/install/ieee_pkg/lib/ieee_pkg
[1.032s] writing list of installed files to '/home/poom/ieee_ws/build/ieee_pkg/install.log'
[1.052s] Invoked command in '/home/poom/ieee_ws/src/ieee_pkg' returned '0': PYTHONPATH=/home/poom/ieee_ws/build/ieee_pkg/prefix_override:/home/poom/ieee_ws/install/ieee_pkg/lib/python3.8/site-packages:${PYTHONPATH} /usr/bin/python3 setup.py egg_info --egg-base ../../build/ieee_pkg build --build-base /home/poom/ieee_ws/build/ieee_pkg/build install --record /home/poom/ieee_ws/build/ieee_pkg/install.log --single-version-externally-managed
