[0.421s] Invoking command in '/home/poom/ieee_ws/build/xicro_pkg': CMAKE_PREFIX_PATH=${CMAKE_PREFIX_PATH}:/home/poom/ieee_ws/install/webcam_pkg:/home/poom/ieee_ws/install/ieee_pkg:/home/poom/ieee_ws/install/cam_pkg:/opt/ros/galactic /home/poom/.local/bin/cmake --build /home/poom/ieee_ws/build/xicro_pkg -- -j12 -l12
[0.447s] -- Found ament_cmake: 1.1.6 (/opt/ros/galactic/share/ament_cmake/cmake)
[0.465s] -- Using PYTHON_EXECUTABLE: /usr/bin/python3
[0.513s] -- Found rclcpp: 9.2.2 (/opt/ros/galactic/share/rclcpp/cmake)
[0.542s] -- Using all available rosidl_typesupport_c: rosidl_typesupport_fastrtps_c;rosidl_typesupport_introspection_c
[0.544s] -- Found rosidl_adapter: 2.2.3 (/opt/ros/galactic/share/rosidl_adapter/cmake)
[0.639s] -- Using all available rosidl_typesupport_cpp: rosidl_typesupport_fastrtps_cpp;rosidl_typesupport_introspection_cpp
[0.677s] -- Found rmw_implementation_cmake: 3.3.1 (/opt/ros/galactic/share/rmw_implementation_cmake/cmake)
[0.678s] -- Found rmw_cyclonedds_cpp: 0.22.6 (/opt/ros/galactic/share/rmw_cyclonedds_cpp/cmake)
[0.692s] -- Using RMW implementation 'rmw_cyclonedds_cpp' as default
[0.795s] -- Found rclpy: 1.9.3 (/opt/ros/galactic/share/rclpy/cmake)
[0.878s] -- Configuring done (0.4s)
[0.882s] -- Generating done (0.0s)
[0.883s] -- Build files have been written to: /home/poom/ieee_ws/build/xicro_pkg
[0.896s] Built target ament_cmake_python_copy_xicro_pkg
[1.085s] running egg_info
[1.085s] writing xicro_pkg.egg-info/PKG-INFO
[1.085s] writing dependency_links to xicro_pkg.egg-info/dependency_links.txt
[1.086s] writing top-level names to xicro_pkg.egg-info/top_level.txt
[1.109s] reading manifest file 'xicro_pkg.egg-info/SOURCES.txt'
[1.109s] writing manifest file 'xicro_pkg.egg-info/SOURCES.txt'
[1.130s] Built target ament_cmake_python_build_xicro_pkg_egg
[1.139s] Invoked command in '/home/poom/ieee_ws/build/xicro_pkg' returned '0': CMAKE_PREFIX_PATH=${CMAKE_PREFIX_PATH}:/home/poom/ieee_ws/install/webcam_pkg:/home/poom/ieee_ws/install/ieee_pkg:/home/poom/ieee_ws/install/cam_pkg:/opt/ros/galactic /home/poom/.local/bin/cmake --build /home/poom/ieee_ws/build/xicro_pkg -- -j12 -l12
[1.189s] Invoking command in '/home/poom/ieee_ws/build/xicro_pkg': CMAKE_PREFIX_PATH=${CMAKE_PREFIX_PATH}:/home/poom/ieee_ws/install/webcam_pkg:/home/poom/ieee_ws/install/ieee_pkg:/home/poom/ieee_ws/install/cam_pkg:/opt/ros/galactic /home/poom/.local/bin/cmake --install /home/poom/ieee_ws/build/xicro_pkg
[1.211s] -- Install configuration: ""
[1.211s] -- Up-to-date: /home/poom/ieee_ws/install/xicro_pkg/share/xicro_pkg/environment/pythonpath.sh
[1.212s] -- Installing: /home/poom/ieee_ws/install/xicro_pkg/share/xicro_pkg/environment/pythonpath.dsv
[1.212s] -- Up-to-date: /home/poom/ieee_ws/install/xicro_pkg/lib/python3.8/site-packages//xicro_pkg.egg-info
[1.212s] -- Installing: /home/poom/ieee_ws/install/xicro_pkg/lib/python3.8/site-packages//xicro_pkg.egg-info/top_level.txt
[1.212s] -- Installing: /home/poom/ieee_ws/install/xicro_pkg/lib/python3.8/site-packages//xicro_pkg.egg-info/PKG-INFO
[1.212s] -- Installing: /home/poom/ieee_ws/install/xicro_pkg/lib/python3.8/site-packages//xicro_pkg.egg-info/dependency_links.txt
[1.212s] -- Installing: /home/poom/ieee_ws/install/xicro_pkg/lib/python3.8/site-packages//xicro_pkg.egg-info/SOURCES.txt
[1.212s] -- Up-to-date: /home/poom/ieee_ws/install/xicro_pkg/lib/python3.8/site-packages/xicro_pkg
[1.212s] -- Up-to-date: /home/poom/ieee_ws/install/xicro_pkg/lib/python3.8/site-packages/xicro_pkg/__init__.py
[1.238s] Listing '/home/poom/ieee_ws/install/xicro_pkg/lib/python3.8/site-packages/xicro_pkg'...
[1.240s] -- Up-to-date: /home/poom/ieee_ws/install/xicro_pkg/lib/xicro_pkg/generate_library.py
[1.240s] -- Up-to-date: /home/poom/ieee_ws/install/xicro_pkg/lib/xicro_pkg/generate_xicro_node.py
[1.240s] -- Installing: /home/poom/ieee_ws/install/xicro_pkg/lib/xicro_pkg/xicro_node_ieee_ID_1_esp.py
[1.240s] -- Up-to-date: /home/poom/ieee_ws/install/xicro_pkg/share/xicro_pkg/config
[1.240s] -- Up-to-date: /home/poom/ieee_ws/install/xicro_pkg/share/xicro_pkg/config/.library_cpp_preSetup.xicro
[1.240s] -- Up-to-date: /home/poom/ieee_ws/install/xicro_pkg/share/xicro_pkg/config/.Xicro_node_preSetup.xicro
[1.241s] -- Up-to-date: /home/poom/ieee_ws/install/xicro_pkg/share/xicro_pkg/config/setup_xicro.yaml
[1.241s] -- Up-to-date: /home/poom/ieee_ws/install/xicro_pkg/share/xicro_pkg/config/.library_h_preSetup.xicro
[1.241s] -- Up-to-date: /home/poom/ieee_ws/install/xicro_pkg/share/ament_index/resource_index/package_run_dependencies/xicro_pkg
[1.241s] -- Up-to-date: /home/poom/ieee_ws/install/xicro_pkg/share/ament_index/resource_index/parent_prefix_path/xicro_pkg
[1.241s] -- Up-to-date: /home/poom/ieee_ws/install/xicro_pkg/share/xicro_pkg/environment/ament_prefix_path.sh
[1.241s] -- Installing: /home/poom/ieee_ws/install/xicro_pkg/share/xicro_pkg/environment/ament_prefix_path.dsv
[1.241s] -- Up-to-date: /home/poom/ieee_ws/install/xicro_pkg/share/xicro_pkg/environment/path.sh
[1.242s] -- Installing: /home/poom/ieee_ws/install/xicro_pkg/share/xicro_pkg/environment/path.dsv
[1.242s] -- Up-to-date: /home/poom/ieee_ws/install/xicro_pkg/share/xicro_pkg/local_setup.bash
[1.242s] -- Up-to-date: /home/poom/ieee_ws/install/xicro_pkg/share/xicro_pkg/local_setup.sh
[1.242s] -- Up-to-date: /home/poom/ieee_ws/install/xicro_pkg/share/xicro_pkg/local_setup.zsh
[1.242s] -- Installing: /home/poom/ieee_ws/install/xicro_pkg/share/xicro_pkg/local_setup.dsv
[1.242s] -- Installing: /home/poom/ieee_ws/install/xicro_pkg/share/xicro_pkg/package.dsv
[1.243s] -- Up-to-date: /home/poom/ieee_ws/install/xicro_pkg/share/ament_index/resource_index/packages/xicro_pkg
[1.243s] -- Up-to-date: /home/poom/ieee_ws/install/xicro_pkg/share/xicro_pkg/cmake/xicro_pkgConfig.cmake
[1.243s] -- Up-to-date: /home/poom/ieee_ws/install/xicro_pkg/share/xicro_pkg/cmake/xicro_pkgConfig-version.cmake
[1.243s] -- Up-to-date: /home/poom/ieee_ws/install/xicro_pkg/share/xicro_pkg/package.xml
[1.255s] Invoked command in '/home/poom/ieee_ws/build/xicro_pkg' returned '0': CMAKE_PREFIX_PATH=${CMAKE_PREFIX_PATH}:/home/poom/ieee_ws/install/webcam_pkg:/home/poom/ieee_ws/install/ieee_pkg:/home/poom/ieee_ws/install/cam_pkg:/opt/ros/galactic /home/poom/.local/bin/cmake --install /home/poom/ieee_ws/build/xicro_pkg
