[0.405s] Invoking command in '/home/poom/ieee_ws/build/xicro_interfaces': CMAKE_PREFIX_PATH=${CMAKE_PREFIX_PATH}:/home/poom/ieee_ws/install/webcam_pkg:/home/poom/ieee_ws/install/ieee_pkg:/home/poom/ieee_ws/install/cam_pkg:/opt/ros/galactic /home/poom/.local/bin/cmake /home/poom/ieee_ws/src/Xicro/xicro_interfaces -DCMAKE_INSTALL_PREFIX=/home/poom/ieee_ws/install/xicro_interfaces
[0.519s] -- The C compiler identification is GNU 9.4.0
[0.603s] -- The CXX compiler identification is GNU 9.4.0
[0.616s] -- Detecting C compiler ABI info
[0.655s] -- Detecting C compiler ABI info - done
[0.668s] -- Check for working C compiler: /usr/bin/cc - skipped
[0.669s] -- Detecting C compile features
[0.669s] -- Detecting C compile features - done
[0.673s] -- Detecting CXX compiler ABI info
[0.720s] -- Detecting CXX compiler ABI info - done
[0.730s] -- Check for working CXX compiler: /usr/bin/c++ - skipped
[0.730s] -- Detecting CXX compile features
[0.730s] -- Detecting CXX compile features - done
[0.733s] -- Found ament_cmake: 1.1.6 (/opt/ros/galactic/share/ament_cmake/cmake)
[0.755s] -- Found PythonInterp: /usr/bin/python3 (found suitable version "3.8.10", minimum required is "3") 
[0.755s] -- Using PYTHON_EXECUTABLE: /usr/bin/python3
[0.820s] -- Found rosidl_default_generators: 1.1.1 (/opt/ros/galactic/share/rosidl_default_generators/cmake)
[0.825s] -- Using all available rosidl_typesupport_c: rosidl_typesupport_fastrtps_c;rosidl_typesupport_introspection_c
[0.834s] -- Found rosidl_adapter: 2.2.3 (/opt/ros/galactic/share/rosidl_adapter/cmake)
[0.923s] -- Found OpenSSL: /usr/lib/x86_64-linux-gnu/libcrypto.so (found version "1.1.1f")  
[0.959s] -- Found FastRTPS: /opt/ros/galactic/include  
[1.024s] -- Using all available rosidl_typesupport_cpp: rosidl_typesupport_fastrtps_cpp;rosidl_typesupport_introspection_cpp
[1.045s] -- Found ament_lint_auto: 0.10.7 (/opt/ros/galactic/share/ament_lint_auto/cmake)
[1.119s] -- Found PythonInterp: /usr/bin/python3 (found version "3.8.10") 
[1.227s] -- Found ament_cmake_ros: 0.9.2 (/opt/ros/galactic/share/ament_cmake_ros/cmake)
[1.321s] -- Using all available rosidl_typesupport_c: rosidl_typesupport_fastrtps_c;rosidl_typesupport_introspection_c
[1.337s] -- Using all available rosidl_typesupport_cpp: rosidl_typesupport_fastrtps_cpp;rosidl_typesupport_introspection_cpp
[1.364s] -- Found PythonInterp: /usr/bin/python3 (found suitable version "3.8.10", minimum required is "3.5") 
[1.365s] -- Found python_cmake_module: 0.8.1 (/opt/ros/galactic/share/python_cmake_module/cmake)
[1.386s] -- Found PythonLibs: /usr/lib/x86_64-linux-gnu/libpython3.8.so (found suitable version "3.8.10", minimum required is "3.5") 
[1.386s] -- Using PYTHON_EXECUTABLE: /usr/bin/python3
[1.386s] -- Using PYTHON_INCLUDE_DIRS: /usr/include/python3.8
[1.386s] -- Using PYTHON_LIBRARIES: /usr/lib/x86_64-linux-gnu/libpython3.8.so
[1.403s] -- Found PythonExtra: .so  
[1.444s] -- Added test 'copyright' to check source files copyright and LICENSE
[1.446s] -- Added test 'lint_cmake' to check CMake code style
[1.447s] -- Added test 'xmllint' to check XML markup files
[1.452s] -- Configuring done (1.0s)
[1.484s] -- Generating done (0.0s)
[1.485s] -- Build files have been written to: /home/poom/ieee_ws/build/xicro_interfaces
[1.497s] Invoked command in '/home/poom/ieee_ws/build/xicro_interfaces' returned '0': CMAKE_PREFIX_PATH=${CMAKE_PREFIX_PATH}:/home/poom/ieee_ws/install/webcam_pkg:/home/poom/ieee_ws/install/ieee_pkg:/home/poom/ieee_ws/install/cam_pkg:/opt/ros/galactic /home/poom/.local/bin/cmake /home/poom/ieee_ws/src/Xicro/xicro_interfaces -DCMAKE_INSTALL_PREFIX=/home/poom/ieee_ws/install/xicro_interfaces
[1.499s] Invoking command in '/home/poom/ieee_ws/build/xicro_interfaces': CMAKE_PREFIX_PATH=${CMAKE_PREFIX_PATH}:/home/poom/ieee_ws/install/webcam_pkg:/home/poom/ieee_ws/install/ieee_pkg:/home/poom/ieee_ws/install/cam_pkg:/opt/ros/galactic /home/poom/.local/bin/cmake --build /home/poom/ieee_ws/build/xicro_interfaces -- -j12 -l12
[1.534s] [  3%] [34m[1mGenerating C code for ROS interfaces[0m
[1.536s] [  6%] [34m[1mGenerating C++ code for ROS interfaces[0m
[1.801s] [  6%] Built target xicro_interfaces__cpp
[1.804s] [ 12%] [34m[1mGenerating C++ type support for eProsima Fast-RTPS[0m
[1.804s] [ 12%] [34m[1mGenerating C++ type support dispatch for ROS interfaces[0m
[1.804s] [ 16%] [34m[1mGenerating C++ introspection for ROS interfaces[0m
[1.822s] [ 19%] [32mBuilding C object CMakeFiles/xicro_interfaces__rosidl_generator_c.dir/rosidl_generator_c/xicro_interfaces/action/detail/toggle__functions.c.o[0m
[1.911s] [ 22%] [32m[1mLinking C shared library libxicro_interfaces__rosidl_generator_c.so[0m
[1.933s] [ 22%] Built target xicro_interfaces__rosidl_generator_c
[1.936s] [ 29%] [34m[1mGenerating C introspection for ROS interfaces[0m
[1.936s] [ 29%] [34m[1mGenerating C type support dispatch for ROS interfaces[0m
[1.994s] [ 32%] [32mBuilding CXX object CMakeFiles/xicro_interfaces__rosidl_typesupport_cpp.dir/rosidl_typesupport_cpp/xicro_interfaces/action/toggle__type_support.cpp.o[0m
[2.031s] [ 35%] [32mBuilding CXX object CMakeFiles/xicro_interfaces__rosidl_typesupport_introspection_cpp.dir/rosidl_typesupport_introspection_cpp/xicro_interfaces/action/detail/toggle__type_support.cpp.o[0m
[2.066s] [ 38%] [32mBuilding CXX object CMakeFiles/xicro_interfaces__rosidl_typesupport_fastrtps_cpp.dir/rosidl_typesupport_fastrtps_cpp/xicro_interfaces/action/detail/dds_fastrtps/toggle__type_support.cpp.o[0m
[2.118s] [ 41%] [32mBuilding CXX object CMakeFiles/xicro_interfaces__rosidl_typesupport_c.dir/rosidl_typesupport_c/xicro_interfaces/action/toggle__type_support.cpp.o[0m
[2.154s] [ 45%] [32m[1mLinking CXX shared library libxicro_interfaces__rosidl_typesupport_c.so[0m
[2.167s] [ 48%] [32mBuilding C object CMakeFiles/xicro_interfaces__rosidl_typesupport_introspection_c.dir/rosidl_typesupport_introspection_c/xicro_interfaces/action/detail/toggle__type_support.c.o[0m
[2.175s] [ 48%] Built target xicro_interfaces__rosidl_typesupport_c
[2.199s] [ 51%] [32m[1mLinking C shared library libxicro_interfaces__rosidl_typesupport_introspection_c.so[0m
[2.213s] [ 51%] Built target xicro_interfaces__rosidl_typesupport_introspection_c
[2.389s] [ 54%] [32m[1mLinking CXX shared library libxicro_interfaces__rosidl_typesupport_cpp.so[0m
[2.409s] [ 54%] Built target xicro_interfaces__rosidl_typesupport_cpp
[2.422s] [ 58%] [32m[1mLinking CXX shared library libxicro_interfaces__rosidl_typesupport_introspection_cpp.so[0m
[2.461s] [ 58%] Built target xicro_interfaces__rosidl_typesupport_introspection_cpp
[2.515s] [ 61%] [32m[1mLinking CXX shared library libxicro_interfaces__rosidl_typesupport_fastrtps_cpp.so[0m
[2.576s] [ 61%] Built target xicro_interfaces__rosidl_typesupport_fastrtps_cpp
[2.581s] [ 64%] [34m[1mGenerating C type support for eProsima Fast-RTPS[0m
[2.825s] [ 67%] [32mBuilding CXX object CMakeFiles/xicro_interfaces__rosidl_typesupport_fastrtps_c.dir/rosidl_typesupport_fastrtps_c/xicro_interfaces/action/detail/toggle__type_support_c.cpp.o[0m
[3.094s] [ 70%] [32m[1mLinking CXX shared library libxicro_interfaces__rosidl_typesupport_fastrtps_c.so[0m
[3.150s] [ 70%] Built target xicro_interfaces__rosidl_typesupport_fastrtps_c
[3.155s] [ 70%] Built target xicro_interfaces
[3.166s] [ 74%] [34m[1mGenerating Python code for ROS interfaces[0m
[3.752s] [ 74%] Built target xicro_interfaces__py
[3.763s] [ 77%] [32mBuilding C object CMakeFiles/xicro_interfaces__python.dir/rosidl_generator_py/xicro_interfaces/action/_toggle_s.c.o[0m
[3.871s] [ 80%] [32m[1mLinking C shared library rosidl_generator_py/xicro_interfaces/libxicro_interfaces__python.so[0m
[3.903s] [ 80%] Built target xicro_interfaces__python
[3.908s] [ 83%] [32mBuilding C object CMakeFiles/xicro_interfaces__rosidl_typesupport_fastrtps_c__pyext.dir/rosidl_generator_py/xicro_interfaces/_xicro_interfaces_s.ep.rosidl_typesupport_fastrtps_c.c.o[0m
[3.908s] [ 87%] [32mBuilding C object CMakeFiles/xicro_interfaces__rosidl_typesupport_introspection_c__pyext.dir/rosidl_generator_py/xicro_interfaces/_xicro_interfaces_s.ep.rosidl_typesupport_introspection_c.c.o[0m
[3.908s] [ 90%] [32mBuilding C object CMakeFiles/xicro_interfaces__rosidl_typesupport_c__pyext.dir/rosidl_generator_py/xicro_interfaces/_xicro_interfaces_s.ep.rosidl_typesupport_c.c.o[0m
[3.981s] [ 93%] [32m[1mLinking CXX shared library rosidl_generator_py/xicro_interfaces/xicro_interfaces_s__rosidl_typesupport_fastrtps_c.cpython-38-x86_64-linux-gnu.so[0m
[3.981s] [ 96%] [32m[1mLinking C shared library rosidl_generator_py/xicro_interfaces/xicro_interfaces_s__rosidl_typesupport_introspection_c.cpython-38-x86_64-linux-gnu.so[0m
[3.982s] [100%] [32m[1mLinking C shared library rosidl_generator_py/xicro_interfaces/xicro_interfaces_s__rosidl_typesupport_c.cpython-38-x86_64-linux-gnu.so[0m
[4.000s] [100%] Built target xicro_interfaces__rosidl_typesupport_c__pyext
[4.000s] [100%] Built target xicro_interfaces__rosidl_typesupport_introspection_c__pyext
[4.021s] [100%] Built target xicro_interfaces__rosidl_typesupport_fastrtps_c__pyext
