[0.520s] Invoking command in '/home/poom/ieee_ws/build/xicro_pkg': CMAKE_PREFIX_PATH=${CMAKE_PREFIX_PATH}:/home/poom/ieee_ws/install/webcam_pkg:/home/poom/ieee_ws/install/ieee_pkg:/opt/ros/galactic /home/poom/.local/bin/cmake --build /home/poom/ieee_ws/build/xicro_pkg -- -j12 -l12
[0.560s] Built target ament_cmake_python_copy_xicro_pkg
[0.874s] running egg_info
[0.874s] writing xicro_pkg.egg-info/PKG-INFO
[0.875s] writing dependency_links to xicro_pkg.egg-info/dependency_links.txt
[0.875s] writing top-level names to xicro_pkg.egg-info/top_level.txt
[0.920s] reading manifest file 'xicro_pkg.egg-info/SOURCES.txt'
[0.922s] writing manifest file 'xicro_pkg.egg-info/SOURCES.txt'
[0.947s] Built target ament_cmake_python_build_xicro_pkg_egg
[0.956s] Invoked command in '/home/poom/ieee_ws/build/xicro_pkg' returned '0': CMAKE_PREFIX_PATH=${CMAKE_PREFIX_PATH}:/home/poom/ieee_ws/install/webcam_pkg:/home/poom/ieee_ws/install/ieee_pkg:/opt/ros/galactic /home/poom/.local/bin/cmake --build /home/poom/ieee_ws/build/xicro_pkg -- -j12 -l12
[1.004s] Invoking command in '/home/poom/ieee_ws/build/xicro_pkg': CMAKE_PREFIX_PATH=${CMAKE_PREFIX_PATH}:/home/poom/ieee_ws/install/webcam_pkg:/home/poom/ieee_ws/install/ieee_pkg:/opt/ros/galactic /home/poom/.local/bin/cmake --install /home/poom/ieee_ws/build/xicro_pkg
[1.040s] -- Install configuration: ""
[1.040s] -- Up-to-date: /home/poom/ieee_ws/install/xicro_pkg/share/xicro_pkg/environment/pythonpath.sh
[1.040s] -- Up-to-date: /home/poom/ieee_ws/install/xicro_pkg/share/xicro_pkg/environment/pythonpath.dsv
[1.040s] -- Up-to-date: /home/poom/ieee_ws/install/xicro_pkg/lib/python3.8/site-packages//xicro_pkg.egg-info
[1.040s] -- Installing: /home/poom/ieee_ws/install/xicro_pkg/lib/python3.8/site-packages//xicro_pkg.egg-info/top_level.txt
[1.040s] -- Installing: /home/poom/ieee_ws/install/xicro_pkg/lib/python3.8/site-packages//xicro_pkg.egg-info/PKG-INFO
[1.040s] -- Installing: /home/poom/ieee_ws/install/xicro_pkg/lib/python3.8/site-packages//xicro_pkg.egg-info/dependency_links.txt
[1.041s] -- Installing: /home/poom/ieee_ws/install/xicro_pkg/lib/python3.8/site-packages//xicro_pkg.egg-info/SOURCES.txt
[1.041s] -- Up-to-date: /home/poom/ieee_ws/install/xicro_pkg/lib/python3.8/site-packages/xicro_pkg
[1.041s] -- Up-to-date: /home/poom/ieee_ws/install/xicro_pkg/lib/python3.8/site-packages/xicro_pkg/__init__.py
[1.075s] Listing '/home/poom/ieee_ws/install/xicro_pkg/lib/python3.8/site-packages/xicro_pkg'...
[1.079s] -- Up-to-date: /home/poom/ieee_ws/install/xicro_pkg/lib/xicro_pkg/generate_library.py
[1.080s] -- Up-to-date: /home/poom/ieee_ws/install/xicro_pkg/lib/xicro_pkg/generate_xicro_node.py
[1.080s] -- Up-to-date: /home/poom/ieee_ws/install/xicro_pkg/lib/xicro_pkg/xicro_node_ieee_ID_1_esp.py
[1.080s] -- Up-to-date: /home/poom/ieee_ws/install/xicro_pkg/share/xicro_pkg/config
[1.080s] -- Up-to-date: /home/poom/ieee_ws/install/xicro_pkg/share/xicro_pkg/config/.library_cpp_preSetup.xicro
[1.080s] -- Up-to-date: /home/poom/ieee_ws/install/xicro_pkg/share/xicro_pkg/config/.Xicro_node_preSetup.xicro
[1.080s] -- Up-to-date: /home/poom/ieee_ws/install/xicro_pkg/share/xicro_pkg/config/setup_xicro.yaml
[1.080s] -- Up-to-date: /home/poom/ieee_ws/install/xicro_pkg/share/xicro_pkg/config/.library_h_preSetup.xicro
[1.080s] -- Up-to-date: /home/poom/ieee_ws/install/xicro_pkg/share/ament_index/resource_index/package_run_dependencies/xicro_pkg
[1.081s] -- Up-to-date: /home/poom/ieee_ws/install/xicro_pkg/share/ament_index/resource_index/parent_prefix_path/xicro_pkg
[1.081s] -- Up-to-date: /home/poom/ieee_ws/install/xicro_pkg/share/xicro_pkg/environment/ament_prefix_path.sh
[1.081s] -- Up-to-date: /home/poom/ieee_ws/install/xicro_pkg/share/xicro_pkg/environment/ament_prefix_path.dsv
[1.081s] -- Up-to-date: /home/poom/ieee_ws/install/xicro_pkg/share/xicro_pkg/environment/path.sh
[1.081s] -- Up-to-date: /home/poom/ieee_ws/install/xicro_pkg/share/xicro_pkg/environment/path.dsv
[1.081s] -- Up-to-date: /home/poom/ieee_ws/install/xicro_pkg/share/xicro_pkg/local_setup.bash
[1.081s] -- Up-to-date: /home/poom/ieee_ws/install/xicro_pkg/share/xicro_pkg/local_setup.sh
[1.081s] -- Up-to-date: /home/poom/ieee_ws/install/xicro_pkg/share/xicro_pkg/local_setup.zsh
[1.081s] -- Up-to-date: /home/poom/ieee_ws/install/xicro_pkg/share/xicro_pkg/local_setup.dsv
[1.081s] -- Installing: /home/poom/ieee_ws/install/xicro_pkg/share/xicro_pkg/package.dsv
[1.082s] -- Up-to-date: /home/poom/ieee_ws/install/xicro_pkg/share/ament_index/resource_index/packages/xicro_pkg
[1.082s] -- Up-to-date: /home/poom/ieee_ws/install/xicro_pkg/share/xicro_pkg/cmake/xicro_pkgConfig.cmake
[1.082s] -- Up-to-date: /home/poom/ieee_ws/install/xicro_pkg/share/xicro_pkg/cmake/xicro_pkgConfig-version.cmake
[1.082s] -- Up-to-date: /home/poom/ieee_ws/install/xicro_pkg/share/xicro_pkg/package.xml
[1.086s] Invoked command in '/home/poom/ieee_ws/build/xicro_pkg' returned '0': CMAKE_PREFIX_PATH=${CMAKE_PREFIX_PATH}:/home/poom/ieee_ws/install/webcam_pkg:/home/poom/ieee_ws/install/ieee_pkg:/opt/ros/galactic /home/poom/.local/bin/cmake --install /home/poom/ieee_ws/build/xicro_pkg
