[0.705s] Invoking command in '/home/poom/ieee_ws/build/xicro_interfaces': CMAKE_PREFIX_PATH=${CMAKE_PREFIX_PATH}:/home/poom/ieee_ws/install/webcam_pkg:/home/poom/ieee_ws/install/ieee_pkg:/opt/ros/galactic /home/poom/.local/bin/cmake --build /home/poom/ieee_ws/build/xicro_interfaces -- -j12 -l12
[0.766s] [  9%] Built target xicro_interfaces__rosidl_generator_c
[0.767s] [ 12%] Built target xicro_interfaces__cpp
[0.779s] [ 22%] Built target xicro_interfaces__rosidl_typesupport_c
[0.780s] [ 32%] Built target xicro_interfaces__rosidl_typesupport_introspection_c
[0.786s] [ 41%] Built target xicro_interfaces__rosidl_typesupport_fastrtps_cpp
[0.786s] [ 51%] Built target xicro_interfaces__rosidl_typesupport_cpp
[0.788s] [ 61%] Built target xicro_interfaces__rosidl_typesupport_introspection_cpp
[0.798s] [ 70%] Built target xicro_interfaces__rosidl_typesupport_fastrtps_c
[0.810s] [ 70%] Built target xicro_interfaces
[0.822s] [ 74%] Built target xicro_interfaces__py
[0.838s] [ 80%] Built target xicro_interfaces__python
[0.851s] [ 87%] Built target xicro_interfaces__rosidl_typesupport_introspection_c__pyext
[0.852s] [ 93%] Built target xicro_interfaces__rosidl_typesupport_fastrtps_c__pyext
[0.855s] [100%] Built target xicro_interfaces__rosidl_typesupport_c__pyext
[0.868s] Invoked command in '/home/poom/ieee_ws/build/xicro_interfaces' returned '0': CMAKE_PREFIX_PATH=${CMAKE_PREFIX_PATH}:/home/poom/ieee_ws/install/webcam_pkg:/home/poom/ieee_ws/install/ieee_pkg:/opt/ros/galactic /home/poom/.local/bin/cmake --build /home/poom/ieee_ws/build/xicro_interfaces -- -j12 -l12
[1.004s] Invoking command in '/home/poom/ieee_ws/build/xicro_interfaces': CMAKE_PREFIX_PATH=${CMAKE_PREFIX_PATH}:/home/poom/ieee_ws/install/webcam_pkg:/home/poom/ieee_ws/install/ieee_pkg:/opt/ros/galactic /home/poom/.local/bin/cmake --install /home/poom/ieee_ws/build/xicro_interfaces
[1.050s] -- Install configuration: ""
[1.050s] -- Up-to-date: /home/poom/ieee_ws/install/xicro_interfaces/share/ament_index/resource_index/rosidl_interfaces/xicro_interfaces
[1.050s] -- Up-to-date: /home/poom/ieee_ws/install/xicro_interfaces/include/xicro_interfaces
[1.050s] -- Up-to-date: /home/poom/ieee_ws/install/xicro_interfaces/include/xicro_interfaces/msg
[1.050s] -- Up-to-date: /home/poom/ieee_ws/install/xicro_interfaces/include/xicro_interfaces/msg/rosidl_generator_c__visibility_control.h
[1.050s] -- Up-to-date: /home/poom/ieee_ws/install/xicro_interfaces/include/xicro_interfaces/action
[1.050s] -- Up-to-date: /home/poom/ieee_ws/install/xicro_interfaces/include/xicro_interfaces/action/detail
[1.051s] -- Up-to-date: /home/poom/ieee_ws/install/xicro_interfaces/include/xicro_interfaces/action/detail/toggle__struct.h
[1.051s] -- Up-to-date: /home/poom/ieee_ws/install/xicro_interfaces/include/xicro_interfaces/action/detail/toggle__functions.c
[1.051s] -- Up-to-date: /home/poom/ieee_ws/install/xicro_interfaces/include/xicro_interfaces/action/detail/toggle__type_support.h
[1.051s] -- Up-to-date: /home/poom/ieee_ws/install/xicro_interfaces/include/xicro_interfaces/action/detail/toggle__functions.h
[1.051s] -- Up-to-date: /home/poom/ieee_ws/install/xicro_interfaces/include/xicro_interfaces/action/toggle.h
[1.051s] -- Up-to-date: /home/poom/ieee_ws/install/xicro_interfaces/share/xicro_interfaces/environment/library_path.sh
[1.052s] -- Up-to-date: /home/poom/ieee_ws/install/xicro_interfaces/share/xicro_interfaces/environment/library_path.dsv
[1.052s] -- Up-to-date: /home/poom/ieee_ws/install/xicro_interfaces/lib/libxicro_interfaces__rosidl_generator_c.so
[1.052s] -- Up-to-date: /home/poom/ieee_ws/install/xicro_interfaces/include/xicro_interfaces
[1.052s] -- Up-to-date: /home/poom/ieee_ws/install/xicro_interfaces/include/xicro_interfaces/msg
[1.052s] -- Up-to-date: /home/poom/ieee_ws/install/xicro_interfaces/include/xicro_interfaces/msg/rosidl_typesupport_fastrtps_c__visibility_control.h
[1.052s] -- Up-to-date: /home/poom/ieee_ws/install/xicro_interfaces/include/xicro_interfaces/action
[1.052s] -- Up-to-date: /home/poom/ieee_ws/install/xicro_interfaces/include/xicro_interfaces/action/detail
[1.052s] -- Up-to-date: /home/poom/ieee_ws/install/xicro_interfaces/include/xicro_interfaces/action/detail/toggle__rosidl_typesupport_fastrtps_c.h
[1.053s] -- Up-to-date: /home/poom/ieee_ws/install/xicro_interfaces/lib/libxicro_interfaces__rosidl_typesupport_fastrtps_c.so
[1.053s] -- Up-to-date: /home/poom/ieee_ws/install/xicro_interfaces/include/xicro_interfaces
[1.053s] -- Up-to-date: /home/poom/ieee_ws/install/xicro_interfaces/include/xicro_interfaces/msg
[1.053s] -- Up-to-date: /home/poom/ieee_ws/install/xicro_interfaces/include/xicro_interfaces/msg/rosidl_typesupport_fastrtps_cpp__visibility_control.h
[1.053s] -- Up-to-date: /home/poom/ieee_ws/install/xicro_interfaces/include/xicro_interfaces/action
[1.053s] -- Up-to-date: /home/poom/ieee_ws/install/xicro_interfaces/include/xicro_interfaces/action/detail
[1.053s] -- Up-to-date: /home/poom/ieee_ws/install/xicro_interfaces/include/xicro_interfaces/action/detail/toggle__rosidl_typesupport_fastrtps_cpp.hpp
[1.054s] -- Up-to-date: /home/poom/ieee_ws/install/xicro_interfaces/include/xicro_interfaces/action/detail/dds_fastrtps
[1.054s] -- Up-to-date: /home/poom/ieee_ws/install/xicro_interfaces/lib/libxicro_interfaces__rosidl_typesupport_fastrtps_cpp.so
[1.054s] -- Up-to-date: /home/poom/ieee_ws/install/xicro_interfaces/include/xicro_interfaces
[1.054s] -- Up-to-date: /home/poom/ieee_ws/install/xicro_interfaces/include/xicro_interfaces/msg
[1.054s] -- Up-to-date: /home/poom/ieee_ws/install/xicro_interfaces/include/xicro_interfaces/msg/rosidl_typesupport_introspection_c__visibility_control.h
[1.054s] -- Up-to-date: /home/poom/ieee_ws/install/xicro_interfaces/include/xicro_interfaces/action
[1.054s] -- Up-to-date: /home/poom/ieee_ws/install/xicro_interfaces/include/xicro_interfaces/action/detail
[1.054s] -- Up-to-date: /home/poom/ieee_ws/install/xicro_interfaces/include/xicro_interfaces/action/detail/toggle__type_support.c
[1.055s] -- Up-to-date: /home/poom/ieee_ws/install/xicro_interfaces/include/xicro_interfaces/action/detail/toggle__rosidl_typesupport_introspection_c.h
[1.055s] -- Up-to-date: /home/poom/ieee_ws/install/xicro_interfaces/lib/libxicro_interfaces__rosidl_typesupport_introspection_c.so
[1.055s] -- Up-to-date: /home/poom/ieee_ws/install/xicro_interfaces/lib/libxicro_interfaces__rosidl_typesupport_c.so
[1.055s] -- Up-to-date: /home/poom/ieee_ws/install/xicro_interfaces/include/xicro_interfaces
[1.055s] -- Up-to-date: /home/poom/ieee_ws/install/xicro_interfaces/include/xicro_interfaces/action
[1.055s] -- Up-to-date: /home/poom/ieee_ws/install/xicro_interfaces/include/xicro_interfaces/action/detail
[1.055s] -- Up-to-date: /home/poom/ieee_ws/install/xicro_interfaces/include/xicro_interfaces/action/detail/toggle__builder.hpp
[1.055s] -- Up-to-date: /home/poom/ieee_ws/install/xicro_interfaces/include/xicro_interfaces/action/detail/toggle__traits.hpp
[1.056s] -- Up-to-date: /home/poom/ieee_ws/install/xicro_interfaces/include/xicro_interfaces/action/detail/toggle__struct.hpp
[1.056s] -- Up-to-date: /home/poom/ieee_ws/install/xicro_interfaces/include/xicro_interfaces/action/toggle.hpp
[1.056s] -- Up-to-date: /home/poom/ieee_ws/install/xicro_interfaces/include/xicro_interfaces
[1.056s] -- Up-to-date: /home/poom/ieee_ws/install/xicro_interfaces/include/xicro_interfaces/action
[1.056s] -- Up-to-date: /home/poom/ieee_ws/install/xicro_interfaces/include/xicro_interfaces/action/detail
[1.056s] -- Up-to-date: /home/poom/ieee_ws/install/xicro_interfaces/include/xicro_interfaces/action/detail/toggle__type_support.cpp
[1.056s] -- Up-to-date: /home/poom/ieee_ws/install/xicro_interfaces/include/xicro_interfaces/action/detail/toggle__rosidl_typesupport_introspection_cpp.hpp
[1.056s] -- Up-to-date: /home/poom/ieee_ws/install/xicro_interfaces/lib/libxicro_interfaces__rosidl_typesupport_introspection_cpp.so
[1.057s] -- Up-to-date: /home/poom/ieee_ws/install/xicro_interfaces/lib/libxicro_interfaces__rosidl_typesupport_cpp.so
[1.057s] -- Up-to-date: /home/poom/ieee_ws/install/xicro_interfaces/share/xicro_interfaces/environment/pythonpath.sh
[1.057s] -- Up-to-date: /home/poom/ieee_ws/install/xicro_interfaces/share/xicro_interfaces/environment/pythonpath.dsv
[1.057s] -- Up-to-date: /home/poom/ieee_ws/install/xicro_interfaces/lib/python3.8/site-packages/xicro_interfaces/__init__.py
[1.101s] -- Up-to-date: /home/poom/ieee_ws/install/xicro_interfaces/lib/python3.8/site-packages/xicro_interfaces/action
[1.101s] -- Up-to-date: /home/poom/ieee_ws/install/xicro_interfaces/lib/python3.8/site-packages/xicro_interfaces/action/__init__.py
[1.101s] -- Up-to-date: /home/poom/ieee_ws/install/xicro_interfaces/lib/python3.8/site-packages/xicro_interfaces/action/_toggle.py
[1.101s] -- Up-to-date: /home/poom/ieee_ws/install/xicro_interfaces/lib/python3.8/site-packages/xicro_interfaces/action/_toggle_s.c
[1.102s] -- Up-to-date: /home/poom/ieee_ws/install/xicro_interfaces/lib/python3.8/site-packages/xicro_interfaces/xicro_interfaces_s__rosidl_typesupport_fastrtps_c.cpython-38-x86_64-linux-gnu.so
[1.102s] -- Up-to-date: /home/poom/ieee_ws/install/xicro_interfaces/lib/python3.8/site-packages/xicro_interfaces/xicro_interfaces_s__rosidl_typesupport_introspection_c.cpython-38-x86_64-linux-gnu.so
[1.102s] -- Up-to-date: /home/poom/ieee_ws/install/xicro_interfaces/lib/python3.8/site-packages/xicro_interfaces/xicro_interfaces_s__rosidl_typesupport_c.cpython-38-x86_64-linux-gnu.so
[1.102s] -- Up-to-date: /home/poom/ieee_ws/install/xicro_interfaces/lib/libxicro_interfaces__python.so
[1.102s] -- Up-to-date: /home/poom/ieee_ws/install/xicro_interfaces/share/xicro_interfaces/action/Toggle.idl
[1.103s] -- Up-to-date: /home/poom/ieee_ws/install/xicro_interfaces/share/xicro_interfaces/action/Toggle.action
[1.103s] -- Up-to-date: /home/poom/ieee_ws/install/xicro_interfaces/share/ament_index/resource_index/package_run_dependencies/xicro_interfaces
[1.103s] -- Up-to-date: /home/poom/ieee_ws/install/xicro_interfaces/share/ament_index/resource_index/parent_prefix_path/xicro_interfaces
[1.103s] -- Up-to-date: /home/poom/ieee_ws/install/xicro_interfaces/share/xicro_interfaces/environment/ament_prefix_path.sh
[1.104s] -- Up-to-date: /home/poom/ieee_ws/install/xicro_interfaces/share/xicro_interfaces/environment/ament_prefix_path.dsv
[1.104s] -- Up-to-date: /home/poom/ieee_ws/install/xicro_interfaces/share/xicro_interfaces/environment/path.sh
[1.104s] -- Up-to-date: /home/poom/ieee_ws/install/xicro_interfaces/share/xicro_interfaces/environment/path.dsv
[1.105s] -- Up-to-date: /home/poom/ieee_ws/install/xicro_interfaces/share/xicro_interfaces/local_setup.bash
[1.105s] -- Up-to-date: /home/poom/ieee_ws/install/xicro_interfaces/share/xicro_interfaces/local_setup.sh
[1.105s] -- Up-to-date: /home/poom/ieee_ws/install/xicro_interfaces/share/xicro_interfaces/local_setup.zsh
[1.105s] -- Up-to-date: /home/poom/ieee_ws/install/xicro_interfaces/share/xicro_interfaces/local_setup.dsv
[1.105s] -- Installing: /home/poom/ieee_ws/install/xicro_interfaces/share/xicro_interfaces/package.dsv
[1.106s] -- Up-to-date: /home/poom/ieee_ws/install/xicro_interfaces/share/ament_index/resource_index/packages/xicro_interfaces
[1.106s] -- Up-to-date: /home/poom/ieee_ws/install/xicro_interfaces/share/xicro_interfaces/cmake/xicro_interfaces__rosidl_generator_cExport.cmake
[1.106s] -- Up-to-date: /home/poom/ieee_ws/install/xicro_interfaces/share/xicro_interfaces/cmake/xicro_interfaces__rosidl_generator_cExport-noconfig.cmake
[1.106s] -- Up-to-date: /home/poom/ieee_ws/install/xicro_interfaces/share/xicro_interfaces/cmake/xicro_interfaces__rosidl_typesupport_introspection_cExport.cmake
[1.106s] -- Up-to-date: /home/poom/ieee_ws/install/xicro_interfaces/share/xicro_interfaces/cmake/xicro_interfaces__rosidl_typesupport_introspection_cExport-noconfig.cmake
[1.106s] -- Up-to-date: /home/poom/ieee_ws/install/xicro_interfaces/share/xicro_interfaces/cmake/xicro_interfaces__rosidl_typesupport_cExport.cmake
[1.106s] -- Up-to-date: /home/poom/ieee_ws/install/xicro_interfaces/share/xicro_interfaces/cmake/xicro_interfaces__rosidl_typesupport_cExport-noconfig.cmake
[1.107s] -- Up-to-date: /home/poom/ieee_ws/install/xicro_interfaces/share/xicro_interfaces/cmake/xicro_interfaces__rosidl_generator_cppExport.cmake
[1.107s] -- Up-to-date: /home/poom/ieee_ws/install/xicro_interfaces/share/xicro_interfaces/cmake/xicro_interfaces__rosidl_typesupport_introspection_cppExport.cmake
[1.107s] -- Up-to-date: /home/poom/ieee_ws/install/xicro_interfaces/share/xicro_interfaces/cmake/xicro_interfaces__rosidl_typesupport_introspection_cppExport-noconfig.cmake
[1.107s] -- Up-to-date: /home/poom/ieee_ws/install/xicro_interfaces/share/xicro_interfaces/cmake/xicro_interfaces__rosidl_typesupport_cppExport.cmake
[1.107s] -- Up-to-date: /home/poom/ieee_ws/install/xicro_interfaces/share/xicro_interfaces/cmake/xicro_interfaces__rosidl_typesupport_cppExport-noconfig.cmake
[1.108s] -- Up-to-date: /home/poom/ieee_ws/install/xicro_interfaces/share/xicro_interfaces/cmake/rosidl_cmake-extras.cmake
[1.108s] -- Up-to-date: /home/poom/ieee_ws/install/xicro_interfaces/share/xicro_interfaces/cmake/ament_cmake_export_dependencies-extras.cmake
[1.108s] -- Up-to-date: /home/poom/ieee_ws/install/xicro_interfaces/share/xicro_interfaces/cmake/ament_cmake_export_libraries-extras.cmake
[1.108s] -- Up-to-date: /home/poom/ieee_ws/install/xicro_interfaces/share/xicro_interfaces/cmake/ament_cmake_export_targets-extras.cmake
[1.108s] -- Up-to-date: /home/poom/ieee_ws/install/xicro_interfaces/share/xicro_interfaces/cmake/ament_cmake_export_include_directories-extras.cmake
[1.108s] -- Up-to-date: /home/poom/ieee_ws/install/xicro_interfaces/share/xicro_interfaces/cmake/rosidl_cmake_export_typesupport_libraries-extras.cmake
[1.108s] -- Up-to-date: /home/poom/ieee_ws/install/xicro_interfaces/share/xicro_interfaces/cmake/rosidl_cmake_export_typesupport_targets-extras.cmake
[1.108s] -- Up-to-date: /home/poom/ieee_ws/install/xicro_interfaces/share/xicro_interfaces/cmake/xicro_interfacesConfig.cmake
[1.108s] -- Up-to-date: /home/poom/ieee_ws/install/xicro_interfaces/share/xicro_interfaces/cmake/xicro_interfacesConfig-version.cmake
[1.108s] -- Up-to-date: /home/poom/ieee_ws/install/xicro_interfaces/share/xicro_interfaces/package.xml
[1.129s] Invoked command in '/home/poom/ieee_ws/build/xicro_interfaces' returned '0': CMAKE_PREFIX_PATH=${CMAKE_PREFIX_PATH}:/home/poom/ieee_ws/install/webcam_pkg:/home/poom/ieee_ws/install/ieee_pkg:/opt/ros/galactic /home/poom/.local/bin/cmake --install /home/poom/ieee_ws/build/xicro_interfaces
