[0.869s] Invoking command in '/home/poom/ieee_ws/src/webcam_pkg': PYTHONPATH=/home/poom/ieee_ws/build/webcam_pkg/prefix_override:/home/poom/ieee_ws/install/webcam_pkg/lib/python3.8/site-packages:${PYTHONPATH} /usr/bin/python3 setup.py egg_info --egg-base ../../build/webcam_pkg build --build-base /home/poom/ieee_ws/build/webcam_pkg/build install --record /home/poom/ieee_ws/build/webcam_pkg/install.log --single-version-externally-managed
[1.051s] running egg_info
[1.051s] writing ../../build/webcam_pkg/webcam_pkg.egg-info/PKG-INFO
[1.052s] writing dependency_links to ../../build/webcam_pkg/webcam_pkg.egg-info/dependency_links.txt
[1.052s] writing entry points to ../../build/webcam_pkg/webcam_pkg.egg-info/entry_points.txt
[1.052s] writing requirements to ../../build/webcam_pkg/webcam_pkg.egg-info/requires.txt
[1.052s] writing top-level names to ../../build/webcam_pkg/webcam_pkg.egg-info/top_level.txt
[1.078s] reading manifest file '../../build/webcam_pkg/webcam_pkg.egg-info/SOURCES.txt'
[1.078s] writing manifest file '../../build/webcam_pkg/webcam_pkg.egg-info/SOURCES.txt'
[1.079s] running build
[1.079s] running build_py
[1.079s] copying webcam_pkg/webcam_node.py -> /home/poom/ieee_ws/build/webcam_pkg/build/lib/webcam_pkg
[1.079s] running install
[1.079s] running install_lib
[1.080s] copying /home/poom/ieee_ws/build/webcam_pkg/build/lib/webcam_pkg/webcam_node.py -> /home/poom/ieee_ws/install/webcam_pkg/lib/python3.8/site-packages/webcam_pkg
[1.080s] byte-compiling /home/poom/ieee_ws/install/webcam_pkg/lib/python3.8/site-packages/webcam_pkg/webcam_node.py to webcam_node.cpython-38.pyc
[1.082s] running install_data
[1.082s] running install_egg_info
[1.083s] removing '/home/poom/ieee_ws/install/webcam_pkg/lib/python3.8/site-packages/webcam_pkg-0.0.0-py3.8.egg-info' (and everything under it)
[1.083s] Copying ../../build/webcam_pkg/webcam_pkg.egg-info to /home/poom/ieee_ws/install/webcam_pkg/lib/python3.8/site-packages/webcam_pkg-0.0.0-py3.8.egg-info
[1.084s] running install_scripts
[1.095s] Installing webcam_node script to /home/poom/ieee_ws/install/webcam_pkg/lib/webcam_pkg
[1.095s] writing list of installed files to '/home/poom/ieee_ws/build/webcam_pkg/install.log'
[1.114s] Invoked command in '/home/poom/ieee_ws/src/webcam_pkg' returned '0': PYTHONPATH=/home/poom/ieee_ws/build/webcam_pkg/prefix_override:/home/poom/ieee_ws/install/webcam_pkg/lib/python3.8/site-packages:${PYTHONPATH} /usr/bin/python3 setup.py egg_info --egg-base ../../build/webcam_pkg build --build-base /home/poom/ieee_ws/build/webcam_pkg/build install --record /home/poom/ieee_ws/build/webcam_pkg/install.log --single-version-externally-managed
