[0.349s] DEBUG:colcon:Command line arguments: ['/usr/bin/colcon', 'build']
[0.349s] DEBUG:colcon:Parsed command line arguments: Namespace(allow_overriding=[], ament_cmake_args=None, base_paths=['.'], build_base='build', catkin_cmake_args=None, catkin_skip_building_tests=False, cmake_args=None, cmake_clean_cache=False, cmake_clean_first=False, cmake_force_configure=False, cmake_target=None, cmake_target_skip_unavailable=False, continue_on_error=False, event_handlers=None, executor='parallel', ignore_user_meta=False, install_base='install', log_base=None, log_level=None, main=<bound method BuildVerb.main of <colcon_core.verb.build.BuildVerb object at 0x7faf68bc0e50>>, merge_install=False, metas=['./colcon.meta'], packages_above=None, packages_above_and_dependencies=None, packages_above_depth=None, packages_end=None, packages_ignore=None, packages_ignore_regex=None, packages_select=None, packages_select_build_failed=False, packages_select_by_dep=None, packages_select_regex=None, packages_select_test_failures=False, packages_skip=None, packages_skip_build_finished=False, packages_skip_by_dep=None, packages_skip_regex=None, packages_skip_test_passed=False, packages_skip_up_to=None, packages_start=None, packages_up_to=None, packages_up_to_regex=None, parallel_workers=12, paths=None, symlink_install=False, test_result_base=None, verb_extension=<colcon_core.verb.build.BuildVerb object at 0x7faf68bc0e50>, verb_name='build', verb_parser=<colcon_defaults.argument_parser.defaults.DefaultArgumentsDecorator object at 0x7faf68bcb400>)
[0.381s] Level 1:colcon.colcon_core.package_discovery:discover_packages(colcon_meta) check parameters
[0.381s] Level 1:colcon.colcon_core.package_discovery:discover_packages(recursive) check parameters
[0.381s] Level 1:colcon.colcon_core.package_discovery:discover_packages(ignore) check parameters
[0.381s] Level 1:colcon.colcon_core.package_discovery:discover_packages(path) check parameters
[0.382s] Level 1:colcon.colcon_core.package_discovery:discover_packages(colcon_meta) discover
[0.382s] Level 1:colcon.colcon_core.package_discovery:discover_packages(recursive) discover
[0.382s] INFO:colcon.colcon_core.package_discovery:Crawling recursively for packages in '/home/poom/ieee_ws'
[0.382s] Level 1:colcon.colcon_core.package_identification:_identify(.) by extensions ['ignore', 'ignore_ament_install']
[0.382s] Level 1:colcon.colcon_core.package_identification:_identify(.) by extension 'ignore'
[0.382s] Level 1:colcon.colcon_core.package_identification:_identify(.) by extension 'ignore_ament_install'
[0.382s] Level 1:colcon.colcon_core.package_identification:_identify(.) by extensions ['colcon_pkg']
[0.382s] Level 1:colcon.colcon_core.package_identification:_identify(.) by extension 'colcon_pkg'
[0.382s] Level 1:colcon.colcon_core.package_identification:_identify(.) by extensions ['colcon_meta']
[0.382s] Level 1:colcon.colcon_core.package_identification:_identify(.) by extension 'colcon_meta'
[0.382s] Level 1:colcon.colcon_core.package_identification:_identify(.) by extensions ['ros']
[0.382s] Level 1:colcon.colcon_core.package_identification:_identify(.) by extension 'ros'
[0.394s] Level 1:colcon.colcon_core.package_identification:_identify(.) by extensions ['cmake', 'python']
[0.394s] Level 1:colcon.colcon_core.package_identification:_identify(.) by extension 'cmake'
[0.394s] Level 1:colcon.colcon_core.package_identification:_identify(.) by extension 'python'
[0.394s] Level 1:colcon.colcon_core.package_identification:_identify(.) by extensions ['python_setup_py']
[0.394s] Level 1:colcon.colcon_core.package_identification:_identify(.) by extension 'python_setup_py'
[0.394s] Level 1:colcon.colcon_core.package_identification:_identify(backup) by extensions ['ignore', 'ignore_ament_install']
[0.394s] Level 1:colcon.colcon_core.package_identification:_identify(backup) by extension 'ignore'
[0.394s] Level 1:colcon.colcon_core.package_identification:_identify(backup) by extension 'ignore_ament_install'
[0.394s] Level 1:colcon.colcon_core.package_identification:_identify(backup) by extensions ['colcon_pkg']
[0.394s] Level 1:colcon.colcon_core.package_identification:_identify(backup) by extension 'colcon_pkg'
[0.394s] Level 1:colcon.colcon_core.package_identification:_identify(backup) by extensions ['colcon_meta']
[0.394s] Level 1:colcon.colcon_core.package_identification:_identify(backup) by extension 'colcon_meta'
[0.394s] Level 1:colcon.colcon_core.package_identification:_identify(backup) by extensions ['ros']
[0.394s] Level 1:colcon.colcon_core.package_identification:_identify(backup) by extension 'ros'
[0.394s] Level 1:colcon.colcon_core.package_identification:_identify(backup) by extensions ['cmake', 'python']
[0.394s] Level 1:colcon.colcon_core.package_identification:_identify(backup) by extension 'cmake'
[0.394s] Level 1:colcon.colcon_core.package_identification:_identify(backup) by extension 'python'
[0.394s] Level 1:colcon.colcon_core.package_identification:_identify(backup) by extensions ['python_setup_py']
[0.394s] Level 1:colcon.colcon_core.package_identification:_identify(backup) by extension 'python_setup_py'
[0.395s] Level 1:colcon.colcon_core.package_identification:_identify(backup/xicro_arduino) by extensions ['ignore', 'ignore_ament_install']
[0.395s] Level 1:colcon.colcon_core.package_identification:_identify(backup/xicro_arduino) by extension 'ignore'
[0.395s] Level 1:colcon.colcon_core.package_identification:_identify(backup/xicro_arduino) by extension 'ignore_ament_install'
[0.395s] Level 1:colcon.colcon_core.package_identification:_identify(backup/xicro_arduino) by extensions ['colcon_pkg']
[0.395s] Level 1:colcon.colcon_core.package_identification:_identify(backup/xicro_arduino) by extension 'colcon_pkg'
[0.395s] Level 1:colcon.colcon_core.package_identification:_identify(backup/xicro_arduino) by extensions ['colcon_meta']
[0.395s] Level 1:colcon.colcon_core.package_identification:_identify(backup/xicro_arduino) by extension 'colcon_meta'
[0.395s] Level 1:colcon.colcon_core.package_identification:_identify(backup/xicro_arduino) by extensions ['ros']
[0.395s] Level 1:colcon.colcon_core.package_identification:_identify(backup/xicro_arduino) by extension 'ros'
[0.395s] Level 1:colcon.colcon_core.package_identification:_identify(backup/xicro_arduino) by extensions ['cmake', 'python']
[0.395s] Level 1:colcon.colcon_core.package_identification:_identify(backup/xicro_arduino) by extension 'cmake'
[0.395s] Level 1:colcon.colcon_core.package_identification:_identify(backup/xicro_arduino) by extension 'python'
[0.395s] Level 1:colcon.colcon_core.package_identification:_identify(backup/xicro_arduino) by extensions ['python_setup_py']
[0.395s] Level 1:colcon.colcon_core.package_identification:_identify(backup/xicro_arduino) by extension 'python_setup_py'
[0.395s] Level 1:colcon.colcon_core.package_identification:_identify(build) by extensions ['ignore', 'ignore_ament_install']
[0.395s] Level 1:colcon.colcon_core.package_identification:_identify(build) by extension 'ignore'
[0.395s] Level 1:colcon.colcon_core.package_identification:_identify(build) ignored
[0.395s] Level 1:colcon.colcon_core.package_identification:_identify(install) by extensions ['ignore', 'ignore_ament_install']
[0.395s] Level 1:colcon.colcon_core.package_identification:_identify(install) by extension 'ignore'
[0.395s] Level 1:colcon.colcon_core.package_identification:_identify(install) ignored
[0.396s] Level 1:colcon.colcon_core.package_identification:_identify(log) by extensions ['ignore', 'ignore_ament_install']
[0.396s] Level 1:colcon.colcon_core.package_identification:_identify(log) by extension 'ignore'
[0.396s] Level 1:colcon.colcon_core.package_identification:_identify(log) ignored
[0.396s] Level 1:colcon.colcon_core.package_identification:_identify(src) by extensions ['ignore', 'ignore_ament_install']
[0.396s] Level 1:colcon.colcon_core.package_identification:_identify(src) by extension 'ignore'
[0.396s] Level 1:colcon.colcon_core.package_identification:_identify(src) by extension 'ignore_ament_install'
[0.396s] Level 1:colcon.colcon_core.package_identification:_identify(src) by extensions ['colcon_pkg']
[0.396s] Level 1:colcon.colcon_core.package_identification:_identify(src) by extension 'colcon_pkg'
[0.396s] Level 1:colcon.colcon_core.package_identification:_identify(src) by extensions ['colcon_meta']
[0.396s] Level 1:colcon.colcon_core.package_identification:_identify(src) by extension 'colcon_meta'
[0.396s] Level 1:colcon.colcon_core.package_identification:_identify(src) by extensions ['ros']
[0.396s] Level 1:colcon.colcon_core.package_identification:_identify(src) by extension 'ros'
[0.396s] Level 1:colcon.colcon_core.package_identification:_identify(src) by extensions ['cmake', 'python']
[0.396s] Level 1:colcon.colcon_core.package_identification:_identify(src) by extension 'cmake'
[0.396s] Level 1:colcon.colcon_core.package_identification:_identify(src) by extension 'python'
[0.396s] Level 1:colcon.colcon_core.package_identification:_identify(src) by extensions ['python_setup_py']
[0.396s] Level 1:colcon.colcon_core.package_identification:_identify(src) by extension 'python_setup_py'
[0.396s] Level 1:colcon.colcon_core.package_identification:_identify(src/Xicro) by extensions ['ignore', 'ignore_ament_install']
[0.396s] Level 1:colcon.colcon_core.package_identification:_identify(src/Xicro) by extension 'ignore'
[0.397s] Level 1:colcon.colcon_core.package_identification:_identify(src/Xicro) by extension 'ignore_ament_install'
[0.397s] Level 1:colcon.colcon_core.package_identification:_identify(src/Xicro) by extensions ['colcon_pkg']
[0.397s] Level 1:colcon.colcon_core.package_identification:_identify(src/Xicro) by extension 'colcon_pkg'
[0.397s] Level 1:colcon.colcon_core.package_identification:_identify(src/Xicro) by extensions ['colcon_meta']
[0.397s] Level 1:colcon.colcon_core.package_identification:_identify(src/Xicro) by extension 'colcon_meta'
[0.397s] Level 1:colcon.colcon_core.package_identification:_identify(src/Xicro) by extensions ['ros']
[0.397s] Level 1:colcon.colcon_core.package_identification:_identify(src/Xicro) by extension 'ros'
[0.397s] Level 1:colcon.colcon_core.package_identification:_identify(src/Xicro) by extensions ['cmake', 'python']
[0.397s] Level 1:colcon.colcon_core.package_identification:_identify(src/Xicro) by extension 'cmake'
[0.397s] Level 1:colcon.colcon_core.package_identification:_identify(src/Xicro) by extension 'python'
[0.397s] Level 1:colcon.colcon_core.package_identification:_identify(src/Xicro) by extensions ['python_setup_py']
[0.397s] Level 1:colcon.colcon_core.package_identification:_identify(src/Xicro) by extension 'python_setup_py'
[0.397s] Level 1:colcon.colcon_core.package_identification:_identify(src/Xicro/docs) by extensions ['ignore', 'ignore_ament_install']
[0.397s] Level 1:colcon.colcon_core.package_identification:_identify(src/Xicro/docs) by extension 'ignore'
[0.397s] Level 1:colcon.colcon_core.package_identification:_identify(src/Xicro/docs) by extension 'ignore_ament_install'
[0.397s] Level 1:colcon.colcon_core.package_identification:_identify(src/Xicro/docs) by extensions ['colcon_pkg']
[0.397s] Level 1:colcon.colcon_core.package_identification:_identify(src/Xicro/docs) by extension 'colcon_pkg'
[0.397s] Level 1:colcon.colcon_core.package_identification:_identify(src/Xicro/docs) by extensions ['colcon_meta']
[0.397s] Level 1:colcon.colcon_core.package_identification:_identify(src/Xicro/docs) by extension 'colcon_meta'
[0.397s] Level 1:colcon.colcon_core.package_identification:_identify(src/Xicro/docs) by extensions ['ros']
[0.397s] Level 1:colcon.colcon_core.package_identification:_identify(src/Xicro/docs) by extension 'ros'
[0.397s] Level 1:colcon.colcon_core.package_identification:_identify(src/Xicro/docs) by extensions ['cmake', 'python']
[0.397s] Level 1:colcon.colcon_core.package_identification:_identify(src/Xicro/docs) by extension 'cmake'
[0.398s] Level 1:colcon.colcon_core.package_identification:_identify(src/Xicro/docs) by extension 'python'
[0.398s] Level 1:colcon.colcon_core.package_identification:_identify(src/Xicro/docs) by extensions ['python_setup_py']
[0.398s] Level 1:colcon.colcon_core.package_identification:_identify(src/Xicro/docs) by extension 'python_setup_py'
[0.398s] Level 1:colcon.colcon_core.package_identification:_identify(src/Xicro/docs/pic) by extensions ['ignore', 'ignore_ament_install']
[0.398s] Level 1:colcon.colcon_core.package_identification:_identify(src/Xicro/docs/pic) by extension 'ignore'
[0.398s] Level 1:colcon.colcon_core.package_identification:_identify(src/Xicro/docs/pic) by extension 'ignore_ament_install'
[0.398s] Level 1:colcon.colcon_core.package_identification:_identify(src/Xicro/docs/pic) by extensions ['colcon_pkg']
[0.398s] Level 1:colcon.colcon_core.package_identification:_identify(src/Xicro/docs/pic) by extension 'colcon_pkg'
[0.398s] Level 1:colcon.colcon_core.package_identification:_identify(src/Xicro/docs/pic) by extensions ['colcon_meta']
[0.398s] Level 1:colcon.colcon_core.package_identification:_identify(src/Xicro/docs/pic) by extension 'colcon_meta'
[0.398s] Level 1:colcon.colcon_core.package_identification:_identify(src/Xicro/docs/pic) by extensions ['ros']
[0.398s] Level 1:colcon.colcon_core.package_identification:_identify(src/Xicro/docs/pic) by extension 'ros'
[0.398s] Level 1:colcon.colcon_core.package_identification:_identify(src/Xicro/docs/pic) by extensions ['cmake', 'python']
[0.398s] Level 1:colcon.colcon_core.package_identification:_identify(src/Xicro/docs/pic) by extension 'cmake'
[0.398s] Level 1:colcon.colcon_core.package_identification:_identify(src/Xicro/docs/pic) by extension 'python'
[0.398s] Level 1:colcon.colcon_core.package_identification:_identify(src/Xicro/docs/pic) by extensions ['python_setup_py']
[0.398s] Level 1:colcon.colcon_core.package_identification:_identify(src/Xicro/docs/pic) by extension 'python_setup_py'
[0.398s] Level 1:colcon.colcon_core.package_identification:_identify(src/Xicro/xicro_interfaces) by extensions ['ignore', 'ignore_ament_install']
[0.398s] Level 1:colcon.colcon_core.package_identification:_identify(src/Xicro/xicro_interfaces) by extension 'ignore'
[0.398s] Level 1:colcon.colcon_core.package_identification:_identify(src/Xicro/xicro_interfaces) by extension 'ignore_ament_install'
[0.398s] Level 1:colcon.colcon_core.package_identification:_identify(src/Xicro/xicro_interfaces) by extensions ['colcon_pkg']
[0.398s] Level 1:colcon.colcon_core.package_identification:_identify(src/Xicro/xicro_interfaces) by extension 'colcon_pkg'
[0.399s] Level 1:colcon.colcon_core.package_identification:_identify(src/Xicro/xicro_interfaces) by extensions ['colcon_meta']
[0.399s] Level 1:colcon.colcon_core.package_identification:_identify(src/Xicro/xicro_interfaces) by extension 'colcon_meta'
[0.399s] Level 1:colcon.colcon_core.package_identification:_identify(src/Xicro/xicro_interfaces) by extensions ['ros']
[0.399s] Level 1:colcon.colcon_core.package_identification:_identify(src/Xicro/xicro_interfaces) by extension 'ros'
[0.401s] DEBUG:colcon.colcon_core.package_identification:Package 'src/Xicro/xicro_interfaces' with type 'ros.ament_cmake' and name 'xicro_interfaces'
[0.401s] Level 1:colcon.colcon_core.package_identification:_identify(src/Xicro/xicro_pkg) by extensions ['ignore', 'ignore_ament_install']
[0.401s] Level 1:colcon.colcon_core.package_identification:_identify(src/Xicro/xicro_pkg) by extension 'ignore'
[0.401s] Level 1:colcon.colcon_core.package_identification:_identify(src/Xicro/xicro_pkg) by extension 'ignore_ament_install'
[0.401s] Level 1:colcon.colcon_core.package_identification:_identify(src/Xicro/xicro_pkg) by extensions ['colcon_pkg']
[0.401s] Level 1:colcon.colcon_core.package_identification:_identify(src/Xicro/xicro_pkg) by extension 'colcon_pkg'
[0.401s] Level 1:colcon.colcon_core.package_identification:_identify(src/Xicro/xicro_pkg) by extensions ['colcon_meta']
[0.401s] Level 1:colcon.colcon_core.package_identification:_identify(src/Xicro/xicro_pkg) by extension 'colcon_meta'
[0.401s] Level 1:colcon.colcon_core.package_identification:_identify(src/Xicro/xicro_pkg) by extensions ['ros']
[0.401s] Level 1:colcon.colcon_core.package_identification:_identify(src/Xicro/xicro_pkg) by extension 'ros'
[0.402s] DEBUG:colcon.colcon_core.package_identification:Package 'src/Xicro/xicro_pkg' with type 'ros.ament_cmake' and name 'xicro_pkg'
[0.402s] Level 1:colcon.colcon_core.package_identification:_identify(src/ieee_pkg) by extensions ['ignore', 'ignore_ament_install']
[0.402s] Level 1:colcon.colcon_core.package_identification:_identify(src/ieee_pkg) by extension 'ignore'
[0.402s] Level 1:colcon.colcon_core.package_identification:_identify(src/ieee_pkg) by extension 'ignore_ament_install'
[0.402s] Level 1:colcon.colcon_core.package_identification:_identify(src/ieee_pkg) by extensions ['colcon_pkg']
[0.402s] Level 1:colcon.colcon_core.package_identification:_identify(src/ieee_pkg) by extension 'colcon_pkg'
[0.402s] Level 1:colcon.colcon_core.package_identification:_identify(src/ieee_pkg) by extensions ['colcon_meta']
[0.402s] Level 1:colcon.colcon_core.package_identification:_identify(src/ieee_pkg) by extension 'colcon_meta'
[0.402s] Level 1:colcon.colcon_core.package_identification:_identify(src/ieee_pkg) by extensions ['ros']
[0.402s] Level 1:colcon.colcon_core.package_identification:_identify(src/ieee_pkg) by extension 'ros'
[0.402s] DEBUG:colcon.colcon_core.package_identification:Package 'src/ieee_pkg' with type 'ros.ament_python' and name 'ieee_pkg'
[0.403s] Level 1:colcon.colcon_core.package_identification:_identify(src/webcam_pkg) by extensions ['ignore', 'ignore_ament_install']
[0.403s] Level 1:colcon.colcon_core.package_identification:_identify(src/webcam_pkg) by extension 'ignore'
[0.403s] Level 1:colcon.colcon_core.package_identification:_identify(src/webcam_pkg) by extension 'ignore_ament_install'
[0.403s] Level 1:colcon.colcon_core.package_identification:_identify(src/webcam_pkg) by extensions ['colcon_pkg']
[0.403s] Level 1:colcon.colcon_core.package_identification:_identify(src/webcam_pkg) by extension 'colcon_pkg'
[0.403s] Level 1:colcon.colcon_core.package_identification:_identify(src/webcam_pkg) by extensions ['colcon_meta']
[0.403s] Level 1:colcon.colcon_core.package_identification:_identify(src/webcam_pkg) by extension 'colcon_meta'
[0.403s] Level 1:colcon.colcon_core.package_identification:_identify(src/webcam_pkg) by extensions ['ros']
[0.403s] Level 1:colcon.colcon_core.package_identification:_identify(src/webcam_pkg) by extension 'ros'
[0.404s] DEBUG:colcon.colcon_core.package_identification:Package 'src/webcam_pkg' with type 'ros.ament_python' and name 'webcam_pkg'
[0.404s] Level 1:colcon.colcon_core.package_identification:_identify(xicro_arduino) by extensions ['ignore', 'ignore_ament_install']
[0.404s] Level 1:colcon.colcon_core.package_identification:_identify(xicro_arduino) by extension 'ignore'
[0.404s] Level 1:colcon.colcon_core.package_identification:_identify(xicro_arduino) by extension 'ignore_ament_install'
[0.404s] Level 1:colcon.colcon_core.package_identification:_identify(xicro_arduino) by extensions ['colcon_pkg']
[0.404s] Level 1:colcon.colcon_core.package_identification:_identify(xicro_arduino) by extension 'colcon_pkg'
[0.404s] Level 1:colcon.colcon_core.package_identification:_identify(xicro_arduino) by extensions ['colcon_meta']
[0.404s] Level 1:colcon.colcon_core.package_identification:_identify(xicro_arduino) by extension 'colcon_meta'
[0.404s] Level 1:colcon.colcon_core.package_identification:_identify(xicro_arduino) by extensions ['ros']
[0.404s] Level 1:colcon.colcon_core.package_identification:_identify(xicro_arduino) by extension 'ros'
[0.404s] Level 1:colcon.colcon_core.package_identification:_identify(xicro_arduino) by extensions ['cmake', 'python']
[0.404s] Level 1:colcon.colcon_core.package_identification:_identify(xicro_arduino) by extension 'cmake'
[0.404s] Level 1:colcon.colcon_core.package_identification:_identify(xicro_arduino) by extension 'python'
[0.404s] Level 1:colcon.colcon_core.package_identification:_identify(xicro_arduino) by extensions ['python_setup_py']
[0.404s] Level 1:colcon.colcon_core.package_identification:_identify(xicro_arduino) by extension 'python_setup_py'
[0.405s] Level 1:colcon.colcon_core.package_discovery:discover_packages(recursive) using defaults
[0.405s] Level 1:colcon.colcon_core.package_discovery:discover_packages(ignore) discover
[0.405s] Level 1:colcon.colcon_core.package_discovery:discover_packages(ignore) using defaults
[0.405s] Level 1:colcon.colcon_core.package_discovery:discover_packages(path) discover
[0.405s] Level 1:colcon.colcon_core.package_discovery:discover_packages(path) using defaults
[0.429s] Level 1:colcon.colcon_core.package_discovery:discover_packages(prefix_path) check parameters
[0.429s] Level 1:colcon.colcon_core.package_discovery:discover_packages(prefix_path) discover
[0.433s] DEBUG:colcon.colcon_installed_package_information.package_discovery:Found 4 installed packages in /home/poom/ieee_ws/install
[0.435s] DEBUG:colcon.colcon_installed_package_information.package_discovery:Found 271 installed packages in /opt/ros/galactic
[0.437s] Level 1:colcon.colcon_core.package_discovery:discover_packages(prefix_path) using defaults
[0.521s] Level 5:colcon.colcon_core.verb:set package 'ieee_pkg' build argument 'cmake_args' from command line to 'None'
[0.521s] Level 5:colcon.colcon_core.verb:set package 'ieee_pkg' build argument 'cmake_target' from command line to 'None'
[0.521s] Level 5:colcon.colcon_core.verb:set package 'ieee_pkg' build argument 'cmake_target_skip_unavailable' from command line to 'False'
[0.521s] Level 5:colcon.colcon_core.verb:set package 'ieee_pkg' build argument 'cmake_clean_cache' from command line to 'False'
[0.521s] Level 5:colcon.colcon_core.verb:set package 'ieee_pkg' build argument 'cmake_clean_first' from command line to 'False'
[0.521s] Level 5:colcon.colcon_core.verb:set package 'ieee_pkg' build argument 'cmake_force_configure' from command line to 'False'
[0.521s] Level 5:colcon.colcon_core.verb:set package 'ieee_pkg' build argument 'ament_cmake_args' from command line to 'None'
[0.521s] Level 5:colcon.colcon_core.verb:set package 'ieee_pkg' build argument 'catkin_cmake_args' from command line to 'None'
[0.521s] Level 5:colcon.colcon_core.verb:set package 'ieee_pkg' build argument 'catkin_skip_building_tests' from command line to 'False'
[0.521s] DEBUG:colcon.colcon_core.verb:Building package 'ieee_pkg' with the following arguments: {'ament_cmake_args': None, 'build_base': '/home/poom/ieee_ws/build/ieee_pkg', 'catkin_cmake_args': None, 'catkin_skip_building_tests': False, 'cmake_args': None, 'cmake_clean_cache': False, 'cmake_clean_first': False, 'cmake_force_configure': False, 'cmake_target': None, 'cmake_target_skip_unavailable': False, 'install_base': '/home/poom/ieee_ws/install/ieee_pkg', 'merge_install': False, 'path': '/home/poom/ieee_ws/src/ieee_pkg', 'symlink_install': False, 'test_result_base': None}
[0.522s] Level 5:colcon.colcon_core.verb:set package 'webcam_pkg' build argument 'cmake_args' from command line to 'None'
[0.522s] Level 5:colcon.colcon_core.verb:set package 'webcam_pkg' build argument 'cmake_target' from command line to 'None'
[0.522s] Level 5:colcon.colcon_core.verb:set package 'webcam_pkg' build argument 'cmake_target_skip_unavailable' from command line to 'False'
[0.522s] Level 5:colcon.colcon_core.verb:set package 'webcam_pkg' build argument 'cmake_clean_cache' from command line to 'False'
[0.522s] Level 5:colcon.colcon_core.verb:set package 'webcam_pkg' build argument 'cmake_clean_first' from command line to 'False'
[0.522s] Level 5:colcon.colcon_core.verb:set package 'webcam_pkg' build argument 'cmake_force_configure' from command line to 'False'
[0.522s] Level 5:colcon.colcon_core.verb:set package 'webcam_pkg' build argument 'ament_cmake_args' from command line to 'None'
[0.522s] Level 5:colcon.colcon_core.verb:set package 'webcam_pkg' build argument 'catkin_cmake_args' from command line to 'None'
[0.522s] Level 5:colcon.colcon_core.verb:set package 'webcam_pkg' build argument 'catkin_skip_building_tests' from command line to 'False'
[0.522s] DEBUG:colcon.colcon_core.verb:Building package 'webcam_pkg' with the following arguments: {'ament_cmake_args': None, 'build_base': '/home/poom/ieee_ws/build/webcam_pkg', 'catkin_cmake_args': None, 'catkin_skip_building_tests': False, 'cmake_args': None, 'cmake_clean_cache': False, 'cmake_clean_first': False, 'cmake_force_configure': False, 'cmake_target': None, 'cmake_target_skip_unavailable': False, 'install_base': '/home/poom/ieee_ws/install/webcam_pkg', 'merge_install': False, 'path': '/home/poom/ieee_ws/src/webcam_pkg', 'symlink_install': False, 'test_result_base': None}
[0.523s] Level 5:colcon.colcon_core.verb:set package 'xicro_interfaces' build argument 'cmake_args' from command line to 'None'
[0.523s] Level 5:colcon.colcon_core.verb:set package 'xicro_interfaces' build argument 'cmake_target' from command line to 'None'
[0.523s] Level 5:colcon.colcon_core.verb:set package 'xicro_interfaces' build argument 'cmake_target_skip_unavailable' from command line to 'False'
[0.523s] Level 5:colcon.colcon_core.verb:set package 'xicro_interfaces' build argument 'cmake_clean_cache' from command line to 'False'
[0.523s] Level 5:colcon.colcon_core.verb:set package 'xicro_interfaces' build argument 'cmake_clean_first' from command line to 'False'
[0.523s] Level 5:colcon.colcon_core.verb:set package 'xicro_interfaces' build argument 'cmake_force_configure' from command line to 'False'
[0.523s] Level 5:colcon.colcon_core.verb:set package 'xicro_interfaces' build argument 'ament_cmake_args' from command line to 'None'
[0.523s] Level 5:colcon.colcon_core.verb:set package 'xicro_interfaces' build argument 'catkin_cmake_args' from command line to 'None'
[0.523s] Level 5:colcon.colcon_core.verb:set package 'xicro_interfaces' build argument 'catkin_skip_building_tests' from command line to 'False'
[0.523s] DEBUG:colcon.colcon_core.verb:Building package 'xicro_interfaces' with the following arguments: {'ament_cmake_args': None, 'build_base': '/home/poom/ieee_ws/build/xicro_interfaces', 'catkin_cmake_args': None, 'catkin_skip_building_tests': False, 'cmake_args': None, 'cmake_clean_cache': False, 'cmake_clean_first': False, 'cmake_force_configure': False, 'cmake_target': None, 'cmake_target_skip_unavailable': False, 'install_base': '/home/poom/ieee_ws/install/xicro_interfaces', 'merge_install': False, 'path': '/home/poom/ieee_ws/src/Xicro/xicro_interfaces', 'symlink_install': False, 'test_result_base': None}
[0.524s] Level 5:colcon.colcon_core.verb:set package 'xicro_pkg' build argument 'cmake_args' from command line to 'None'
[0.524s] Level 5:colcon.colcon_core.verb:set package 'xicro_pkg' build argument 'cmake_target' from command line to 'None'
[0.524s] Level 5:colcon.colcon_core.verb:set package 'xicro_pkg' build argument 'cmake_target_skip_unavailable' from command line to 'False'
[0.524s] Level 5:colcon.colcon_core.verb:set package 'xicro_pkg' build argument 'cmake_clean_cache' from command line to 'False'
[0.524s] Level 5:colcon.colcon_core.verb:set package 'xicro_pkg' build argument 'cmake_clean_first' from command line to 'False'
[0.524s] Level 5:colcon.colcon_core.verb:set package 'xicro_pkg' build argument 'cmake_force_configure' from command line to 'False'
[0.524s] Level 5:colcon.colcon_core.verb:set package 'xicro_pkg' build argument 'ament_cmake_args' from command line to 'None'
[0.524s] Level 5:colcon.colcon_core.verb:set package 'xicro_pkg' build argument 'catkin_cmake_args' from command line to 'None'
[0.525s] Level 5:colcon.colcon_core.verb:set package 'xicro_pkg' build argument 'catkin_skip_building_tests' from command line to 'False'
[0.525s] DEBUG:colcon.colcon_core.verb:Building package 'xicro_pkg' with the following arguments: {'ament_cmake_args': None, 'build_base': '/home/poom/ieee_ws/build/xicro_pkg', 'catkin_cmake_args': None, 'catkin_skip_building_tests': False, 'cmake_args': None, 'cmake_clean_cache': False, 'cmake_clean_first': False, 'cmake_force_configure': False, 'cmake_target': None, 'cmake_target_skip_unavailable': False, 'install_base': '/home/poom/ieee_ws/install/xicro_pkg', 'merge_install': False, 'path': '/home/poom/ieee_ws/src/Xicro/xicro_pkg', 'symlink_install': False, 'test_result_base': None}
[0.525s] INFO:colcon.colcon_core.executor:Executing jobs using 'parallel' executor
[0.529s] DEBUG:colcon.colcon_parallel_executor.executor.parallel:run_until_complete
[0.529s] INFO:colcon.colcon_ros.task.ament_python.build:Building ROS package in '/home/poom/ieee_ws/src/ieee_pkg' with build type 'ament_python'
[0.529s] Level 1:colcon.colcon_core.shell:create_environment_hook('ieee_pkg', 'ament_prefix_path')
[0.532s] INFO:colcon.colcon_core.plugin_system:Skipping extension 'colcon_core.shell.bat': Not used on non-Windows systems
[0.533s] INFO:colcon.colcon_core.shell:Creating environment hook '/home/poom/ieee_ws/install/ieee_pkg/share/ieee_pkg/hook/ament_prefix_path.ps1'
[0.533s] INFO:colcon.colcon_core.shell:Creating environment descriptor '/home/poom/ieee_ws/install/ieee_pkg/share/ieee_pkg/hook/ament_prefix_path.dsv'
[0.533s] INFO:colcon.colcon_core.shell:Creating environment hook '/home/poom/ieee_ws/install/ieee_pkg/share/ieee_pkg/hook/ament_prefix_path.sh'
[0.535s] INFO:colcon.colcon_core.shell:Skip shell extension 'powershell' for command environment: Not usable outside of PowerShell
[0.535s] DEBUG:colcon.colcon_core.shell:Skip shell extension 'dsv' for command environment
[0.540s] INFO:colcon.colcon_ros.task.ament_python.build:Building ROS package in '/home/poom/ieee_ws/src/webcam_pkg' with build type 'ament_python'
[0.541s] Level 1:colcon.colcon_core.shell:create_environment_hook('webcam_pkg', 'ament_prefix_path')
[0.543s] INFO:colcon.colcon_core.shell:Creating environment hook '/home/poom/ieee_ws/install/webcam_pkg/share/webcam_pkg/hook/ament_prefix_path.ps1'
[0.544s] INFO:colcon.colcon_core.shell:Creating environment descriptor '/home/poom/ieee_ws/install/webcam_pkg/share/webcam_pkg/hook/ament_prefix_path.dsv'
[0.544s] INFO:colcon.colcon_core.shell:Creating environment hook '/home/poom/ieee_ws/install/webcam_pkg/share/webcam_pkg/hook/ament_prefix_path.sh'
[0.546s] INFO:colcon.colcon_core.shell:Skip shell extension 'powershell' for command environment: Not usable outside of PowerShell
[0.546s] DEBUG:colcon.colcon_core.shell:Skip shell extension 'dsv' for command environment
[0.553s] INFO:colcon.colcon_ros.task.ament_cmake.build:Building ROS package in '/home/poom/ieee_ws/src/Xicro/xicro_interfaces' with build type 'ament_cmake'
[0.553s] INFO:colcon.colcon_cmake.task.cmake.build:Building CMake package in '/home/poom/ieee_ws/src/Xicro/xicro_interfaces'
[0.555s] INFO:colcon.colcon_core.shell:Skip shell extension 'powershell' for command environment: Not usable outside of PowerShell
[0.555s] DEBUG:colcon.colcon_core.shell:Skip shell extension 'dsv' for command environment
[0.562s] INFO:colcon.colcon_ros.task.ament_cmake.build:Building ROS package in '/home/poom/ieee_ws/src/Xicro/xicro_pkg' with build type 'ament_cmake'
[0.563s] INFO:colcon.colcon_cmake.task.cmake.build:Building CMake package in '/home/poom/ieee_ws/src/Xicro/xicro_pkg'
[0.565s] INFO:colcon.colcon_core.shell:Skip shell extension 'powershell' for command environment: Not usable outside of PowerShell
[0.565s] DEBUG:colcon.colcon_core.shell:Skip shell extension 'dsv' for command environment
[0.802s] INFO:colcon.colcon_core.task.python.build:Building Python package in '/home/poom/ieee_ws/src/ieee_pkg'
[0.804s] INFO:colcon.colcon_core.shell:Skip shell extension 'powershell' for command environment: Not usable outside of PowerShell
[0.804s] DEBUG:colcon.colcon_core.shell:Skip shell extension 'dsv' for command environment
[1.093s] INFO:colcon.colcon_core.task.python.build:Building Python package in '/home/poom/ieee_ws/src/webcam_pkg'
[1.095s] INFO:colcon.colcon_core.shell:Skip shell extension 'powershell' for command environment: Not usable outside of PowerShell
[1.095s] DEBUG:colcon.colcon_core.shell:Skip shell extension 'dsv' for command environment
[1.105s] DEBUG:colcon.colcon_core.event_handler.log_command:Invoking command in '/home/poom/ieee_ws/build/xicro_interfaces': CMAKE_PREFIX_PATH=${CMAKE_PREFIX_PATH}:/home/poom/ieee_ws/install/webcam_pkg:/home/poom/ieee_ws/install/ieee_pkg:/opt/ros/galactic /home/poom/.local/bin/cmake --build /home/poom/ieee_ws/build/xicro_interfaces -- -j12 -l12
[1.113s] DEBUG:colcon.colcon_core.event_handler.log_command:Invoking command in '/home/poom/ieee_ws/build/xicro_pkg': CMAKE_PREFIX_PATH=${CMAKE_PREFIX_PATH}:/home/poom/ieee_ws/install/webcam_pkg:/home/poom/ieee_ws/install/ieee_pkg:/opt/ros/galactic /home/poom/.local/bin/cmake --build /home/poom/ieee_ws/build/xicro_pkg -- -j12 -l12
[1.217s] DEBUG:colcon.colcon_core.event_handler.log_command:Invoked command in '/home/poom/ieee_ws/build/xicro_interfaces' returned '0': CMAKE_PREFIX_PATH=${CMAKE_PREFIX_PATH}:/home/poom/ieee_ws/install/webcam_pkg:/home/poom/ieee_ws/install/ieee_pkg:/opt/ros/galactic /home/poom/.local/bin/cmake --build /home/poom/ieee_ws/build/xicro_interfaces -- -j12 -l12
[1.326s] DEBUG:colcon.colcon_core.event_handler.log_command:Invoking command in '/home/poom/ieee_ws/build/xicro_interfaces': CMAKE_PREFIX_PATH=${CMAKE_PREFIX_PATH}:/home/poom/ieee_ws/install/webcam_pkg:/home/poom/ieee_ws/install/ieee_pkg:/opt/ros/galactic /home/poom/.local/bin/cmake --install /home/poom/ieee_ws/build/xicro_interfaces
[1.406s] Level 1:colcon.colcon_core.environment:create_environment_scripts_only(xicro_interfaces)
[1.408s] DEBUG:colcon.colcon_core.event_handler.log_command:Invoked command in '/home/poom/ieee_ws/build/xicro_interfaces' returned '0': CMAKE_PREFIX_PATH=${CMAKE_PREFIX_PATH}:/home/poom/ieee_ws/install/webcam_pkg:/home/poom/ieee_ws/install/ieee_pkg:/opt/ros/galactic /home/poom/.local/bin/cmake --install /home/poom/ieee_ws/build/xicro_interfaces
[1.412s] Level 1:colcon.colcon_core.environment:checking '/home/poom/ieee_ws/install/xicro_interfaces' for CMake module files
[1.413s] Level 1:colcon.colcon_core.environment:checking '/home/poom/ieee_ws/install/xicro_interfaces' for CMake config files
[1.413s] Level 1:colcon.colcon_core.shell:create_environment_hook('xicro_interfaces', 'cmake_prefix_path')
[1.415s] INFO:colcon.colcon_core.shell:Creating environment hook '/home/poom/ieee_ws/install/xicro_interfaces/share/xicro_interfaces/hook/cmake_prefix_path.ps1'
[1.416s] INFO:colcon.colcon_core.shell:Creating environment descriptor '/home/poom/ieee_ws/install/xicro_interfaces/share/xicro_interfaces/hook/cmake_prefix_path.dsv'
[1.417s] INFO:colcon.colcon_core.shell:Creating environment hook '/home/poom/ieee_ws/install/xicro_interfaces/share/xicro_interfaces/hook/cmake_prefix_path.sh'
[1.417s] Level 1:colcon.colcon_core.environment:checking '/home/poom/ieee_ws/install/xicro_interfaces/lib'
[1.418s] Level 1:colcon.colcon_core.shell:create_environment_hook('xicro_interfaces', 'ld_library_path_lib')
[1.419s] INFO:colcon.colcon_core.shell:Creating environment hook '/home/poom/ieee_ws/install/xicro_interfaces/share/xicro_interfaces/hook/ld_library_path_lib.ps1'
[1.419s] INFO:colcon.colcon_core.shell:Creating environment descriptor '/home/poom/ieee_ws/install/xicro_interfaces/share/xicro_interfaces/hook/ld_library_path_lib.dsv'
[1.420s] INFO:colcon.colcon_core.shell:Creating environment hook '/home/poom/ieee_ws/install/xicro_interfaces/share/xicro_interfaces/hook/ld_library_path_lib.sh'
[1.420s] Level 1:colcon.colcon_core.environment:checking '/home/poom/ieee_ws/install/xicro_interfaces/bin'
[1.420s] Level 1:colcon.colcon_core.environment:checking '/home/poom/ieee_ws/install/xicro_interfaces/lib/pkgconfig/xicro_interfaces.pc'
[1.420s] Level 1:colcon.colcon_core.environment:checking '/home/poom/ieee_ws/install/xicro_interfaces/lib/python3.8/site-packages'
[1.420s] Level 1:colcon.colcon_core.shell:create_environment_hook('xicro_interfaces', 'pythonpath')
[1.422s] INFO:colcon.colcon_core.shell:Creating environment hook '/home/poom/ieee_ws/install/xicro_interfaces/share/xicro_interfaces/hook/pythonpath.ps1'
[1.422s] INFO:colcon.colcon_core.shell:Creating environment descriptor '/home/poom/ieee_ws/install/xicro_interfaces/share/xicro_interfaces/hook/pythonpath.dsv'
[1.422s] INFO:colcon.colcon_core.shell:Creating environment hook '/home/poom/ieee_ws/install/xicro_interfaces/share/xicro_interfaces/hook/pythonpath.sh'
[1.423s] Level 1:colcon.colcon_core.environment:checking '/home/poom/ieee_ws/install/xicro_interfaces/bin'
[1.424s] INFO:colcon.colcon_core.shell:Creating package script '/home/poom/ieee_ws/install/xicro_interfaces/share/xicro_interfaces/package.ps1'
[1.425s] INFO:colcon.colcon_core.shell:Creating package descriptor '/home/poom/ieee_ws/install/xicro_interfaces/share/xicro_interfaces/package.dsv'
[1.426s] INFO:colcon.colcon_core.shell:Creating package script '/home/poom/ieee_ws/install/xicro_interfaces/share/xicro_interfaces/package.sh'
[1.427s] INFO:colcon.colcon_core.shell:Creating package script '/home/poom/ieee_ws/install/xicro_interfaces/share/xicro_interfaces/package.bash'
[1.427s] INFO:colcon.colcon_core.shell:Creating package script '/home/poom/ieee_ws/install/xicro_interfaces/share/xicro_interfaces/package.zsh'
[1.428s] Level 1:colcon.colcon_core.environment:create_file_with_runtime_dependencies(/home/poom/ieee_ws/install/xicro_interfaces/share/colcon-core/packages/xicro_interfaces)
[1.507s] Level 1:colcon.colcon_core.environment:create_environment_scripts_only(xicro_interfaces)
[1.510s] Level 1:colcon.colcon_core.environment:checking '/home/poom/ieee_ws/install/xicro_interfaces' for CMake module files
[1.510s] Level 1:colcon.colcon_core.environment:checking '/home/poom/ieee_ws/install/xicro_interfaces' for CMake config files
[1.511s] Level 1:colcon.colcon_core.shell:create_environment_hook('xicro_interfaces', 'cmake_prefix_path')
[1.512s] INFO:colcon.colcon_core.shell:Creating environment hook '/home/poom/ieee_ws/install/xicro_interfaces/share/xicro_interfaces/hook/cmake_prefix_path.ps1'
[1.513s] INFO:colcon.colcon_core.shell:Creating environment descriptor '/home/poom/ieee_ws/install/xicro_interfaces/share/xicro_interfaces/hook/cmake_prefix_path.dsv'
[1.514s] INFO:colcon.colcon_core.shell:Creating environment hook '/home/poom/ieee_ws/install/xicro_interfaces/share/xicro_interfaces/hook/cmake_prefix_path.sh'
[1.514s] Level 1:colcon.colcon_core.environment:checking '/home/poom/ieee_ws/install/xicro_interfaces/lib'
[1.514s] Level 1:colcon.colcon_core.shell:create_environment_hook('xicro_interfaces', 'ld_library_path_lib')
[1.516s] INFO:colcon.colcon_core.shell:Creating environment hook '/home/poom/ieee_ws/install/xicro_interfaces/share/xicro_interfaces/hook/ld_library_path_lib.ps1'
[1.516s] INFO:colcon.colcon_core.shell:Creating environment descriptor '/home/poom/ieee_ws/install/xicro_interfaces/share/xicro_interfaces/hook/ld_library_path_lib.dsv'
[1.516s] INFO:colcon.colcon_core.shell:Creating environment hook '/home/poom/ieee_ws/install/xicro_interfaces/share/xicro_interfaces/hook/ld_library_path_lib.sh'
[1.517s] Level 1:colcon.colcon_core.environment:checking '/home/poom/ieee_ws/install/xicro_interfaces/bin'
[1.517s] Level 1:colcon.colcon_core.environment:checking '/home/poom/ieee_ws/install/xicro_interfaces/lib/pkgconfig/xicro_interfaces.pc'
[1.517s] Level 1:colcon.colcon_core.environment:checking '/home/poom/ieee_ws/install/xicro_interfaces/lib/python3.8/site-packages'
[1.517s] Level 1:colcon.colcon_core.shell:create_environment_hook('xicro_interfaces', 'pythonpath')
[1.518s] INFO:colcon.colcon_core.shell:Creating environment hook '/home/poom/ieee_ws/install/xicro_interfaces/share/xicro_interfaces/hook/pythonpath.ps1'
[1.519s] INFO:colcon.colcon_core.shell:Creating environment descriptor '/home/poom/ieee_ws/install/xicro_interfaces/share/xicro_interfaces/hook/pythonpath.dsv'
[1.519s] INFO:colcon.colcon_core.shell:Creating environment hook '/home/poom/ieee_ws/install/xicro_interfaces/share/xicro_interfaces/hook/pythonpath.sh'
[1.519s] Level 1:colcon.colcon_core.environment:checking '/home/poom/ieee_ws/install/xicro_interfaces/bin'
[1.521s] INFO:colcon.colcon_core.shell:Creating package script '/home/poom/ieee_ws/install/xicro_interfaces/share/xicro_interfaces/package.ps1'
[1.521s] INFO:colcon.colcon_core.shell:Creating package descriptor '/home/poom/ieee_ws/install/xicro_interfaces/share/xicro_interfaces/package.dsv'
[1.522s] INFO:colcon.colcon_core.shell:Creating package script '/home/poom/ieee_ws/install/xicro_interfaces/share/xicro_interfaces/package.sh'
[1.522s] INFO:colcon.colcon_core.shell:Creating package script '/home/poom/ieee_ws/install/xicro_interfaces/share/xicro_interfaces/package.bash'
[1.523s] INFO:colcon.colcon_core.shell:Creating package script '/home/poom/ieee_ws/install/xicro_interfaces/share/xicro_interfaces/package.zsh'
[1.523s] Level 1:colcon.colcon_core.environment:create_file_with_runtime_dependencies(/home/poom/ieee_ws/install/xicro_interfaces/share/colcon-core/packages/xicro_interfaces)
[1.599s] DEBUG:colcon.colcon_core.event_handler.log_command:Invoked command in '/home/poom/ieee_ws/build/xicro_pkg' returned '0': CMAKE_PREFIX_PATH=${CMAKE_PREFIX_PATH}:/home/poom/ieee_ws/install/webcam_pkg:/home/poom/ieee_ws/install/ieee_pkg:/opt/ros/galactic /home/poom/.local/bin/cmake --build /home/poom/ieee_ws/build/xicro_pkg -- -j12 -l12
[1.652s] DEBUG:colcon.colcon_core.event_handler.log_command:Invoking command in '/home/poom/ieee_ws/build/xicro_pkg': CMAKE_PREFIX_PATH=${CMAKE_PREFIX_PATH}:/home/poom/ieee_ws/install/webcam_pkg:/home/poom/ieee_ws/install/ieee_pkg:/opt/ros/galactic /home/poom/.local/bin/cmake --install /home/poom/ieee_ws/build/xicro_pkg
[1.711s] DEBUG:colcon.colcon_core.event_handler.log_command:Invoking command in '/home/poom/ieee_ws/src/webcam_pkg': PYTHONPATH=/home/poom/ieee_ws/build/webcam_pkg/prefix_override:/home/poom/ieee_ws/install/webcam_pkg/lib/python3.8/site-packages:${PYTHONPATH} /usr/bin/python3 setup.py egg_info --egg-base ../../build/webcam_pkg build --build-base /home/poom/ieee_ws/build/webcam_pkg/build install --record /home/poom/ieee_ws/build/webcam_pkg/install.log --single-version-externally-managed
[1.721s] Level 1:colcon.colcon_core.environment:create_environment_scripts_only(xicro_pkg)
[1.722s] DEBUG:colcon.colcon_core.event_handler.log_command:Invoked command in '/home/poom/ieee_ws/build/xicro_pkg' returned '0': CMAKE_PREFIX_PATH=${CMAKE_PREFIX_PATH}:/home/poom/ieee_ws/install/webcam_pkg:/home/poom/ieee_ws/install/ieee_pkg:/opt/ros/galactic /home/poom/.local/bin/cmake --install /home/poom/ieee_ws/build/xicro_pkg
[1.724s] Level 1:colcon.colcon_core.environment:checking '/home/poom/ieee_ws/install/xicro_pkg' for CMake module files
[1.725s] Level 1:colcon.colcon_core.environment:checking '/home/poom/ieee_ws/install/xicro_pkg' for CMake config files
[1.725s] Level 1:colcon.colcon_core.shell:create_environment_hook('xicro_pkg', 'cmake_prefix_path')
[1.727s] INFO:colcon.colcon_core.shell:Creating environment hook '/home/poom/ieee_ws/install/xicro_pkg/share/xicro_pkg/hook/cmake_prefix_path.ps1'
[1.728s] INFO:colcon.colcon_core.shell:Creating environment descriptor '/home/poom/ieee_ws/install/xicro_pkg/share/xicro_pkg/hook/cmake_prefix_path.dsv'
[1.728s] INFO:colcon.colcon_core.shell:Creating environment hook '/home/poom/ieee_ws/install/xicro_pkg/share/xicro_pkg/hook/cmake_prefix_path.sh'
[1.729s] Level 1:colcon.colcon_core.environment:checking '/home/poom/ieee_ws/install/xicro_pkg/lib'
[1.729s] Level 1:colcon.colcon_core.environment:checking '/home/poom/ieee_ws/install/xicro_pkg/bin'
[1.729s] Level 1:colcon.colcon_core.environment:checking '/home/poom/ieee_ws/install/xicro_pkg/lib/pkgconfig/xicro_pkg.pc'
[1.729s] Level 1:colcon.colcon_core.environment:checking '/home/poom/ieee_ws/install/xicro_pkg/lib/python3.8/site-packages'
[1.730s] Level 1:colcon.colcon_core.shell:create_environment_hook('xicro_pkg', 'pythonpath')
[1.732s] INFO:colcon.colcon_core.shell:Creating environment hook '/home/poom/ieee_ws/install/xicro_pkg/share/xicro_pkg/hook/pythonpath.ps1'
[1.732s] INFO:colcon.colcon_core.shell:Creating environment descriptor '/home/poom/ieee_ws/install/xicro_pkg/share/xicro_pkg/hook/pythonpath.dsv'
[1.733s] INFO:colcon.colcon_core.shell:Creating environment hook '/home/poom/ieee_ws/install/xicro_pkg/share/xicro_pkg/hook/pythonpath.sh'
[1.733s] Level 1:colcon.colcon_core.environment:checking '/home/poom/ieee_ws/install/xicro_pkg/bin'
[1.736s] INFO:colcon.colcon_core.shell:Creating package script '/home/poom/ieee_ws/install/xicro_pkg/share/xicro_pkg/package.ps1'
[1.736s] INFO:colcon.colcon_core.shell:Creating package descriptor '/home/poom/ieee_ws/install/xicro_pkg/share/xicro_pkg/package.dsv'
[1.737s] INFO:colcon.colcon_core.shell:Creating package script '/home/poom/ieee_ws/install/xicro_pkg/share/xicro_pkg/package.sh'
[1.737s] INFO:colcon.colcon_core.shell:Creating package script '/home/poom/ieee_ws/install/xicro_pkg/share/xicro_pkg/package.bash'
[1.738s] INFO:colcon.colcon_core.shell:Creating package script '/home/poom/ieee_ws/install/xicro_pkg/share/xicro_pkg/package.zsh'
[1.738s] Level 1:colcon.colcon_core.environment:create_file_with_runtime_dependencies(/home/poom/ieee_ws/install/xicro_pkg/share/colcon-core/packages/xicro_pkg)
[1.748s] DEBUG:colcon.colcon_core.event_handler.log_command:Invoking command in '/home/poom/ieee_ws/src/ieee_pkg': PYTHONPATH=/home/poom/ieee_ws/build/ieee_pkg/prefix_override:/home/poom/ieee_ws/install/ieee_pkg/lib/python3.8/site-packages:${PYTHONPATH} /usr/bin/python3 setup.py egg_info --egg-base ../../build/ieee_pkg build --build-base /home/poom/ieee_ws/build/ieee_pkg/build install --record /home/poom/ieee_ws/build/ieee_pkg/install.log --single-version-externally-managed
[1.791s] Level 1:colcon.colcon_core.environment:create_environment_scripts_only(xicro_pkg)
[1.792s] Level 1:colcon.colcon_core.environment:checking '/home/poom/ieee_ws/install/xicro_pkg' for CMake module files
[1.793s] Level 1:colcon.colcon_core.environment:checking '/home/poom/ieee_ws/install/xicro_pkg' for CMake config files
[1.793s] Level 1:colcon.colcon_core.shell:create_environment_hook('xicro_pkg', 'cmake_prefix_path')
[1.794s] INFO:colcon.colcon_core.shell:Creating environment hook '/home/poom/ieee_ws/install/xicro_pkg/share/xicro_pkg/hook/cmake_prefix_path.ps1'
[1.795s] INFO:colcon.colcon_core.shell:Creating environment descriptor '/home/poom/ieee_ws/install/xicro_pkg/share/xicro_pkg/hook/cmake_prefix_path.dsv'
[1.796s] INFO:colcon.colcon_core.shell:Creating environment hook '/home/poom/ieee_ws/install/xicro_pkg/share/xicro_pkg/hook/cmake_prefix_path.sh'
[1.796s] Level 1:colcon.colcon_core.environment:checking '/home/poom/ieee_ws/install/xicro_pkg/lib'
[1.796s] Level 1:colcon.colcon_core.environment:checking '/home/poom/ieee_ws/install/xicro_pkg/bin'
[1.796s] Level 1:colcon.colcon_core.environment:checking '/home/poom/ieee_ws/install/xicro_pkg/lib/pkgconfig/xicro_pkg.pc'
[1.797s] Level 1:colcon.colcon_core.environment:checking '/home/poom/ieee_ws/install/xicro_pkg/lib/python3.8/site-packages'
[1.797s] Level 1:colcon.colcon_core.shell:create_environment_hook('xicro_pkg', 'pythonpath')
[1.799s] INFO:colcon.colcon_core.shell:Creating environment hook '/home/poom/ieee_ws/install/xicro_pkg/share/xicro_pkg/hook/pythonpath.ps1'
[1.799s] INFO:colcon.colcon_core.shell:Creating environment descriptor '/home/poom/ieee_ws/install/xicro_pkg/share/xicro_pkg/hook/pythonpath.dsv'
[1.800s] INFO:colcon.colcon_core.shell:Creating environment hook '/home/poom/ieee_ws/install/xicro_pkg/share/xicro_pkg/hook/pythonpath.sh'
[1.800s] Level 1:colcon.colcon_core.environment:checking '/home/poom/ieee_ws/install/xicro_pkg/bin'
[1.802s] INFO:colcon.colcon_core.shell:Creating package script '/home/poom/ieee_ws/install/xicro_pkg/share/xicro_pkg/package.ps1'
[1.803s] INFO:colcon.colcon_core.shell:Creating package descriptor '/home/poom/ieee_ws/install/xicro_pkg/share/xicro_pkg/package.dsv'
[1.804s] INFO:colcon.colcon_core.shell:Creating package script '/home/poom/ieee_ws/install/xicro_pkg/share/xicro_pkg/package.sh'
[1.804s] INFO:colcon.colcon_core.shell:Creating package script '/home/poom/ieee_ws/install/xicro_pkg/share/xicro_pkg/package.bash'
[1.805s] INFO:colcon.colcon_core.shell:Creating package script '/home/poom/ieee_ws/install/xicro_pkg/share/xicro_pkg/package.zsh'
[1.805s] Level 1:colcon.colcon_core.environment:create_file_with_runtime_dependencies(/home/poom/ieee_ws/install/xicro_pkg/share/colcon-core/packages/xicro_pkg)
[2.073s] Level 1:colcon.colcon_core.environment:checking '/home/poom/ieee_ws/install/webcam_pkg' for CMake module files
[2.073s] DEBUG:colcon.colcon_core.event_handler.log_command:Invoked command in '/home/poom/ieee_ws/src/webcam_pkg' returned '0': PYTHONPATH=/home/poom/ieee_ws/build/webcam_pkg/prefix_override:/home/poom/ieee_ws/install/webcam_pkg/lib/python3.8/site-packages:${PYTHONPATH} /usr/bin/python3 setup.py egg_info --egg-base ../../build/webcam_pkg build --build-base /home/poom/ieee_ws/build/webcam_pkg/build install --record /home/poom/ieee_ws/build/webcam_pkg/install.log --single-version-externally-managed
[2.074s] Level 1:colcon.colcon_core.environment:checking '/home/poom/ieee_ws/install/webcam_pkg' for CMake config files
[2.074s] Level 1:colcon.colcon_core.environment:checking '/home/poom/ieee_ws/install/webcam_pkg/lib'
[2.074s] Level 1:colcon.colcon_core.environment:checking '/home/poom/ieee_ws/install/webcam_pkg/bin'
[2.074s] Level 1:colcon.colcon_core.environment:checking '/home/poom/ieee_ws/install/webcam_pkg/lib/pkgconfig/webcam_pkg.pc'
[2.074s] Level 1:colcon.colcon_core.environment:checking '/home/poom/ieee_ws/install/webcam_pkg/lib/python3.8/site-packages'
[2.075s] Level 1:colcon.colcon_core.shell:create_environment_hook('webcam_pkg', 'pythonpath')
[2.076s] INFO:colcon.colcon_core.shell:Creating environment hook '/home/poom/ieee_ws/install/webcam_pkg/share/webcam_pkg/hook/pythonpath.ps1'
[2.077s] INFO:colcon.colcon_core.shell:Creating environment descriptor '/home/poom/ieee_ws/install/webcam_pkg/share/webcam_pkg/hook/pythonpath.dsv'
[2.077s] INFO:colcon.colcon_core.shell:Creating environment hook '/home/poom/ieee_ws/install/webcam_pkg/share/webcam_pkg/hook/pythonpath.sh'
[2.077s] Level 1:colcon.colcon_core.environment:checking '/home/poom/ieee_ws/install/webcam_pkg/bin'
[2.077s] Level 1:colcon.colcon_core.environment:create_environment_scripts_only(webcam_pkg)
[2.079s] INFO:colcon.colcon_core.shell:Creating package script '/home/poom/ieee_ws/install/webcam_pkg/share/webcam_pkg/package.ps1'
[2.080s] INFO:colcon.colcon_core.shell:Creating package descriptor '/home/poom/ieee_ws/install/webcam_pkg/share/webcam_pkg/package.dsv'
[2.080s] INFO:colcon.colcon_core.shell:Creating package script '/home/poom/ieee_ws/install/webcam_pkg/share/webcam_pkg/package.sh'
[2.080s] INFO:colcon.colcon_core.shell:Creating package script '/home/poom/ieee_ws/install/webcam_pkg/share/webcam_pkg/package.bash'
[2.081s] INFO:colcon.colcon_core.shell:Creating package script '/home/poom/ieee_ws/install/webcam_pkg/share/webcam_pkg/package.zsh'
[2.081s] Level 1:colcon.colcon_core.environment:create_file_with_runtime_dependencies(/home/poom/ieee_ws/install/webcam_pkg/share/colcon-core/packages/webcam_pkg)
[2.171s] Level 1:colcon.colcon_core.environment:checking '/home/poom/ieee_ws/install/ieee_pkg' for CMake module files
[2.172s] DEBUG:colcon.colcon_core.event_handler.log_command:Invoked command in '/home/poom/ieee_ws/src/ieee_pkg' returned '0': PYTHONPATH=/home/poom/ieee_ws/build/ieee_pkg/prefix_override:/home/poom/ieee_ws/install/ieee_pkg/lib/python3.8/site-packages:${PYTHONPATH} /usr/bin/python3 setup.py egg_info --egg-base ../../build/ieee_pkg build --build-base /home/poom/ieee_ws/build/ieee_pkg/build install --record /home/poom/ieee_ws/build/ieee_pkg/install.log --single-version-externally-managed
[2.172s] Level 1:colcon.colcon_core.environment:checking '/home/poom/ieee_ws/install/ieee_pkg' for CMake config files
[2.173s] Level 1:colcon.colcon_core.environment:checking '/home/poom/ieee_ws/install/ieee_pkg/lib'
[2.173s] Level 1:colcon.colcon_core.environment:checking '/home/poom/ieee_ws/install/ieee_pkg/bin'
[2.173s] Level 1:colcon.colcon_core.environment:checking '/home/poom/ieee_ws/install/ieee_pkg/lib/pkgconfig/ieee_pkg.pc'
[2.173s] Level 1:colcon.colcon_core.environment:checking '/home/poom/ieee_ws/install/ieee_pkg/lib/python3.8/site-packages'
[2.174s] Level 1:colcon.colcon_core.shell:create_environment_hook('ieee_pkg', 'pythonpath')
[2.176s] INFO:colcon.colcon_core.shell:Creating environment hook '/home/poom/ieee_ws/install/ieee_pkg/share/ieee_pkg/hook/pythonpath.ps1'
[2.177s] INFO:colcon.colcon_core.shell:Creating environment descriptor '/home/poom/ieee_ws/install/ieee_pkg/share/ieee_pkg/hook/pythonpath.dsv'
[2.177s] INFO:colcon.colcon_core.shell:Creating environment hook '/home/poom/ieee_ws/install/ieee_pkg/share/ieee_pkg/hook/pythonpath.sh'
[2.178s] Level 1:colcon.colcon_core.environment:checking '/home/poom/ieee_ws/install/ieee_pkg/bin'
[2.178s] Level 1:colcon.colcon_core.environment:create_environment_scripts_only(ieee_pkg)
[2.180s] INFO:colcon.colcon_core.shell:Creating package script '/home/poom/ieee_ws/install/ieee_pkg/share/ieee_pkg/package.ps1'
[2.181s] INFO:colcon.colcon_core.shell:Creating package descriptor '/home/poom/ieee_ws/install/ieee_pkg/share/ieee_pkg/package.dsv'
[2.181s] INFO:colcon.colcon_core.shell:Creating package script '/home/poom/ieee_ws/install/ieee_pkg/share/ieee_pkg/package.sh'
[2.182s] INFO:colcon.colcon_core.shell:Creating package script '/home/poom/ieee_ws/install/ieee_pkg/share/ieee_pkg/package.bash'
[2.182s] INFO:colcon.colcon_core.shell:Creating package script '/home/poom/ieee_ws/install/ieee_pkg/share/ieee_pkg/package.zsh'
[2.182s] Level 1:colcon.colcon_core.environment:create_file_with_runtime_dependencies(/home/poom/ieee_ws/install/ieee_pkg/share/colcon-core/packages/ieee_pkg)
[2.183s] DEBUG:colcon.colcon_parallel_executor.executor.parallel:closing loop
[2.183s] DEBUG:colcon.colcon_parallel_executor.executor.parallel:loop closed
[2.183s] DEBUG:colcon.colcon_parallel_executor.executor.parallel:run_until_complete finished with '0'
[2.183s] DEBUG:colcon.colcon_core.event_reactor:joining thread
[2.190s] INFO:colcon.colcon_core.plugin_system:Skipping extension 'colcon_notification.desktop_notification.terminal_notifier': Not used on non-Darwin systems
[2.190s] INFO:colcon.colcon_core.plugin_system:Skipping extension 'colcon_notification.desktop_notification.win32': Not used on non-Windows systems
[2.190s] INFO:colcon.colcon_notification.desktop_notification:Sending desktop notification using 'notify2'
[2.205s] DEBUG:colcon.colcon_core.event_reactor:joined thread
[2.206s] INFO:colcon.colcon_core.shell:Creating prefix script '/home/poom/ieee_ws/install/local_setup.ps1'
[2.207s] INFO:colcon.colcon_core.shell:Creating prefix util module '/home/poom/ieee_ws/install/_local_setup_util_ps1.py'
[2.209s] INFO:colcon.colcon_core.shell:Creating prefix chain script '/home/poom/ieee_ws/install/setup.ps1'
[2.210s] INFO:colcon.colcon_core.shell:Creating prefix script '/home/poom/ieee_ws/install/local_setup.sh'
[2.211s] INFO:colcon.colcon_core.shell:Creating prefix util module '/home/poom/ieee_ws/install/_local_setup_util_sh.py'
[2.211s] INFO:colcon.colcon_core.shell:Creating prefix chain script '/home/poom/ieee_ws/install/setup.sh'
[2.212s] INFO:colcon.colcon_core.shell:Creating prefix script '/home/poom/ieee_ws/install/local_setup.bash'
[2.213s] INFO:colcon.colcon_core.shell:Creating prefix chain script '/home/poom/ieee_ws/install/setup.bash'
[2.214s] INFO:colcon.colcon_core.shell:Creating prefix script '/home/poom/ieee_ws/install/local_setup.zsh'
[2.214s] INFO:colcon.colcon_core.shell:Creating prefix chain script '/home/poom/ieee_ws/install/setup.zsh'
