[  3%] Built target xicro_interfaces__cpp
[ 12%] Built target xicro_interfaces__rosidl_generator_c
[ 22%] Built target xicro_interfaces__rosidl_typesupport_introspection_cpp
[ 38%] Built target xicro_interfaces__rosidl_typesupport_cpp
[ 41%] Built target xicro_interfaces__rosidl_typesupport_introspection_c
[ 51%] Built target xicro_interfaces__rosidl_typesupport_fastrtps_cpp
[ 61%] Built target xicro_interfaces__rosidl_typesupport_c
[ 70%] Built target xicro_interfaces__rosidl_typesupport_fastrtps_c
[ 70%] Built target xicro_interfaces
[ 74%] Built target xicro_interfaces__py
[ 80%] Built target xicro_interfaces__python
[ 93%] Built target xicro_interfaces__rosidl_typesupport_fastrtps_c__pyext
[ 93%] Built target xicro_interfaces__rosidl_typesupport_introspection_c__pyext
[100%] Built target xicro_interfaces__rosidl_typesupport_c__pyext
-- Install configuration: ""
-- Installing: /home/poom/ieee_ws/install/xicro_interfaces/share/ament_index/resource_index/rosidl_interfaces/xicro_interfaces
-- Installing: /home/poom/ieee_ws/install/xicro_interfaces/include/xicro_interfaces
-- Installing: /home/poom/ieee_ws/install/xicro_interfaces/include/xicro_interfaces/msg
-- Installing: /home/poom/ieee_ws/install/xicro_interfaces/include/xicro_interfaces/msg/rosidl_generator_c__visibility_control.h
-- Installing: /home/poom/ieee_ws/install/xicro_interfaces/include/xicro_interfaces/action
-- Installing: /home/poom/ieee_ws/install/xicro_interfaces/include/xicro_interfaces/action/detail
-- Installing: /home/poom/ieee_ws/install/xicro_interfaces/include/xicro_interfaces/action/detail/toggle__struct.h
-- Installing: /home/poom/ieee_ws/install/xicro_interfaces/include/xicro_interfaces/action/detail/toggle__functions.c
-- Installing: /home/poom/ieee_ws/install/xicro_interfaces/include/xicro_interfaces/action/detail/toggle__type_support.h
-- Installing: /home/poom/ieee_ws/install/xicro_interfaces/include/xicro_interfaces/action/detail/toggle__functions.h
-- Installing: /home/poom/ieee_ws/install/xicro_interfaces/include/xicro_interfaces/action/toggle.h
-- Installing: /home/poom/ieee_ws/install/xicro_interfaces/share/xicro_interfaces/environment/library_path.sh
-- Installing: /home/poom/ieee_ws/install/xicro_interfaces/share/xicro_interfaces/environment/library_path.dsv
-- Installing: /home/poom/ieee_ws/install/xicro_interfaces/lib/libxicro_interfaces__rosidl_generator_c.so
-- Set runtime path of "/home/poom/ieee_ws/install/xicro_interfaces/lib/libxicro_interfaces__rosidl_generator_c.so" to ""
-- Up-to-date: /home/poom/ieee_ws/install/xicro_interfaces/include/xicro_interfaces
-- Up-to-date: /home/poom/ieee_ws/install/xicro_interfaces/include/xicro_interfaces/msg
-- Installing: /home/poom/ieee_ws/install/xicro_interfaces/include/xicro_interfaces/msg/rosidl_typesupport_fastrtps_c__visibility_control.h
-- Up-to-date: /home/poom/ieee_ws/install/xicro_interfaces/include/xicro_interfaces/action
-- Up-to-date: /home/poom/ieee_ws/install/xicro_interfaces/include/xicro_interfaces/action/detail
-- Installing: /home/poom/ieee_ws/install/xicro_interfaces/include/xicro_interfaces/action/detail/toggle__rosidl_typesupport_fastrtps_c.h
-- Installing: /home/poom/ieee_ws/install/xicro_interfaces/lib/libxicro_interfaces__rosidl_typesupport_fastrtps_c.so
-- Set runtime path of "/home/poom/ieee_ws/install/xicro_interfaces/lib/libxicro_interfaces__rosidl_typesupport_fastrtps_c.so" to ""
-- Up-to-date: /home/poom/ieee_ws/install/xicro_interfaces/include/xicro_interfaces
-- Up-to-date: /home/poom/ieee_ws/install/xicro_interfaces/include/xicro_interfaces/msg
-- Installing: /home/poom/ieee_ws/install/xicro_interfaces/include/xicro_interfaces/msg/rosidl_typesupport_fastrtps_cpp__visibility_control.h
-- Up-to-date: /home/poom/ieee_ws/install/xicro_interfaces/include/xicro_interfaces/action
-- Up-to-date: /home/poom/ieee_ws/install/xicro_interfaces/include/xicro_interfaces/action/detail
-- Installing: /home/poom/ieee_ws/install/xicro_interfaces/include/xicro_interfaces/action/detail/toggle__rosidl_typesupport_fastrtps_cpp.hpp
-- Installing: /home/poom/ieee_ws/install/xicro_interfaces/include/xicro_interfaces/action/detail/dds_fastrtps
-- Installing: /home/poom/ieee_ws/install/xicro_interfaces/lib/libxicro_interfaces__rosidl_typesupport_fastrtps_cpp.so
-- Set runtime path of "/home/poom/ieee_ws/install/xicro_interfaces/lib/libxicro_interfaces__rosidl_typesupport_fastrtps_cpp.so" to ""
-- Up-to-date: /home/poom/ieee_ws/install/xicro_interfaces/include/xicro_interfaces
-- Up-to-date: /home/poom/ieee_ws/install/xicro_interfaces/include/xicro_interfaces/msg
-- Installing: /home/poom/ieee_ws/install/xicro_interfaces/include/xicro_interfaces/msg/rosidl_typesupport_introspection_c__visibility_control.h
-- Up-to-date: /home/poom/ieee_ws/install/xicro_interfaces/include/xicro_interfaces/action
-- Up-to-date: /home/poom/ieee_ws/install/xicro_interfaces/include/xicro_interfaces/action/detail
-- Installing: /home/poom/ieee_ws/install/xicro_interfaces/include/xicro_interfaces/action/detail/toggle__type_support.c
-- Installing: /home/poom/ieee_ws/install/xicro_interfaces/include/xicro_interfaces/action/detail/toggle__rosidl_typesupport_introspection_c.h
-- Installing: /home/poom/ieee_ws/install/xicro_interfaces/lib/libxicro_interfaces__rosidl_typesupport_introspection_c.so
-- Set runtime path of "/home/poom/ieee_ws/install/xicro_interfaces/lib/libxicro_interfaces__rosidl_typesupport_introspection_c.so" to ""
-- Installing: /home/poom/ieee_ws/install/xicro_interfaces/lib/libxicro_interfaces__rosidl_typesupport_c.so
-- Set runtime path of "/home/poom/ieee_ws/install/xicro_interfaces/lib/libxicro_interfaces__rosidl_typesupport_c.so" to ""
-- Up-to-date: /home/poom/ieee_ws/install/xicro_interfaces/include/xicro_interfaces
-- Up-to-date: /home/poom/ieee_ws/install/xicro_interfaces/include/xicro_interfaces/action
-- Up-to-date: /home/poom/ieee_ws/install/xicro_interfaces/include/xicro_interfaces/action/detail
-- Installing: /home/poom/ieee_ws/install/xicro_interfaces/include/xicro_interfaces/action/detail/toggle__builder.hpp
-- Installing: /home/poom/ieee_ws/install/xicro_interfaces/include/xicro_interfaces/action/detail/toggle__traits.hpp
-- Installing: /home/poom/ieee_ws/install/xicro_interfaces/include/xicro_interfaces/action/detail/toggle__struct.hpp
-- Installing: /home/poom/ieee_ws/install/xicro_interfaces/include/xicro_interfaces/action/toggle.hpp
-- Up-to-date: /home/poom/ieee_ws/install/xicro_interfaces/include/xicro_interfaces
-- Up-to-date: /home/poom/ieee_ws/install/xicro_interfaces/include/xicro_interfaces/action
-- Up-to-date: /home/poom/ieee_ws/install/xicro_interfaces/include/xicro_interfaces/action/detail
-- Installing: /home/poom/ieee_ws/install/xicro_interfaces/include/xicro_interfaces/action/detail/toggle__type_support.cpp
-- Installing: /home/poom/ieee_ws/install/xicro_interfaces/include/xicro_interfaces/action/detail/toggle__rosidl_typesupport_introspection_cpp.hpp
-- Installing: /home/poom/ieee_ws/install/xicro_interfaces/lib/libxicro_interfaces__rosidl_typesupport_introspection_cpp.so
-- Set runtime path of "/home/poom/ieee_ws/install/xicro_interfaces/lib/libxicro_interfaces__rosidl_typesupport_introspection_cpp.so" to ""
-- Installing: /home/poom/ieee_ws/install/xicro_interfaces/lib/libxicro_interfaces__rosidl_typesupport_cpp.so
-- Set runtime path of "/home/poom/ieee_ws/install/xicro_interfaces/lib/libxicro_interfaces__rosidl_typesupport_cpp.so" to ""
-- Installing: /home/poom/ieee_ws/install/xicro_interfaces/share/xicro_interfaces/environment/pythonpath.sh
-- Installing: /home/poom/ieee_ws/install/xicro_interfaces/share/xicro_interfaces/environment/pythonpath.dsv
-- Installing: /home/poom/ieee_ws/install/xicro_interfaces/lib/python3.8/site-packages/xicro_interfaces/__init__.py
Compiling '/home/poom/ieee_ws/install/xicro_interfaces/lib/python3.8/site-packages/xicro_interfaces/__init__.py'...
-- Installing: /home/poom/ieee_ws/install/xicro_interfaces/lib/python3.8/site-packages/xicro_interfaces/action
-- Installing: /home/poom/ieee_ws/install/xicro_interfaces/lib/python3.8/site-packages/xicro_interfaces/action/__init__.py
-- Installing: /home/poom/ieee_ws/install/xicro_interfaces/lib/python3.8/site-packages/xicro_interfaces/action/_toggle.py
-- Installing: /home/poom/ieee_ws/install/xicro_interfaces/lib/python3.8/site-packages/xicro_interfaces/action/_toggle_s.c
-- Installing: /home/poom/ieee_ws/install/xicro_interfaces/lib/python3.8/site-packages/xicro_interfaces/xicro_interfaces_s__rosidl_typesupport_fastrtps_c.cpython-38-x86_64-linux-gnu.so
-- Set runtime path of "/home/poom/ieee_ws/install/xicro_interfaces/lib/python3.8/site-packages/xicro_interfaces/xicro_interfaces_s__rosidl_typesupport_fastrtps_c.cpython-38-x86_64-linux-gnu.so" to ""
-- Installing: /home/poom/ieee_ws/install/xicro_interfaces/lib/python3.8/site-packages/xicro_interfaces/xicro_interfaces_s__rosidl_typesupport_introspection_c.cpython-38-x86_64-linux-gnu.so
-- Set runtime path of "/home/poom/ieee_ws/install/xicro_interfaces/lib/python3.8/site-packages/xicro_interfaces/xicro_interfaces_s__rosidl_typesupport_introspection_c.cpython-38-x86_64-linux-gnu.so" to ""
-- Installing: /home/poom/ieee_ws/install/xicro_interfaces/lib/python3.8/site-packages/xicro_interfaces/xicro_interfaces_s__rosidl_typesupport_c.cpython-38-x86_64-linux-gnu.so
-- Set runtime path of "/home/poom/ieee_ws/install/xicro_interfaces/lib/python3.8/site-packages/xicro_interfaces/xicro_interfaces_s__rosidl_typesupport_c.cpython-38-x86_64-linux-gnu.so" to ""
-- Installing: /home/poom/ieee_ws/install/xicro_interfaces/lib/libxicro_interfaces__python.so
-- Set runtime path of "/home/poom/ieee_ws/install/xicro_interfaces/lib/libxicro_interfaces__python.so" to ""
-- Installing: /home/poom/ieee_ws/install/xicro_interfaces/share/xicro_interfaces/action/Toggle.idl
-- Installing: /home/poom/ieee_ws/install/xicro_interfaces/share/xicro_interfaces/action/Toggle.action
-- Installing: /home/poom/ieee_ws/install/xicro_interfaces/share/ament_index/resource_index/package_run_dependencies/xicro_interfaces
-- Installing: /home/poom/ieee_ws/install/xicro_interfaces/share/ament_index/resource_index/parent_prefix_path/xicro_interfaces
-- Installing: /home/poom/ieee_ws/install/xicro_interfaces/share/xicro_interfaces/environment/ament_prefix_path.sh
-- Installing: /home/poom/ieee_ws/install/xicro_interfaces/share/xicro_interfaces/environment/ament_prefix_path.dsv
-- Installing: /home/poom/ieee_ws/install/xicro_interfaces/share/xicro_interfaces/environment/path.sh
-- Installing: /home/poom/ieee_ws/install/xicro_interfaces/share/xicro_interfaces/environment/path.dsv
-- Installing: /home/poom/ieee_ws/install/xicro_interfaces/share/xicro_interfaces/local_setup.bash
-- Installing: /home/poom/ieee_ws/install/xicro_interfaces/share/xicro_interfaces/local_setup.sh
-- Installing: /home/poom/ieee_ws/install/xicro_interfaces/share/xicro_interfaces/local_setup.zsh
-- Installing: /home/poom/ieee_ws/install/xicro_interfaces/share/xicro_interfaces/local_setup.dsv
-- Installing: /home/poom/ieee_ws/install/xicro_interfaces/share/xicro_interfaces/package.dsv
-- Installing: /home/poom/ieee_ws/install/xicro_interfaces/share/ament_index/resource_index/packages/xicro_interfaces
-- Installing: /home/poom/ieee_ws/install/xicro_interfaces/share/xicro_interfaces/cmake/xicro_interfaces__rosidl_generator_cExport.cmake
-- Installing: /home/poom/ieee_ws/install/xicro_interfaces/share/xicro_interfaces/cmake/xicro_interfaces__rosidl_generator_cExport-noconfig.cmake
-- Installing: /home/poom/ieee_ws/install/xicro_interfaces/share/xicro_interfaces/cmake/xicro_interfaces__rosidl_typesupport_introspection_cExport.cmake
-- Installing: /home/poom/ieee_ws/install/xicro_interfaces/share/xicro_interfaces/cmake/xicro_interfaces__rosidl_typesupport_introspection_cExport-noconfig.cmake
-- Installing: /home/poom/ieee_ws/install/xicro_interfaces/share/xicro_interfaces/cmake/xicro_interfaces__rosidl_typesupport_cExport.cmake
-- Installing: /home/poom/ieee_ws/install/xicro_interfaces/share/xicro_interfaces/cmake/xicro_interfaces__rosidl_typesupport_cExport-noconfig.cmake
-- Installing: /home/poom/ieee_ws/install/xicro_interfaces/share/xicro_interfaces/cmake/xicro_interfaces__rosidl_generator_cppExport.cmake
-- Installing: /home/poom/ieee_ws/install/xicro_interfaces/share/xicro_interfaces/cmake/xicro_interfaces__rosidl_typesupport_introspection_cppExport.cmake
-- Installing: /home/poom/ieee_ws/install/xicro_interfaces/share/xicro_interfaces/cmake/xicro_interfaces__rosidl_typesupport_introspection_cppExport-noconfig.cmake
-- Installing: /home/poom/ieee_ws/install/xicro_interfaces/share/xicro_interfaces/cmake/xicro_interfaces__rosidl_typesupport_cppExport.cmake
-- Installing: /home/poom/ieee_ws/install/xicro_interfaces/share/xicro_interfaces/cmake/xicro_interfaces__rosidl_typesupport_cppExport-noconfig.cmake
-- Installing: /home/poom/ieee_ws/install/xicro_interfaces/share/xicro_interfaces/cmake/rosidl_cmake-extras.cmake
-- Installing: /home/poom/ieee_ws/install/xicro_interfaces/share/xicro_interfaces/cmake/ament_cmake_export_dependencies-extras.cmake
-- Installing: /home/poom/ieee_ws/install/xicro_interfaces/share/xicro_interfaces/cmake/ament_cmake_export_libraries-extras.cmake
-- Installing: /home/poom/ieee_ws/install/xicro_interfaces/share/xicro_interfaces/cmake/ament_cmake_export_targets-extras.cmake
-- Installing: /home/poom/ieee_ws/install/xicro_interfaces/share/xicro_interfaces/cmake/ament_cmake_export_include_directories-extras.cmake
-- Installing: /home/poom/ieee_ws/install/xicro_interfaces/share/xicro_interfaces/cmake/rosidl_cmake_export_typesupport_libraries-extras.cmake
-- Installing: /home/poom/ieee_ws/install/xicro_interfaces/share/xicro_interfaces/cmake/rosidl_cmake_export_typesupport_targets-extras.cmake
-- Installing: /home/poom/ieee_ws/install/xicro_interfaces/share/xicro_interfaces/cmake/xicro_interfacesConfig.cmake
-- Installing: /home/poom/ieee_ws/install/xicro_interfaces/share/xicro_interfaces/cmake/xicro_interfacesConfig-version.cmake
-- Installing: /home/poom/ieee_ws/install/xicro_interfaces/share/xicro_interfaces/package.xml
