[1.300s] Invoking command in '/home/poom/ieee_ws/src/ieee_pkg': PYTHONPATH=/home/poom/ieee_ws/build/ieee_pkg/prefix_override:/home/poom/ieee_ws/install/ieee_pkg/lib/python3.8/site-packages:${PYTHONPATH} /usr/bin/python3 setup.py egg_info --egg-base ../../build/ieee_pkg build --build-base /home/poom/ieee_ws/build/ieee_pkg/build install --record /home/poom/ieee_ws/build/ieee_pkg/install.log --single-version-externally-managed
[1.600s] running egg_info
[1.601s] writing ../../build/ieee_pkg/ieee_pkg.egg-info/PKG-INFO
[1.601s] writing dependency_links to ../../build/ieee_pkg/ieee_pkg.egg-info/dependency_links.txt
[1.601s] writing entry points to ../../build/ieee_pkg/ieee_pkg.egg-info/entry_points.txt
[1.601s] writing requirements to ../../build/ieee_pkg/ieee_pkg.egg-info/requires.txt
[1.601s] writing top-level names to ../../build/ieee_pkg/ieee_pkg.egg-info/top_level.txt
[1.635s] reading manifest file '../../build/ieee_pkg/ieee_pkg.egg-info/SOURCES.txt'
[1.636s] writing manifest file '../../build/ieee_pkg/ieee_pkg.egg-info/SOURCES.txt'
[1.636s] running build
[1.636s] running build_py
[1.636s] copying ieee_pkg/control_ieee_node.py -> /home/poom/ieee_ws/build/ieee_pkg/build/lib/ieee_pkg
[1.637s] running install
[1.637s] running install_lib
[1.638s] copying /home/poom/ieee_ws/build/ieee_pkg/build/lib/ieee_pkg/control_ieee_node.py -> /home/poom/ieee_ws/install/ieee_pkg/lib/python3.8/site-packages/ieee_pkg
[1.639s] byte-compiling /home/poom/ieee_ws/install/ieee_pkg/lib/python3.8/site-packages/ieee_pkg/control_ieee_node.py to control_ieee_node.cpython-38.pyc
[1.640s] running install_data
[1.641s] running install_egg_info
[1.642s] removing '/home/poom/ieee_ws/install/ieee_pkg/lib/python3.8/site-packages/ieee_pkg-0.0.0-py3.8.egg-info' (and everything under it)
[1.642s] Copying ../../build/ieee_pkg/ieee_pkg.egg-info to /home/poom/ieee_ws/install/ieee_pkg/lib/python3.8/site-packages/ieee_pkg-0.0.0-py3.8.egg-info
[1.643s] running install_scripts
[1.659s] Installing control_ieee_node script to /home/poom/ieee_ws/install/ieee_pkg/lib/ieee_pkg
[1.659s] writing list of installed files to '/home/poom/ieee_ws/build/ieee_pkg/install.log'
[1.690s] Invoked command in '/home/poom/ieee_ws/src/ieee_pkg' returned '0': PYTHONPATH=/home/poom/ieee_ws/build/ieee_pkg/prefix_override:/home/poom/ieee_ws/install/ieee_pkg/lib/python3.8/site-packages:${PYTHONPATH} /usr/bin/python3 setup.py egg_info --egg-base ../../build/ieee_pkg build --build-base /home/poom/ieee_ws/build/ieee_pkg/build install --record /home/poom/ieee_ws/build/ieee_pkg/install.log --single-version-externally-managed
