[0.504s] Invoking command in '/home/poom/ieee_ws/build/xicro_interfaces': CMAKE_PREFIX_PATH=${CMAKE_PREFIX_PATH}:/home/poom/ieee_ws/install/webcam_pkg:/home/poom/ieee_ws/install/ieee_pkg:/opt/ros/galactic /home/poom/.local/bin/cmake --build /home/poom/ieee_ws/build/xicro_interfaces -- -j12 -l12
[0.557s] [  3%] Built target xicro_interfaces__cpp
[0.557s] [ 12%] Built target xicro_interfaces__rosidl_generator_c
[0.567s] [ 22%] Built target xicro_interfaces__rosidl_typesupport_cpp
[0.569s] [ 32%] Built target xicro_interfaces__rosidl_typesupport_introspection_cpp
[0.569s] [ 41%] Built target xicro_interfaces__rosidl_typesupport_fastrtps_cpp
[0.577s] [ 51%] Built target xicro_interfaces__rosidl_typesupport_introspection_c
[0.579s] [ 61%] Built target xicro_interfaces__rosidl_typesupport_c
[0.580s] [ 70%] Built target xicro_interfaces__rosidl_typesupport_fastrtps_c
[0.588s] [ 70%] Built target xicro_interfaces
[0.597s] [ 74%] Built target xicro_interfaces__py
[0.605s] [ 80%] Built target xicro_interfaces__python
[0.617s] [100%] Built target xicro_interfaces__rosidl_typesupport_introspection_c__pyext
[0.618s] [100%] Built target xicro_interfaces__rosidl_typesupport_c__pyext
[0.618s] [100%] Built target xicro_interfaces__rosidl_typesupport_fastrtps_c__pyext
[0.627s] Invoked command in '/home/poom/ieee_ws/build/xicro_interfaces' returned '0': CMAKE_PREFIX_PATH=${CMAKE_PREFIX_PATH}:/home/poom/ieee_ws/install/webcam_pkg:/home/poom/ieee_ws/install/ieee_pkg:/opt/ros/galactic /home/poom/.local/bin/cmake --build /home/poom/ieee_ws/build/xicro_interfaces -- -j12 -l12
[0.739s] Invoking command in '/home/poom/ieee_ws/build/xicro_interfaces': CMAKE_PREFIX_PATH=${CMAKE_PREFIX_PATH}:/home/poom/ieee_ws/install/webcam_pkg:/home/poom/ieee_ws/install/ieee_pkg:/opt/ros/galactic /home/poom/.local/bin/cmake --install /home/poom/ieee_ws/build/xicro_interfaces
[0.771s] -- Install configuration: ""
[0.772s] -- Up-to-date: /home/poom/ieee_ws/install/xicro_interfaces/share/ament_index/resource_index/rosidl_interfaces/xicro_interfaces
[0.772s] -- Up-to-date: /home/poom/ieee_ws/install/xicro_interfaces/include/xicro_interfaces
[0.772s] -- Up-to-date: /home/poom/ieee_ws/install/xicro_interfaces/include/xicro_interfaces/msg
[0.772s] -- Up-to-date: /home/poom/ieee_ws/install/xicro_interfaces/include/xicro_interfaces/msg/rosidl_generator_c__visibility_control.h
[0.772s] -- Up-to-date: /home/poom/ieee_ws/install/xicro_interfaces/include/xicro_interfaces/action
[0.772s] -- Up-to-date: /home/poom/ieee_ws/install/xicro_interfaces/include/xicro_interfaces/action/detail
[0.772s] -- Up-to-date: /home/poom/ieee_ws/install/xicro_interfaces/include/xicro_interfaces/action/detail/toggle__struct.h
[0.773s] -- Up-to-date: /home/poom/ieee_ws/install/xicro_interfaces/include/xicro_interfaces/action/detail/toggle__functions.c
[0.773s] -- Up-to-date: /home/poom/ieee_ws/install/xicro_interfaces/include/xicro_interfaces/action/detail/toggle__type_support.h
[0.773s] -- Up-to-date: /home/poom/ieee_ws/install/xicro_interfaces/include/xicro_interfaces/action/detail/toggle__functions.h
[0.773s] -- Up-to-date: /home/poom/ieee_ws/install/xicro_interfaces/include/xicro_interfaces/action/toggle.h
[0.773s] -- Up-to-date: /home/poom/ieee_ws/install/xicro_interfaces/share/xicro_interfaces/environment/library_path.sh
[0.773s] -- Up-to-date: /home/poom/ieee_ws/install/xicro_interfaces/share/xicro_interfaces/environment/library_path.dsv
[0.773s] -- Up-to-date: /home/poom/ieee_ws/install/xicro_interfaces/lib/libxicro_interfaces__rosidl_generator_c.so
[0.774s] -- Up-to-date: /home/poom/ieee_ws/install/xicro_interfaces/include/xicro_interfaces
[0.774s] -- Up-to-date: /home/poom/ieee_ws/install/xicro_interfaces/include/xicro_interfaces/msg
[0.774s] -- Up-to-date: /home/poom/ieee_ws/install/xicro_interfaces/include/xicro_interfaces/msg/rosidl_typesupport_fastrtps_c__visibility_control.h
[0.774s] -- Up-to-date: /home/poom/ieee_ws/install/xicro_interfaces/include/xicro_interfaces/action
[0.774s] -- Up-to-date: /home/poom/ieee_ws/install/xicro_interfaces/include/xicro_interfaces/action/detail
[0.774s] -- Up-to-date: /home/poom/ieee_ws/install/xicro_interfaces/include/xicro_interfaces/action/detail/toggle__rosidl_typesupport_fastrtps_c.h
[0.774s] -- Up-to-date: /home/poom/ieee_ws/install/xicro_interfaces/lib/libxicro_interfaces__rosidl_typesupport_fastrtps_c.so
[0.774s] -- Up-to-date: /home/poom/ieee_ws/install/xicro_interfaces/include/xicro_interfaces
[0.775s] -- Up-to-date: /home/poom/ieee_ws/install/xicro_interfaces/include/xicro_interfaces/msg
[0.775s] -- Up-to-date: /home/poom/ieee_ws/install/xicro_interfaces/include/xicro_interfaces/msg/rosidl_typesupport_fastrtps_cpp__visibility_control.h
[0.775s] -- Up-to-date: /home/poom/ieee_ws/install/xicro_interfaces/include/xicro_interfaces/action
[0.775s] -- Up-to-date: /home/poom/ieee_ws/install/xicro_interfaces/include/xicro_interfaces/action/detail
[0.775s] -- Up-to-date: /home/poom/ieee_ws/install/xicro_interfaces/include/xicro_interfaces/action/detail/toggle__rosidl_typesupport_fastrtps_cpp.hpp
[0.775s] -- Up-to-date: /home/poom/ieee_ws/install/xicro_interfaces/include/xicro_interfaces/action/detail/dds_fastrtps
[0.775s] -- Up-to-date: /home/poom/ieee_ws/install/xicro_interfaces/lib/libxicro_interfaces__rosidl_typesupport_fastrtps_cpp.so
[0.775s] -- Up-to-date: /home/poom/ieee_ws/install/xicro_interfaces/include/xicro_interfaces
[0.776s] -- Up-to-date: /home/poom/ieee_ws/install/xicro_interfaces/include/xicro_interfaces/msg
[0.776s] -- Up-to-date: /home/poom/ieee_ws/install/xicro_interfaces/include/xicro_interfaces/msg/rosidl_typesupport_introspection_c__visibility_control.h
[0.776s] -- Up-to-date: /home/poom/ieee_ws/install/xicro_interfaces/include/xicro_interfaces/action
[0.776s] -- Up-to-date: /home/poom/ieee_ws/install/xicro_interfaces/include/xicro_interfaces/action/detail
[0.776s] -- Up-to-date: /home/poom/ieee_ws/install/xicro_interfaces/include/xicro_interfaces/action/detail/toggle__type_support.c
[0.776s] -- Up-to-date: /home/poom/ieee_ws/install/xicro_interfaces/include/xicro_interfaces/action/detail/toggle__rosidl_typesupport_introspection_c.h
[0.776s] -- Up-to-date: /home/poom/ieee_ws/install/xicro_interfaces/lib/libxicro_interfaces__rosidl_typesupport_introspection_c.so
[0.776s] -- Up-to-date: /home/poom/ieee_ws/install/xicro_interfaces/lib/libxicro_interfaces__rosidl_typesupport_c.so
[0.776s] -- Up-to-date: /home/poom/ieee_ws/install/xicro_interfaces/include/xicro_interfaces
[0.776s] -- Up-to-date: /home/poom/ieee_ws/install/xicro_interfaces/include/xicro_interfaces/action
[0.776s] -- Up-to-date: /home/poom/ieee_ws/install/xicro_interfaces/include/xicro_interfaces/action/detail
[0.776s] -- Up-to-date: /home/poom/ieee_ws/install/xicro_interfaces/include/xicro_interfaces/action/detail/toggle__builder.hpp
[0.776s] -- Up-to-date: /home/poom/ieee_ws/install/xicro_interfaces/include/xicro_interfaces/action/detail/toggle__traits.hpp
[0.777s] -- Up-to-date: /home/poom/ieee_ws/install/xicro_interfaces/include/xicro_interfaces/action/detail/toggle__struct.hpp
[0.777s] -- Up-to-date: /home/poom/ieee_ws/install/xicro_interfaces/include/xicro_interfaces/action/toggle.hpp
[0.777s] -- Up-to-date: /home/poom/ieee_ws/install/xicro_interfaces/include/xicro_interfaces
[0.777s] -- Up-to-date: /home/poom/ieee_ws/install/xicro_interfaces/include/xicro_interfaces/action
[0.777s] -- Up-to-date: /home/poom/ieee_ws/install/xicro_interfaces/include/xicro_interfaces/action/detail
[0.777s] -- Up-to-date: /home/poom/ieee_ws/install/xicro_interfaces/include/xicro_interfaces/action/detail/toggle__type_support.cpp
[0.777s] -- Up-to-date: /home/poom/ieee_ws/install/xicro_interfaces/include/xicro_interfaces/action/detail/toggle__rosidl_typesupport_introspection_cpp.hpp
[0.777s] -- Up-to-date: /home/poom/ieee_ws/install/xicro_interfaces/lib/libxicro_interfaces__rosidl_typesupport_introspection_cpp.so
[0.777s] -- Up-to-date: /home/poom/ieee_ws/install/xicro_interfaces/lib/libxicro_interfaces__rosidl_typesupport_cpp.so
[0.777s] -- Up-to-date: /home/poom/ieee_ws/install/xicro_interfaces/share/xicro_interfaces/environment/pythonpath.sh
[0.777s] -- Up-to-date: /home/poom/ieee_ws/install/xicro_interfaces/share/xicro_interfaces/environment/pythonpath.dsv
[0.777s] -- Up-to-date: /home/poom/ieee_ws/install/xicro_interfaces/lib/python3.8/site-packages/xicro_interfaces/__init__.py
[0.818s] -- Up-to-date: /home/poom/ieee_ws/install/xicro_interfaces/lib/python3.8/site-packages/xicro_interfaces/action
[0.818s] -- Up-to-date: /home/poom/ieee_ws/install/xicro_interfaces/lib/python3.8/site-packages/xicro_interfaces/action/__init__.py
[0.818s] -- Up-to-date: /home/poom/ieee_ws/install/xicro_interfaces/lib/python3.8/site-packages/xicro_interfaces/action/_toggle.py
[0.819s] -- Up-to-date: /home/poom/ieee_ws/install/xicro_interfaces/lib/python3.8/site-packages/xicro_interfaces/action/_toggle_s.c
[0.819s] -- Up-to-date: /home/poom/ieee_ws/install/xicro_interfaces/lib/python3.8/site-packages/xicro_interfaces/xicro_interfaces_s__rosidl_typesupport_fastrtps_c.cpython-38-x86_64-linux-gnu.so
[0.819s] -- Up-to-date: /home/poom/ieee_ws/install/xicro_interfaces/lib/python3.8/site-packages/xicro_interfaces/xicro_interfaces_s__rosidl_typesupport_introspection_c.cpython-38-x86_64-linux-gnu.so
[0.819s] -- Up-to-date: /home/poom/ieee_ws/install/xicro_interfaces/lib/python3.8/site-packages/xicro_interfaces/xicro_interfaces_s__rosidl_typesupport_c.cpython-38-x86_64-linux-gnu.so
[0.819s] -- Up-to-date: /home/poom/ieee_ws/install/xicro_interfaces/lib/libxicro_interfaces__python.so
[0.820s] -- Up-to-date: /home/poom/ieee_ws/install/xicro_interfaces/share/xicro_interfaces/action/Toggle.idl
[0.820s] -- Up-to-date: /home/poom/ieee_ws/install/xicro_interfaces/share/xicro_interfaces/action/Toggle.action
[0.820s] -- Up-to-date: /home/poom/ieee_ws/install/xicro_interfaces/share/ament_index/resource_index/package_run_dependencies/xicro_interfaces
[0.820s] -- Up-to-date: /home/poom/ieee_ws/install/xicro_interfaces/share/ament_index/resource_index/parent_prefix_path/xicro_interfaces
[0.820s] -- Up-to-date: /home/poom/ieee_ws/install/xicro_interfaces/share/xicro_interfaces/environment/ament_prefix_path.sh
[0.820s] -- Up-to-date: /home/poom/ieee_ws/install/xicro_interfaces/share/xicro_interfaces/environment/ament_prefix_path.dsv
[0.821s] -- Up-to-date: /home/poom/ieee_ws/install/xicro_interfaces/share/xicro_interfaces/environment/path.sh
[0.821s] -- Up-to-date: /home/poom/ieee_ws/install/xicro_interfaces/share/xicro_interfaces/environment/path.dsv
[0.821s] -- Up-to-date: /home/poom/ieee_ws/install/xicro_interfaces/share/xicro_interfaces/local_setup.bash
[0.821s] -- Up-to-date: /home/poom/ieee_ws/install/xicro_interfaces/share/xicro_interfaces/local_setup.sh
[0.821s] -- Up-to-date: /home/poom/ieee_ws/install/xicro_interfaces/share/xicro_interfaces/local_setup.zsh
[0.821s] -- Up-to-date: /home/poom/ieee_ws/install/xicro_interfaces/share/xicro_interfaces/local_setup.dsv
[0.821s] -- Installing: /home/poom/ieee_ws/install/xicro_interfaces/share/xicro_interfaces/package.dsv
[0.822s] -- Up-to-date: /home/poom/ieee_ws/install/xicro_interfaces/share/ament_index/resource_index/packages/xicro_interfaces
[0.822s] -- Up-to-date: /home/poom/ieee_ws/install/xicro_interfaces/share/xicro_interfaces/cmake/xicro_interfaces__rosidl_generator_cExport.cmake
[0.822s] -- Up-to-date: /home/poom/ieee_ws/install/xicro_interfaces/share/xicro_interfaces/cmake/xicro_interfaces__rosidl_generator_cExport-noconfig.cmake
[0.822s] -- Up-to-date: /home/poom/ieee_ws/install/xicro_interfaces/share/xicro_interfaces/cmake/xicro_interfaces__rosidl_typesupport_introspection_cExport.cmake
[0.822s] -- Up-to-date: /home/poom/ieee_ws/install/xicro_interfaces/share/xicro_interfaces/cmake/xicro_interfaces__rosidl_typesupport_introspection_cExport-noconfig.cmake
[0.822s] -- Up-to-date: /home/poom/ieee_ws/install/xicro_interfaces/share/xicro_interfaces/cmake/xicro_interfaces__rosidl_typesupport_cExport.cmake
[0.822s] -- Up-to-date: /home/poom/ieee_ws/install/xicro_interfaces/share/xicro_interfaces/cmake/xicro_interfaces__rosidl_typesupport_cExport-noconfig.cmake
[0.822s] -- Up-to-date: /home/poom/ieee_ws/install/xicro_interfaces/share/xicro_interfaces/cmake/xicro_interfaces__rosidl_generator_cppExport.cmake
[0.823s] -- Up-to-date: /home/poom/ieee_ws/install/xicro_interfaces/share/xicro_interfaces/cmake/xicro_interfaces__rosidl_typesupport_introspection_cppExport.cmake
[0.823s] -- Up-to-date: /home/poom/ieee_ws/install/xicro_interfaces/share/xicro_interfaces/cmake/xicro_interfaces__rosidl_typesupport_introspection_cppExport-noconfig.cmake
[0.823s] -- Up-to-date: /home/poom/ieee_ws/install/xicro_interfaces/share/xicro_interfaces/cmake/xicro_interfaces__rosidl_typesupport_cppExport.cmake
[0.823s] -- Up-to-date: /home/poom/ieee_ws/install/xicro_interfaces/share/xicro_interfaces/cmake/xicro_interfaces__rosidl_typesupport_cppExport-noconfig.cmake
[0.823s] -- Up-to-date: /home/poom/ieee_ws/install/xicro_interfaces/share/xicro_interfaces/cmake/rosidl_cmake-extras.cmake
[0.823s] -- Up-to-date: /home/poom/ieee_ws/install/xicro_interfaces/share/xicro_interfaces/cmake/ament_cmake_export_dependencies-extras.cmake
[0.823s] -- Up-to-date: /home/poom/ieee_ws/install/xicro_interfaces/share/xicro_interfaces/cmake/ament_cmake_export_libraries-extras.cmake
[0.823s] -- Up-to-date: /home/poom/ieee_ws/install/xicro_interfaces/share/xicro_interfaces/cmake/ament_cmake_export_targets-extras.cmake
[0.823s] -- Up-to-date: /home/poom/ieee_ws/install/xicro_interfaces/share/xicro_interfaces/cmake/ament_cmake_export_include_directories-extras.cmake
[0.824s] -- Up-to-date: /home/poom/ieee_ws/install/xicro_interfaces/share/xicro_interfaces/cmake/rosidl_cmake_export_typesupport_libraries-extras.cmake
[0.824s] -- Up-to-date: /home/poom/ieee_ws/install/xicro_interfaces/share/xicro_interfaces/cmake/rosidl_cmake_export_typesupport_targets-extras.cmake
[0.824s] -- Up-to-date: /home/poom/ieee_ws/install/xicro_interfaces/share/xicro_interfaces/cmake/xicro_interfacesConfig.cmake
[0.824s] -- Up-to-date: /home/poom/ieee_ws/install/xicro_interfaces/share/xicro_interfaces/cmake/xicro_interfacesConfig-version.cmake
[0.824s] -- Up-to-date: /home/poom/ieee_ws/install/xicro_interfaces/share/xicro_interfaces/package.xml
[0.829s] Invoked command in '/home/poom/ieee_ws/build/xicro_interfaces' returned '0': CMAKE_PREFIX_PATH=${CMAKE_PREFIX_PATH}:/home/poom/ieee_ws/install/webcam_pkg:/home/poom/ieee_ws/install/ieee_pkg:/opt/ros/galactic /home/poom/.local/bin/cmake --install /home/poom/ieee_ws/build/xicro_interfaces
