[0.274s] DEBUG:colcon:Command line arguments: ['/usr/bin/colcon', 'build']
[0.274s] DEBUG:colcon:Parsed command line arguments: Namespace(allow_overriding=[], ament_cmake_args=None, base_paths=['.'], build_base='build', catkin_cmake_args=None, catkin_skip_building_tests=False, cmake_args=None, cmake_clean_cache=False, cmake_clean_first=False, cmake_force_configure=False, cmake_target=None, cmake_target_skip_unavailable=False, continue_on_error=False, event_handlers=None, executor='parallel', ignore_user_meta=False, install_base='install', log_base=None, log_level=None, main=<bound method BuildVerb.main of <colcon_core.verb.build.BuildVerb object at 0x7fb3097510a0>>, merge_install=False, metas=['./colcon.meta'], packages_above=None, packages_above_and_dependencies=None, packages_above_depth=None, packages_end=None, packages_ignore=None, packages_ignore_regex=None, packages_select=None, packages_select_build_failed=False, packages_select_by_dep=None, packages_select_regex=None, packages_select_test_failures=False, packages_skip=None, packages_skip_build_finished=False, packages_skip_by_dep=None, packages_skip_regex=None, packages_skip_test_passed=False, packages_skip_up_to=None, packages_start=None, packages_up_to=None, packages_up_to_regex=None, parallel_workers=12, paths=None, symlink_install=False, test_result_base=None, verb_extension=<colcon_core.verb.build.BuildVerb object at 0x7fb3097510a0>, verb_name='build', verb_parser=<colcon_defaults.argument_parser.defaults.DefaultArgumentsDecorator object at 0x7fb309751550>)
[0.308s] Level 1:colcon.colcon_core.package_discovery:discover_packages(colcon_meta) check parameters
[0.309s] Level 1:colcon.colcon_core.package_discovery:discover_packages(recursive) check parameters
[0.309s] Level 1:colcon.colcon_core.package_discovery:discover_packages(ignore) check parameters
[0.309s] Level 1:colcon.colcon_core.package_discovery:discover_packages(path) check parameters
[0.309s] Level 1:colcon.colcon_core.package_discovery:discover_packages(colcon_meta) discover
[0.309s] Level 1:colcon.colcon_core.package_discovery:discover_packages(recursive) discover
[0.309s] INFO:colcon.colcon_core.package_discovery:Crawling recursively for packages in '/home/poom/ieee_ws'
[0.309s] Level 1:colcon.colcon_core.package_identification:_identify(.) by extensions ['ignore', 'ignore_ament_install']
[0.309s] Level 1:colcon.colcon_core.package_identification:_identify(.) by extension 'ignore'
[0.309s] Level 1:colcon.colcon_core.package_identification:_identify(.) by extension 'ignore_ament_install'
[0.309s] Level 1:colcon.colcon_core.package_identification:_identify(.) by extensions ['colcon_pkg']
[0.309s] Level 1:colcon.colcon_core.package_identification:_identify(.) by extension 'colcon_pkg'
[0.309s] Level 1:colcon.colcon_core.package_identification:_identify(.) by extensions ['colcon_meta']
[0.309s] Level 1:colcon.colcon_core.package_identification:_identify(.) by extension 'colcon_meta'
[0.309s] Level 1:colcon.colcon_core.package_identification:_identify(.) by extensions ['ros']
[0.309s] Level 1:colcon.colcon_core.package_identification:_identify(.) by extension 'ros'
[0.317s] Level 1:colcon.colcon_core.package_identification:_identify(.) by extensions ['cmake', 'python']
[0.317s] Level 1:colcon.colcon_core.package_identification:_identify(.) by extension 'cmake'
[0.317s] Level 1:colcon.colcon_core.package_identification:_identify(.) by extension 'python'
[0.317s] Level 1:colcon.colcon_core.package_identification:_identify(.) by extensions ['python_setup_py']
[0.317s] Level 1:colcon.colcon_core.package_identification:_identify(.) by extension 'python_setup_py'
[0.317s] Level 1:colcon.colcon_core.package_identification:_identify(backup) by extensions ['ignore', 'ignore_ament_install']
[0.317s] Level 1:colcon.colcon_core.package_identification:_identify(backup) by extension 'ignore'
[0.318s] Level 1:colcon.colcon_core.package_identification:_identify(backup) by extension 'ignore_ament_install'
[0.318s] Level 1:colcon.colcon_core.package_identification:_identify(backup) by extensions ['colcon_pkg']
[0.318s] Level 1:colcon.colcon_core.package_identification:_identify(backup) by extension 'colcon_pkg'
[0.318s] Level 1:colcon.colcon_core.package_identification:_identify(backup) by extensions ['colcon_meta']
[0.318s] Level 1:colcon.colcon_core.package_identification:_identify(backup) by extension 'colcon_meta'
[0.318s] Level 1:colcon.colcon_core.package_identification:_identify(backup) by extensions ['ros']
[0.318s] Level 1:colcon.colcon_core.package_identification:_identify(backup) by extension 'ros'
[0.318s] Level 1:colcon.colcon_core.package_identification:_identify(backup) by extensions ['cmake', 'python']
[0.318s] Level 1:colcon.colcon_core.package_identification:_identify(backup) by extension 'cmake'
[0.318s] Level 1:colcon.colcon_core.package_identification:_identify(backup) by extension 'python'
[0.318s] Level 1:colcon.colcon_core.package_identification:_identify(backup) by extensions ['python_setup_py']
[0.318s] Level 1:colcon.colcon_core.package_identification:_identify(backup) by extension 'python_setup_py'
[0.318s] Level 1:colcon.colcon_core.package_identification:_identify(backup/xicro_arduino) by extensions ['ignore', 'ignore_ament_install']
[0.318s] Level 1:colcon.colcon_core.package_identification:_identify(backup/xicro_arduino) by extension 'ignore'
[0.318s] Level 1:colcon.colcon_core.package_identification:_identify(backup/xicro_arduino) by extension 'ignore_ament_install'
[0.318s] Level 1:colcon.colcon_core.package_identification:_identify(backup/xicro_arduino) by extensions ['colcon_pkg']
[0.318s] Level 1:colcon.colcon_core.package_identification:_identify(backup/xicro_arduino) by extension 'colcon_pkg'
[0.318s] Level 1:colcon.colcon_core.package_identification:_identify(backup/xicro_arduino) by extensions ['colcon_meta']
[0.318s] Level 1:colcon.colcon_core.package_identification:_identify(backup/xicro_arduino) by extension 'colcon_meta'
[0.318s] Level 1:colcon.colcon_core.package_identification:_identify(backup/xicro_arduino) by extensions ['ros']
[0.318s] Level 1:colcon.colcon_core.package_identification:_identify(backup/xicro_arduino) by extension 'ros'
[0.318s] Level 1:colcon.colcon_core.package_identification:_identify(backup/xicro_arduino) by extensions ['cmake', 'python']
[0.318s] Level 1:colcon.colcon_core.package_identification:_identify(backup/xicro_arduino) by extension 'cmake'
[0.318s] Level 1:colcon.colcon_core.package_identification:_identify(backup/xicro_arduino) by extension 'python'
[0.318s] Level 1:colcon.colcon_core.package_identification:_identify(backup/xicro_arduino) by extensions ['python_setup_py']
[0.318s] Level 1:colcon.colcon_core.package_identification:_identify(backup/xicro_arduino) by extension 'python_setup_py'
[0.318s] Level 1:colcon.colcon_core.package_identification:_identify(build) by extensions ['ignore', 'ignore_ament_install']
[0.319s] Level 1:colcon.colcon_core.package_identification:_identify(build) by extension 'ignore'
[0.319s] Level 1:colcon.colcon_core.package_identification:_identify(build) ignored
[0.319s] Level 1:colcon.colcon_core.package_identification:_identify(install) by extensions ['ignore', 'ignore_ament_install']
[0.319s] Level 1:colcon.colcon_core.package_identification:_identify(install) by extension 'ignore'
[0.319s] Level 1:colcon.colcon_core.package_identification:_identify(install) ignored
[0.319s] Level 1:colcon.colcon_core.package_identification:_identify(log) by extensions ['ignore', 'ignore_ament_install']
[0.319s] Level 1:colcon.colcon_core.package_identification:_identify(log) by extension 'ignore'
[0.319s] Level 1:colcon.colcon_core.package_identification:_identify(log) ignored
[0.319s] Level 1:colcon.colcon_core.package_identification:_identify(src) by extensions ['ignore', 'ignore_ament_install']
[0.319s] Level 1:colcon.colcon_core.package_identification:_identify(src) by extension 'ignore'
[0.319s] Level 1:colcon.colcon_core.package_identification:_identify(src) by extension 'ignore_ament_install'
[0.319s] Level 1:colcon.colcon_core.package_identification:_identify(src) by extensions ['colcon_pkg']
[0.319s] Level 1:colcon.colcon_core.package_identification:_identify(src) by extension 'colcon_pkg'
[0.319s] Level 1:colcon.colcon_core.package_identification:_identify(src) by extensions ['colcon_meta']
[0.319s] Level 1:colcon.colcon_core.package_identification:_identify(src) by extension 'colcon_meta'
[0.319s] Level 1:colcon.colcon_core.package_identification:_identify(src) by extensions ['ros']
[0.319s] Level 1:colcon.colcon_core.package_identification:_identify(src) by extension 'ros'
[0.319s] Level 1:colcon.colcon_core.package_identification:_identify(src) by extensions ['cmake', 'python']
[0.319s] Level 1:colcon.colcon_core.package_identification:_identify(src) by extension 'cmake'
[0.319s] Level 1:colcon.colcon_core.package_identification:_identify(src) by extension 'python'
[0.319s] Level 1:colcon.colcon_core.package_identification:_identify(src) by extensions ['python_setup_py']
[0.320s] Level 1:colcon.colcon_core.package_identification:_identify(src) by extension 'python_setup_py'
[0.320s] Level 1:colcon.colcon_core.package_identification:_identify(src/Xicro) by extensions ['ignore', 'ignore_ament_install']
[0.320s] Level 1:colcon.colcon_core.package_identification:_identify(src/Xicro) by extension 'ignore'
[0.320s] Level 1:colcon.colcon_core.package_identification:_identify(src/Xicro) by extension 'ignore_ament_install'
[0.320s] Level 1:colcon.colcon_core.package_identification:_identify(src/Xicro) by extensions ['colcon_pkg']
[0.320s] Level 1:colcon.colcon_core.package_identification:_identify(src/Xicro) by extension 'colcon_pkg'
[0.320s] Level 1:colcon.colcon_core.package_identification:_identify(src/Xicro) by extensions ['colcon_meta']
[0.320s] Level 1:colcon.colcon_core.package_identification:_identify(src/Xicro) by extension 'colcon_meta'
[0.320s] Level 1:colcon.colcon_core.package_identification:_identify(src/Xicro) by extensions ['ros']
[0.320s] Level 1:colcon.colcon_core.package_identification:_identify(src/Xicro) by extension 'ros'
[0.320s] Level 1:colcon.colcon_core.package_identification:_identify(src/Xicro) by extensions ['cmake', 'python']
[0.320s] Level 1:colcon.colcon_core.package_identification:_identify(src/Xicro) by extension 'cmake'
[0.320s] Level 1:colcon.colcon_core.package_identification:_identify(src/Xicro) by extension 'python'
[0.320s] Level 1:colcon.colcon_core.package_identification:_identify(src/Xicro) by extensions ['python_setup_py']
[0.320s] Level 1:colcon.colcon_core.package_identification:_identify(src/Xicro) by extension 'python_setup_py'
[0.320s] Level 1:colcon.colcon_core.package_identification:_identify(src/Xicro/docs) by extensions ['ignore', 'ignore_ament_install']
[0.320s] Level 1:colcon.colcon_core.package_identification:_identify(src/Xicro/docs) by extension 'ignore'
[0.320s] Level 1:colcon.colcon_core.package_identification:_identify(src/Xicro/docs) by extension 'ignore_ament_install'
[0.320s] Level 1:colcon.colcon_core.package_identification:_identify(src/Xicro/docs) by extensions ['colcon_pkg']
[0.320s] Level 1:colcon.colcon_core.package_identification:_identify(src/Xicro/docs) by extension 'colcon_pkg'
[0.320s] Level 1:colcon.colcon_core.package_identification:_identify(src/Xicro/docs) by extensions ['colcon_meta']
[0.320s] Level 1:colcon.colcon_core.package_identification:_identify(src/Xicro/docs) by extension 'colcon_meta'
[0.320s] Level 1:colcon.colcon_core.package_identification:_identify(src/Xicro/docs) by extensions ['ros']
[0.320s] Level 1:colcon.colcon_core.package_identification:_identify(src/Xicro/docs) by extension 'ros'
[0.320s] Level 1:colcon.colcon_core.package_identification:_identify(src/Xicro/docs) by extensions ['cmake', 'python']
[0.320s] Level 1:colcon.colcon_core.package_identification:_identify(src/Xicro/docs) by extension 'cmake'
[0.321s] Level 1:colcon.colcon_core.package_identification:_identify(src/Xicro/docs) by extension 'python'
[0.321s] Level 1:colcon.colcon_core.package_identification:_identify(src/Xicro/docs) by extensions ['python_setup_py']
[0.321s] Level 1:colcon.colcon_core.package_identification:_identify(src/Xicro/docs) by extension 'python_setup_py'
[0.321s] Level 1:colcon.colcon_core.package_identification:_identify(src/Xicro/docs/pic) by extensions ['ignore', 'ignore_ament_install']
[0.321s] Level 1:colcon.colcon_core.package_identification:_identify(src/Xicro/docs/pic) by extension 'ignore'
[0.321s] Level 1:colcon.colcon_core.package_identification:_identify(src/Xicro/docs/pic) by extension 'ignore_ament_install'
[0.321s] Level 1:colcon.colcon_core.package_identification:_identify(src/Xicro/docs/pic) by extensions ['colcon_pkg']
[0.321s] Level 1:colcon.colcon_core.package_identification:_identify(src/Xicro/docs/pic) by extension 'colcon_pkg'
[0.321s] Level 1:colcon.colcon_core.package_identification:_identify(src/Xicro/docs/pic) by extensions ['colcon_meta']
[0.321s] Level 1:colcon.colcon_core.package_identification:_identify(src/Xicro/docs/pic) by extension 'colcon_meta'
[0.321s] Level 1:colcon.colcon_core.package_identification:_identify(src/Xicro/docs/pic) by extensions ['ros']
[0.321s] Level 1:colcon.colcon_core.package_identification:_identify(src/Xicro/docs/pic) by extension 'ros'
[0.321s] Level 1:colcon.colcon_core.package_identification:_identify(src/Xicro/docs/pic) by extensions ['cmake', 'python']
[0.321s] Level 1:colcon.colcon_core.package_identification:_identify(src/Xicro/docs/pic) by extension 'cmake'
[0.321s] Level 1:colcon.colcon_core.package_identification:_identify(src/Xicro/docs/pic) by extension 'python'
[0.321s] Level 1:colcon.colcon_core.package_identification:_identify(src/Xicro/docs/pic) by extensions ['python_setup_py']
[0.321s] Level 1:colcon.colcon_core.package_identification:_identify(src/Xicro/docs/pic) by extension 'python_setup_py'
[0.321s] Level 1:colcon.colcon_core.package_identification:_identify(src/Xicro/xicro_interfaces) by extensions ['ignore', 'ignore_ament_install']
[0.321s] Level 1:colcon.colcon_core.package_identification:_identify(src/Xicro/xicro_interfaces) by extension 'ignore'
[0.321s] Level 1:colcon.colcon_core.package_identification:_identify(src/Xicro/xicro_interfaces) by extension 'ignore_ament_install'
[0.321s] Level 1:colcon.colcon_core.package_identification:_identify(src/Xicro/xicro_interfaces) by extensions ['colcon_pkg']
[0.321s] Level 1:colcon.colcon_core.package_identification:_identify(src/Xicro/xicro_interfaces) by extension 'colcon_pkg'
[0.321s] Level 1:colcon.colcon_core.package_identification:_identify(src/Xicro/xicro_interfaces) by extensions ['colcon_meta']
[0.321s] Level 1:colcon.colcon_core.package_identification:_identify(src/Xicro/xicro_interfaces) by extension 'colcon_meta'
[0.321s] Level 1:colcon.colcon_core.package_identification:_identify(src/Xicro/xicro_interfaces) by extensions ['ros']
[0.321s] Level 1:colcon.colcon_core.package_identification:_identify(src/Xicro/xicro_interfaces) by extension 'ros'
[0.323s] DEBUG:colcon.colcon_core.package_identification:Package 'src/Xicro/xicro_interfaces' with type 'ros.ament_cmake' and name 'xicro_interfaces'
[0.323s] Level 1:colcon.colcon_core.package_identification:_identify(src/Xicro/xicro_pkg) by extensions ['ignore', 'ignore_ament_install']
[0.323s] Level 1:colcon.colcon_core.package_identification:_identify(src/Xicro/xicro_pkg) by extension 'ignore'
[0.323s] Level 1:colcon.colcon_core.package_identification:_identify(src/Xicro/xicro_pkg) by extension 'ignore_ament_install'
[0.324s] Level 1:colcon.colcon_core.package_identification:_identify(src/Xicro/xicro_pkg) by extensions ['colcon_pkg']
[0.324s] Level 1:colcon.colcon_core.package_identification:_identify(src/Xicro/xicro_pkg) by extension 'colcon_pkg'
[0.324s] Level 1:colcon.colcon_core.package_identification:_identify(src/Xicro/xicro_pkg) by extensions ['colcon_meta']
[0.324s] Level 1:colcon.colcon_core.package_identification:_identify(src/Xicro/xicro_pkg) by extension 'colcon_meta'
[0.324s] Level 1:colcon.colcon_core.package_identification:_identify(src/Xicro/xicro_pkg) by extensions ['ros']
[0.324s] Level 1:colcon.colcon_core.package_identification:_identify(src/Xicro/xicro_pkg) by extension 'ros'
[0.324s] DEBUG:colcon.colcon_core.package_identification:Package 'src/Xicro/xicro_pkg' with type 'ros.ament_cmake' and name 'xicro_pkg'
[0.324s] Level 1:colcon.colcon_core.package_identification:_identify(src/ieee_pkg) by extensions ['ignore', 'ignore_ament_install']
[0.325s] Level 1:colcon.colcon_core.package_identification:_identify(src/ieee_pkg) by extension 'ignore'
[0.325s] Level 1:colcon.colcon_core.package_identification:_identify(src/ieee_pkg) by extension 'ignore_ament_install'
[0.325s] Level 1:colcon.colcon_core.package_identification:_identify(src/ieee_pkg) by extensions ['colcon_pkg']
[0.325s] Level 1:colcon.colcon_core.package_identification:_identify(src/ieee_pkg) by extension 'colcon_pkg'
[0.325s] Level 1:colcon.colcon_core.package_identification:_identify(src/ieee_pkg) by extensions ['colcon_meta']
[0.325s] Level 1:colcon.colcon_core.package_identification:_identify(src/ieee_pkg) by extension 'colcon_meta'
[0.325s] Level 1:colcon.colcon_core.package_identification:_identify(src/ieee_pkg) by extensions ['ros']
[0.325s] Level 1:colcon.colcon_core.package_identification:_identify(src/ieee_pkg) by extension 'ros'
[0.325s] DEBUG:colcon.colcon_core.package_identification:Package 'src/ieee_pkg' with type 'ros.ament_python' and name 'ieee_pkg'
[0.325s] Level 1:colcon.colcon_core.package_identification:_identify(src/webcam_pkg) by extensions ['ignore', 'ignore_ament_install']
[0.325s] Level 1:colcon.colcon_core.package_identification:_identify(src/webcam_pkg) by extension 'ignore'
[0.326s] Level 1:colcon.colcon_core.package_identification:_identify(src/webcam_pkg) by extension 'ignore_ament_install'
[0.326s] Level 1:colcon.colcon_core.package_identification:_identify(src/webcam_pkg) by extensions ['colcon_pkg']
[0.326s] Level 1:colcon.colcon_core.package_identification:_identify(src/webcam_pkg) by extension 'colcon_pkg'
[0.326s] Level 1:colcon.colcon_core.package_identification:_identify(src/webcam_pkg) by extensions ['colcon_meta']
[0.326s] Level 1:colcon.colcon_core.package_identification:_identify(src/webcam_pkg) by extension 'colcon_meta'
[0.326s] Level 1:colcon.colcon_core.package_identification:_identify(src/webcam_pkg) by extensions ['ros']
[0.326s] Level 1:colcon.colcon_core.package_identification:_identify(src/webcam_pkg) by extension 'ros'
[0.327s] DEBUG:colcon.colcon_core.package_identification:Package 'src/webcam_pkg' with type 'ros.ament_python' and name 'webcam_pkg'
[0.327s] Level 1:colcon.colcon_core.package_identification:_identify(xicro_arduino) by extensions ['ignore', 'ignore_ament_install']
[0.327s] Level 1:colcon.colcon_core.package_identification:_identify(xicro_arduino) by extension 'ignore'
[0.327s] Level 1:colcon.colcon_core.package_identification:_identify(xicro_arduino) by extension 'ignore_ament_install'
[0.327s] Level 1:colcon.colcon_core.package_identification:_identify(xicro_arduino) by extensions ['colcon_pkg']
[0.327s] Level 1:colcon.colcon_core.package_identification:_identify(xicro_arduino) by extension 'colcon_pkg'
[0.327s] Level 1:colcon.colcon_core.package_identification:_identify(xicro_arduino) by extensions ['colcon_meta']
[0.327s] Level 1:colcon.colcon_core.package_identification:_identify(xicro_arduino) by extension 'colcon_meta'
[0.327s] Level 1:colcon.colcon_core.package_identification:_identify(xicro_arduino) by extensions ['ros']
[0.327s] Level 1:colcon.colcon_core.package_identification:_identify(xicro_arduino) by extension 'ros'
[0.327s] Level 1:colcon.colcon_core.package_identification:_identify(xicro_arduino) by extensions ['cmake', 'python']
[0.327s] Level 1:colcon.colcon_core.package_identification:_identify(xicro_arduino) by extension 'cmake'
[0.327s] Level 1:colcon.colcon_core.package_identification:_identify(xicro_arduino) by extension 'python'
[0.327s] Level 1:colcon.colcon_core.package_identification:_identify(xicro_arduino) by extensions ['python_setup_py']
[0.327s] Level 1:colcon.colcon_core.package_identification:_identify(xicro_arduino) by extension 'python_setup_py'
[0.328s] Level 1:colcon.colcon_core.package_discovery:discover_packages(recursive) using defaults
[0.328s] Level 1:colcon.colcon_core.package_discovery:discover_packages(ignore) discover
[0.328s] Level 1:colcon.colcon_core.package_discovery:discover_packages(ignore) using defaults
[0.328s] Level 1:colcon.colcon_core.package_discovery:discover_packages(path) discover
[0.328s] Level 1:colcon.colcon_core.package_discovery:discover_packages(path) using defaults
[0.343s] Level 1:colcon.colcon_core.package_discovery:discover_packages(prefix_path) check parameters
[0.343s] Level 1:colcon.colcon_core.package_discovery:discover_packages(prefix_path) discover
[0.345s] DEBUG:colcon.colcon_installed_package_information.package_discovery:Found 4 installed packages in /home/poom/ieee_ws/install
[0.347s] DEBUG:colcon.colcon_installed_package_information.package_discovery:Found 271 installed packages in /opt/ros/galactic
[0.348s] Level 1:colcon.colcon_core.package_discovery:discover_packages(prefix_path) using defaults
[0.416s] Level 5:colcon.colcon_core.verb:set package 'ieee_pkg' build argument 'cmake_args' from command line to 'None'
[0.416s] Level 5:colcon.colcon_core.verb:set package 'ieee_pkg' build argument 'cmake_target' from command line to 'None'
[0.417s] Level 5:colcon.colcon_core.verb:set package 'ieee_pkg' build argument 'cmake_target_skip_unavailable' from command line to 'False'
[0.417s] Level 5:colcon.colcon_core.verb:set package 'ieee_pkg' build argument 'cmake_clean_cache' from command line to 'False'
[0.417s] Level 5:colcon.colcon_core.verb:set package 'ieee_pkg' build argument 'cmake_clean_first' from command line to 'False'
[0.417s] Level 5:colcon.colcon_core.verb:set package 'ieee_pkg' build argument 'cmake_force_configure' from command line to 'False'
[0.417s] Level 5:colcon.colcon_core.verb:set package 'ieee_pkg' build argument 'ament_cmake_args' from command line to 'None'
[0.417s] Level 5:colcon.colcon_core.verb:set package 'ieee_pkg' build argument 'catkin_cmake_args' from command line to 'None'
[0.417s] Level 5:colcon.colcon_core.verb:set package 'ieee_pkg' build argument 'catkin_skip_building_tests' from command line to 'False'
[0.417s] DEBUG:colcon.colcon_core.verb:Building package 'ieee_pkg' with the following arguments: {'ament_cmake_args': None, 'build_base': '/home/poom/ieee_ws/build/ieee_pkg', 'catkin_cmake_args': None, 'catkin_skip_building_tests': False, 'cmake_args': None, 'cmake_clean_cache': False, 'cmake_clean_first': False, 'cmake_force_configure': False, 'cmake_target': None, 'cmake_target_skip_unavailable': False, 'install_base': '/home/poom/ieee_ws/install/ieee_pkg', 'merge_install': False, 'path': '/home/poom/ieee_ws/src/ieee_pkg', 'symlink_install': False, 'test_result_base': None}
[0.418s] Level 5:colcon.colcon_core.verb:set package 'webcam_pkg' build argument 'cmake_args' from command line to 'None'
[0.418s] Level 5:colcon.colcon_core.verb:set package 'webcam_pkg' build argument 'cmake_target' from command line to 'None'
[0.418s] Level 5:colcon.colcon_core.verb:set package 'webcam_pkg' build argument 'cmake_target_skip_unavailable' from command line to 'False'
[0.418s] Level 5:colcon.colcon_core.verb:set package 'webcam_pkg' build argument 'cmake_clean_cache' from command line to 'False'
[0.418s] Level 5:colcon.colcon_core.verb:set package 'webcam_pkg' build argument 'cmake_clean_first' from command line to 'False'
[0.418s] Level 5:colcon.colcon_core.verb:set package 'webcam_pkg' build argument 'cmake_force_configure' from command line to 'False'
[0.418s] Level 5:colcon.colcon_core.verb:set package 'webcam_pkg' build argument 'ament_cmake_args' from command line to 'None'
[0.418s] Level 5:colcon.colcon_core.verb:set package 'webcam_pkg' build argument 'catkin_cmake_args' from command line to 'None'
[0.419s] Level 5:colcon.colcon_core.verb:set package 'webcam_pkg' build argument 'catkin_skip_building_tests' from command line to 'False'
[0.419s] DEBUG:colcon.colcon_core.verb:Building package 'webcam_pkg' with the following arguments: {'ament_cmake_args': None, 'build_base': '/home/poom/ieee_ws/build/webcam_pkg', 'catkin_cmake_args': None, 'catkin_skip_building_tests': False, 'cmake_args': None, 'cmake_clean_cache': False, 'cmake_clean_first': False, 'cmake_force_configure': False, 'cmake_target': None, 'cmake_target_skip_unavailable': False, 'install_base': '/home/poom/ieee_ws/install/webcam_pkg', 'merge_install': False, 'path': '/home/poom/ieee_ws/src/webcam_pkg', 'symlink_install': False, 'test_result_base': None}
[0.420s] Level 5:colcon.colcon_core.verb:set package 'xicro_interfaces' build argument 'cmake_args' from command line to 'None'
[0.420s] Level 5:colcon.colcon_core.verb:set package 'xicro_interfaces' build argument 'cmake_target' from command line to 'None'
[0.420s] Level 5:colcon.colcon_core.verb:set package 'xicro_interfaces' build argument 'cmake_target_skip_unavailable' from command line to 'False'
[0.420s] Level 5:colcon.colcon_core.verb:set package 'xicro_interfaces' build argument 'cmake_clean_cache' from command line to 'False'
[0.420s] Level 5:colcon.colcon_core.verb:set package 'xicro_interfaces' build argument 'cmake_clean_first' from command line to 'False'
[0.420s] Level 5:colcon.colcon_core.verb:set package 'xicro_interfaces' build argument 'cmake_force_configure' from command line to 'False'
[0.420s] Level 5:colcon.colcon_core.verb:set package 'xicro_interfaces' build argument 'ament_cmake_args' from command line to 'None'
[0.420s] Level 5:colcon.colcon_core.verb:set package 'xicro_interfaces' build argument 'catkin_cmake_args' from command line to 'None'
[0.420s] Level 5:colcon.colcon_core.verb:set package 'xicro_interfaces' build argument 'catkin_skip_building_tests' from command line to 'False'
[0.420s] DEBUG:colcon.colcon_core.verb:Building package 'xicro_interfaces' with the following arguments: {'ament_cmake_args': None, 'build_base': '/home/poom/ieee_ws/build/xicro_interfaces', 'catkin_cmake_args': None, 'catkin_skip_building_tests': False, 'cmake_args': None, 'cmake_clean_cache': False, 'cmake_clean_first': False, 'cmake_force_configure': False, 'cmake_target': None, 'cmake_target_skip_unavailable': False, 'install_base': '/home/poom/ieee_ws/install/xicro_interfaces', 'merge_install': False, 'path': '/home/poom/ieee_ws/src/Xicro/xicro_interfaces', 'symlink_install': False, 'test_result_base': None}
[0.421s] Level 5:colcon.colcon_core.verb:set package 'xicro_pkg' build argument 'cmake_args' from command line to 'None'
[0.422s] Level 5:colcon.colcon_core.verb:set package 'xicro_pkg' build argument 'cmake_target' from command line to 'None'
[0.422s] Level 5:colcon.colcon_core.verb:set package 'xicro_pkg' build argument 'cmake_target_skip_unavailable' from command line to 'False'
[0.422s] Level 5:colcon.colcon_core.verb:set package 'xicro_pkg' build argument 'cmake_clean_cache' from command line to 'False'
[0.422s] Level 5:colcon.colcon_core.verb:set package 'xicro_pkg' build argument 'cmake_clean_first' from command line to 'False'
[0.422s] Level 5:colcon.colcon_core.verb:set package 'xicro_pkg' build argument 'cmake_force_configure' from command line to 'False'
[0.422s] Level 5:colcon.colcon_core.verb:set package 'xicro_pkg' build argument 'ament_cmake_args' from command line to 'None'
[0.422s] Level 5:colcon.colcon_core.verb:set package 'xicro_pkg' build argument 'catkin_cmake_args' from command line to 'None'
[0.422s] Level 5:colcon.colcon_core.verb:set package 'xicro_pkg' build argument 'catkin_skip_building_tests' from command line to 'False'
[0.422s] DEBUG:colcon.colcon_core.verb:Building package 'xicro_pkg' with the following arguments: {'ament_cmake_args': None, 'build_base': '/home/poom/ieee_ws/build/xicro_pkg', 'catkin_cmake_args': None, 'catkin_skip_building_tests': False, 'cmake_args': None, 'cmake_clean_cache': False, 'cmake_clean_first': False, 'cmake_force_configure': False, 'cmake_target': None, 'cmake_target_skip_unavailable': False, 'install_base': '/home/poom/ieee_ws/install/xicro_pkg', 'merge_install': False, 'path': '/home/poom/ieee_ws/src/Xicro/xicro_pkg', 'symlink_install': False, 'test_result_base': None}
[0.423s] INFO:colcon.colcon_core.executor:Executing jobs using 'parallel' executor
[0.427s] DEBUG:colcon.colcon_parallel_executor.executor.parallel:run_until_complete
[0.427s] INFO:colcon.colcon_ros.task.ament_python.build:Building ROS package in '/home/poom/ieee_ws/src/ieee_pkg' with build type 'ament_python'
[0.427s] Level 1:colcon.colcon_core.shell:create_environment_hook('ieee_pkg', 'ament_prefix_path')
[0.432s] INFO:colcon.colcon_core.plugin_system:Skipping extension 'colcon_core.shell.bat': Not used on non-Windows systems
[0.432s] INFO:colcon.colcon_core.shell:Creating environment hook '/home/poom/ieee_ws/install/ieee_pkg/share/ieee_pkg/hook/ament_prefix_path.ps1'
[0.433s] INFO:colcon.colcon_core.shell:Creating environment descriptor '/home/poom/ieee_ws/install/ieee_pkg/share/ieee_pkg/hook/ament_prefix_path.dsv'
[0.433s] INFO:colcon.colcon_core.shell:Creating environment hook '/home/poom/ieee_ws/install/ieee_pkg/share/ieee_pkg/hook/ament_prefix_path.sh'
[0.435s] INFO:colcon.colcon_core.shell:Skip shell extension 'powershell' for command environment: Not usable outside of PowerShell
[0.435s] DEBUG:colcon.colcon_core.shell:Skip shell extension 'dsv' for command environment
[0.443s] INFO:colcon.colcon_ros.task.ament_python.build:Building ROS package in '/home/poom/ieee_ws/src/webcam_pkg' with build type 'ament_python'
[0.443s] Level 1:colcon.colcon_core.shell:create_environment_hook('webcam_pkg', 'ament_prefix_path')
[0.445s] INFO:colcon.colcon_core.shell:Creating environment hook '/home/poom/ieee_ws/install/webcam_pkg/share/webcam_pkg/hook/ament_prefix_path.ps1'
[0.445s] INFO:colcon.colcon_core.shell:Creating environment descriptor '/home/poom/ieee_ws/install/webcam_pkg/share/webcam_pkg/hook/ament_prefix_path.dsv'
[0.446s] INFO:colcon.colcon_core.shell:Creating environment hook '/home/poom/ieee_ws/install/webcam_pkg/share/webcam_pkg/hook/ament_prefix_path.sh'
[0.448s] INFO:colcon.colcon_core.shell:Skip shell extension 'powershell' for command environment: Not usable outside of PowerShell
[0.448s] DEBUG:colcon.colcon_core.shell:Skip shell extension 'dsv' for command environment
[0.454s] INFO:colcon.colcon_ros.task.ament_cmake.build:Building ROS package in '/home/poom/ieee_ws/src/Xicro/xicro_interfaces' with build type 'ament_cmake'
[0.454s] INFO:colcon.colcon_cmake.task.cmake.build:Building CMake package in '/home/poom/ieee_ws/src/Xicro/xicro_interfaces'
[0.456s] INFO:colcon.colcon_core.shell:Skip shell extension 'powershell' for command environment: Not usable outside of PowerShell
[0.456s] DEBUG:colcon.colcon_core.shell:Skip shell extension 'dsv' for command environment
[0.462s] INFO:colcon.colcon_ros.task.ament_cmake.build:Building ROS package in '/home/poom/ieee_ws/src/Xicro/xicro_pkg' with build type 'ament_cmake'
[0.462s] INFO:colcon.colcon_cmake.task.cmake.build:Building CMake package in '/home/poom/ieee_ws/src/Xicro/xicro_pkg'
[0.464s] INFO:colcon.colcon_core.shell:Skip shell extension 'powershell' for command environment: Not usable outside of PowerShell
[0.464s] DEBUG:colcon.colcon_core.shell:Skip shell extension 'dsv' for command environment
[0.717s] INFO:colcon.colcon_core.task.python.build:Building Python package in '/home/poom/ieee_ws/src/ieee_pkg'
[0.719s] INFO:colcon.colcon_core.shell:Skip shell extension 'powershell' for command environment: Not usable outside of PowerShell
[0.719s] DEBUG:colcon.colcon_core.shell:Skip shell extension 'dsv' for command environment
[0.972s] INFO:colcon.colcon_core.task.python.build:Building Python package in '/home/poom/ieee_ws/src/webcam_pkg'
[0.975s] INFO:colcon.colcon_core.shell:Skip shell extension 'powershell' for command environment: Not usable outside of PowerShell
[0.975s] DEBUG:colcon.colcon_core.shell:Skip shell extension 'dsv' for command environment
[0.987s] DEBUG:colcon.colcon_core.event_handler.log_command:Invoking command in '/home/poom/ieee_ws/build/xicro_interfaces': CMAKE_PREFIX_PATH=${CMAKE_PREFIX_PATH}:/home/poom/ieee_ws/install/webcam_pkg:/home/poom/ieee_ws/install/ieee_pkg:/opt/ros/galactic /home/poom/.local/bin/cmake --build /home/poom/ieee_ws/build/xicro_interfaces -- -j12 -l12
[0.991s] DEBUG:colcon.colcon_core.event_handler.log_command:Invoking command in '/home/poom/ieee_ws/build/xicro_pkg': CMAKE_PREFIX_PATH=${CMAKE_PREFIX_PATH}:/home/poom/ieee_ws/install/webcam_pkg:/home/poom/ieee_ws/install/ieee_pkg:/opt/ros/galactic /home/poom/.local/bin/cmake --build /home/poom/ieee_ws/build/xicro_pkg -- -j12 -l12
[1.099s] DEBUG:colcon.colcon_core.event_handler.log_command:Invoked command in '/home/poom/ieee_ws/build/xicro_interfaces' returned '0': CMAKE_PREFIX_PATH=${CMAKE_PREFIX_PATH}:/home/poom/ieee_ws/install/webcam_pkg:/home/poom/ieee_ws/install/ieee_pkg:/opt/ros/galactic /home/poom/.local/bin/cmake --build /home/poom/ieee_ws/build/xicro_interfaces -- -j12 -l12
[1.207s] DEBUG:colcon.colcon_core.event_handler.log_command:Invoking command in '/home/poom/ieee_ws/build/xicro_interfaces': CMAKE_PREFIX_PATH=${CMAKE_PREFIX_PATH}:/home/poom/ieee_ws/install/webcam_pkg:/home/poom/ieee_ws/install/ieee_pkg:/opt/ros/galactic /home/poom/.local/bin/cmake --install /home/poom/ieee_ws/build/xicro_interfaces
[1.282s] Level 1:colcon.colcon_core.environment:create_environment_scripts_only(xicro_interfaces)
[1.287s] Level 1:colcon.colcon_core.environment:checking '/home/poom/ieee_ws/install/xicro_interfaces' for CMake module files
[1.288s] DEBUG:colcon.colcon_core.event_handler.log_command:Invoked command in '/home/poom/ieee_ws/build/xicro_interfaces' returned '0': CMAKE_PREFIX_PATH=${CMAKE_PREFIX_PATH}:/home/poom/ieee_ws/install/webcam_pkg:/home/poom/ieee_ws/install/ieee_pkg:/opt/ros/galactic /home/poom/.local/bin/cmake --install /home/poom/ieee_ws/build/xicro_interfaces
[1.288s] Level 1:colcon.colcon_core.environment:checking '/home/poom/ieee_ws/install/xicro_interfaces' for CMake config files
[1.288s] Level 1:colcon.colcon_core.shell:create_environment_hook('xicro_interfaces', 'cmake_prefix_path')
[1.290s] INFO:colcon.colcon_core.shell:Creating environment hook '/home/poom/ieee_ws/install/xicro_interfaces/share/xicro_interfaces/hook/cmake_prefix_path.ps1'
[1.291s] INFO:colcon.colcon_core.shell:Creating environment descriptor '/home/poom/ieee_ws/install/xicro_interfaces/share/xicro_interfaces/hook/cmake_prefix_path.dsv'
[1.291s] INFO:colcon.colcon_core.shell:Creating environment hook '/home/poom/ieee_ws/install/xicro_interfaces/share/xicro_interfaces/hook/cmake_prefix_path.sh'
[1.292s] Level 1:colcon.colcon_core.environment:checking '/home/poom/ieee_ws/install/xicro_interfaces/lib'
[1.292s] Level 1:colcon.colcon_core.shell:create_environment_hook('xicro_interfaces', 'ld_library_path_lib')
[1.293s] INFO:colcon.colcon_core.shell:Creating environment hook '/home/poom/ieee_ws/install/xicro_interfaces/share/xicro_interfaces/hook/ld_library_path_lib.ps1'
[1.294s] INFO:colcon.colcon_core.shell:Creating environment descriptor '/home/poom/ieee_ws/install/xicro_interfaces/share/xicro_interfaces/hook/ld_library_path_lib.dsv'
[1.294s] INFO:colcon.colcon_core.shell:Creating environment hook '/home/poom/ieee_ws/install/xicro_interfaces/share/xicro_interfaces/hook/ld_library_path_lib.sh'
[1.294s] Level 1:colcon.colcon_core.environment:checking '/home/poom/ieee_ws/install/xicro_interfaces/bin'
[1.294s] Level 1:colcon.colcon_core.environment:checking '/home/poom/ieee_ws/install/xicro_interfaces/lib/pkgconfig/xicro_interfaces.pc'
[1.295s] Level 1:colcon.colcon_core.environment:checking '/home/poom/ieee_ws/install/xicro_interfaces/lib/python3.8/site-packages'
[1.295s] Level 1:colcon.colcon_core.shell:create_environment_hook('xicro_interfaces', 'pythonpath')
[1.296s] INFO:colcon.colcon_core.shell:Creating environment hook '/home/poom/ieee_ws/install/xicro_interfaces/share/xicro_interfaces/hook/pythonpath.ps1'
[1.297s] INFO:colcon.colcon_core.shell:Creating environment descriptor '/home/poom/ieee_ws/install/xicro_interfaces/share/xicro_interfaces/hook/pythonpath.dsv'
[1.297s] INFO:colcon.colcon_core.shell:Creating environment hook '/home/poom/ieee_ws/install/xicro_interfaces/share/xicro_interfaces/hook/pythonpath.sh'
[1.297s] Level 1:colcon.colcon_core.environment:checking '/home/poom/ieee_ws/install/xicro_interfaces/bin'
[1.299s] INFO:colcon.colcon_core.shell:Creating package script '/home/poom/ieee_ws/install/xicro_interfaces/share/xicro_interfaces/package.ps1'
[1.300s] INFO:colcon.colcon_core.shell:Creating package descriptor '/home/poom/ieee_ws/install/xicro_interfaces/share/xicro_interfaces/package.dsv'
[1.300s] INFO:colcon.colcon_core.shell:Creating package script '/home/poom/ieee_ws/install/xicro_interfaces/share/xicro_interfaces/package.sh'
[1.301s] INFO:colcon.colcon_core.shell:Creating package script '/home/poom/ieee_ws/install/xicro_interfaces/share/xicro_interfaces/package.bash'
[1.302s] INFO:colcon.colcon_core.shell:Creating package script '/home/poom/ieee_ws/install/xicro_interfaces/share/xicro_interfaces/package.zsh'
[1.302s] Level 1:colcon.colcon_core.environment:create_file_with_runtime_dependencies(/home/poom/ieee_ws/install/xicro_interfaces/share/colcon-core/packages/xicro_interfaces)
[1.370s] Level 1:colcon.colcon_core.environment:create_environment_scripts_only(xicro_interfaces)
[1.373s] Level 1:colcon.colcon_core.environment:checking '/home/poom/ieee_ws/install/xicro_interfaces' for CMake module files
[1.374s] Level 1:colcon.colcon_core.environment:checking '/home/poom/ieee_ws/install/xicro_interfaces' for CMake config files
[1.374s] Level 1:colcon.colcon_core.shell:create_environment_hook('xicro_interfaces', 'cmake_prefix_path')
[1.376s] INFO:colcon.colcon_core.shell:Creating environment hook '/home/poom/ieee_ws/install/xicro_interfaces/share/xicro_interfaces/hook/cmake_prefix_path.ps1'
[1.376s] INFO:colcon.colcon_core.shell:Creating environment descriptor '/home/poom/ieee_ws/install/xicro_interfaces/share/xicro_interfaces/hook/cmake_prefix_path.dsv'
[1.377s] INFO:colcon.colcon_core.shell:Creating environment hook '/home/poom/ieee_ws/install/xicro_interfaces/share/xicro_interfaces/hook/cmake_prefix_path.sh'
[1.377s] Level 1:colcon.colcon_core.environment:checking '/home/poom/ieee_ws/install/xicro_interfaces/lib'
[1.377s] Level 1:colcon.colcon_core.shell:create_environment_hook('xicro_interfaces', 'ld_library_path_lib')
[1.379s] INFO:colcon.colcon_core.shell:Creating environment hook '/home/poom/ieee_ws/install/xicro_interfaces/share/xicro_interfaces/hook/ld_library_path_lib.ps1'
[1.379s] INFO:colcon.colcon_core.shell:Creating environment descriptor '/home/poom/ieee_ws/install/xicro_interfaces/share/xicro_interfaces/hook/ld_library_path_lib.dsv'
[1.379s] INFO:colcon.colcon_core.shell:Creating environment hook '/home/poom/ieee_ws/install/xicro_interfaces/share/xicro_interfaces/hook/ld_library_path_lib.sh'
[1.380s] Level 1:colcon.colcon_core.environment:checking '/home/poom/ieee_ws/install/xicro_interfaces/bin'
[1.380s] Level 1:colcon.colcon_core.environment:checking '/home/poom/ieee_ws/install/xicro_interfaces/lib/pkgconfig/xicro_interfaces.pc'
[1.380s] Level 1:colcon.colcon_core.environment:checking '/home/poom/ieee_ws/install/xicro_interfaces/lib/python3.8/site-packages'
[1.380s] Level 1:colcon.colcon_core.shell:create_environment_hook('xicro_interfaces', 'pythonpath')
[1.382s] INFO:colcon.colcon_core.shell:Creating environment hook '/home/poom/ieee_ws/install/xicro_interfaces/share/xicro_interfaces/hook/pythonpath.ps1'
[1.382s] INFO:colcon.colcon_core.shell:Creating environment descriptor '/home/poom/ieee_ws/install/xicro_interfaces/share/xicro_interfaces/hook/pythonpath.dsv'
[1.383s] INFO:colcon.colcon_core.shell:Creating environment hook '/home/poom/ieee_ws/install/xicro_interfaces/share/xicro_interfaces/hook/pythonpath.sh'
[1.383s] Level 1:colcon.colcon_core.environment:checking '/home/poom/ieee_ws/install/xicro_interfaces/bin'
[1.385s] INFO:colcon.colcon_core.shell:Creating package script '/home/poom/ieee_ws/install/xicro_interfaces/share/xicro_interfaces/package.ps1'
[1.386s] INFO:colcon.colcon_core.shell:Creating package descriptor '/home/poom/ieee_ws/install/xicro_interfaces/share/xicro_interfaces/package.dsv'
[1.387s] INFO:colcon.colcon_core.shell:Creating package script '/home/poom/ieee_ws/install/xicro_interfaces/share/xicro_interfaces/package.sh'
[1.387s] INFO:colcon.colcon_core.shell:Creating package script '/home/poom/ieee_ws/install/xicro_interfaces/share/xicro_interfaces/package.bash'
[1.388s] INFO:colcon.colcon_core.shell:Creating package script '/home/poom/ieee_ws/install/xicro_interfaces/share/xicro_interfaces/package.zsh'
[1.388s] Level 1:colcon.colcon_core.environment:create_file_with_runtime_dependencies(/home/poom/ieee_ws/install/xicro_interfaces/share/colcon-core/packages/xicro_interfaces)
[1.390s] DEBUG:colcon.colcon_core.event_handler.log_command:Invoked command in '/home/poom/ieee_ws/build/xicro_pkg' returned '0': CMAKE_PREFIX_PATH=${CMAKE_PREFIX_PATH}:/home/poom/ieee_ws/install/webcam_pkg:/home/poom/ieee_ws/install/ieee_pkg:/opt/ros/galactic /home/poom/.local/bin/cmake --build /home/poom/ieee_ws/build/xicro_pkg -- -j12 -l12
[1.444s] DEBUG:colcon.colcon_core.event_handler.log_command:Invoking command in '/home/poom/ieee_ws/build/xicro_pkg': CMAKE_PREFIX_PATH=${CMAKE_PREFIX_PATH}:/home/poom/ieee_ws/install/webcam_pkg:/home/poom/ieee_ws/install/ieee_pkg:/opt/ros/galactic /home/poom/.local/bin/cmake --install /home/poom/ieee_ws/build/xicro_pkg
[1.477s] DEBUG:colcon.colcon_core.event_handler.log_command:Invoking command in '/home/poom/ieee_ws/src/ieee_pkg': PYTHONPATH=/home/poom/ieee_ws/build/ieee_pkg/prefix_override:/home/poom/ieee_ws/install/ieee_pkg/lib/python3.8/site-packages:${PYTHONPATH} /usr/bin/python3 setup.py egg_info --egg-base ../../build/ieee_pkg build --build-base /home/poom/ieee_ws/build/ieee_pkg/build install --record /home/poom/ieee_ws/build/ieee_pkg/install.log --single-version-externally-managed
[1.513s] DEBUG:colcon.colcon_core.event_handler.log_command:Invoking command in '/home/poom/ieee_ws/src/webcam_pkg': PYTHONPATH=/home/poom/ieee_ws/build/webcam_pkg/prefix_override:/home/poom/ieee_ws/install/webcam_pkg/lib/python3.8/site-packages:${PYTHONPATH} /usr/bin/python3 setup.py egg_info --egg-base ../../build/webcam_pkg build --build-base /home/poom/ieee_ws/build/webcam_pkg/build install --record /home/poom/ieee_ws/build/webcam_pkg/install.log --single-version-externally-managed
[1.522s] Level 1:colcon.colcon_core.environment:create_environment_scripts_only(xicro_pkg)
[1.525s] Level 1:colcon.colcon_core.environment:checking '/home/poom/ieee_ws/install/xicro_pkg' for CMake module files
[1.526s] DEBUG:colcon.colcon_core.event_handler.log_command:Invoked command in '/home/poom/ieee_ws/build/xicro_pkg' returned '0': CMAKE_PREFIX_PATH=${CMAKE_PREFIX_PATH}:/home/poom/ieee_ws/install/webcam_pkg:/home/poom/ieee_ws/install/ieee_pkg:/opt/ros/galactic /home/poom/.local/bin/cmake --install /home/poom/ieee_ws/build/xicro_pkg
[1.527s] Level 1:colcon.colcon_core.environment:checking '/home/poom/ieee_ws/install/xicro_pkg' for CMake config files
[1.527s] Level 1:colcon.colcon_core.shell:create_environment_hook('xicro_pkg', 'cmake_prefix_path')
[1.529s] INFO:colcon.colcon_core.shell:Creating environment hook '/home/poom/ieee_ws/install/xicro_pkg/share/xicro_pkg/hook/cmake_prefix_path.ps1'
[1.530s] INFO:colcon.colcon_core.shell:Creating environment descriptor '/home/poom/ieee_ws/install/xicro_pkg/share/xicro_pkg/hook/cmake_prefix_path.dsv'
[1.530s] INFO:colcon.colcon_core.shell:Creating environment hook '/home/poom/ieee_ws/install/xicro_pkg/share/xicro_pkg/hook/cmake_prefix_path.sh'
[1.530s] Level 1:colcon.colcon_core.environment:checking '/home/poom/ieee_ws/install/xicro_pkg/lib'
[1.531s] Level 1:colcon.colcon_core.environment:checking '/home/poom/ieee_ws/install/xicro_pkg/bin'
[1.531s] Level 1:colcon.colcon_core.environment:checking '/home/poom/ieee_ws/install/xicro_pkg/lib/pkgconfig/xicro_pkg.pc'
[1.531s] Level 1:colcon.colcon_core.environment:checking '/home/poom/ieee_ws/install/xicro_pkg/lib/python3.8/site-packages'
[1.531s] Level 1:colcon.colcon_core.shell:create_environment_hook('xicro_pkg', 'pythonpath')
[1.533s] INFO:colcon.colcon_core.shell:Creating environment hook '/home/poom/ieee_ws/install/xicro_pkg/share/xicro_pkg/hook/pythonpath.ps1'
[1.533s] INFO:colcon.colcon_core.shell:Creating environment descriptor '/home/poom/ieee_ws/install/xicro_pkg/share/xicro_pkg/hook/pythonpath.dsv'
[1.534s] INFO:colcon.colcon_core.shell:Creating environment hook '/home/poom/ieee_ws/install/xicro_pkg/share/xicro_pkg/hook/pythonpath.sh'
[1.534s] Level 1:colcon.colcon_core.environment:checking '/home/poom/ieee_ws/install/xicro_pkg/bin'
[1.536s] INFO:colcon.colcon_core.shell:Creating package script '/home/poom/ieee_ws/install/xicro_pkg/share/xicro_pkg/package.ps1'
[1.537s] INFO:colcon.colcon_core.shell:Creating package descriptor '/home/poom/ieee_ws/install/xicro_pkg/share/xicro_pkg/package.dsv'
[1.537s] INFO:colcon.colcon_core.shell:Creating package script '/home/poom/ieee_ws/install/xicro_pkg/share/xicro_pkg/package.sh'
[1.538s] INFO:colcon.colcon_core.shell:Creating package script '/home/poom/ieee_ws/install/xicro_pkg/share/xicro_pkg/package.bash'
[1.538s] INFO:colcon.colcon_core.shell:Creating package script '/home/poom/ieee_ws/install/xicro_pkg/share/xicro_pkg/package.zsh'
[1.538s] Level 1:colcon.colcon_core.environment:create_file_with_runtime_dependencies(/home/poom/ieee_ws/install/xicro_pkg/share/colcon-core/packages/xicro_pkg)
[1.589s] Level 1:colcon.colcon_core.environment:create_environment_scripts_only(xicro_pkg)
[1.592s] Level 1:colcon.colcon_core.environment:checking '/home/poom/ieee_ws/install/xicro_pkg' for CMake module files
[1.593s] Level 1:colcon.colcon_core.environment:checking '/home/poom/ieee_ws/install/xicro_pkg' for CMake config files
[1.593s] Level 1:colcon.colcon_core.shell:create_environment_hook('xicro_pkg', 'cmake_prefix_path')
[1.595s] INFO:colcon.colcon_core.shell:Creating environment hook '/home/poom/ieee_ws/install/xicro_pkg/share/xicro_pkg/hook/cmake_prefix_path.ps1'
[1.596s] INFO:colcon.colcon_core.shell:Creating environment descriptor '/home/poom/ieee_ws/install/xicro_pkg/share/xicro_pkg/hook/cmake_prefix_path.dsv'
[1.596s] INFO:colcon.colcon_core.shell:Creating environment hook '/home/poom/ieee_ws/install/xicro_pkg/share/xicro_pkg/hook/cmake_prefix_path.sh'
[1.597s] Level 1:colcon.colcon_core.environment:checking '/home/poom/ieee_ws/install/xicro_pkg/lib'
[1.597s] Level 1:colcon.colcon_core.environment:checking '/home/poom/ieee_ws/install/xicro_pkg/bin'
[1.597s] Level 1:colcon.colcon_core.environment:checking '/home/poom/ieee_ws/install/xicro_pkg/lib/pkgconfig/xicro_pkg.pc'
[1.597s] Level 1:colcon.colcon_core.environment:checking '/home/poom/ieee_ws/install/xicro_pkg/lib/python3.8/site-packages'
[1.597s] Level 1:colcon.colcon_core.shell:create_environment_hook('xicro_pkg', 'pythonpath')
[1.599s] INFO:colcon.colcon_core.shell:Creating environment hook '/home/poom/ieee_ws/install/xicro_pkg/share/xicro_pkg/hook/pythonpath.ps1'
[1.599s] INFO:colcon.colcon_core.shell:Creating environment descriptor '/home/poom/ieee_ws/install/xicro_pkg/share/xicro_pkg/hook/pythonpath.dsv'
[1.600s] INFO:colcon.colcon_core.shell:Creating environment hook '/home/poom/ieee_ws/install/xicro_pkg/share/xicro_pkg/hook/pythonpath.sh'
[1.600s] Level 1:colcon.colcon_core.environment:checking '/home/poom/ieee_ws/install/xicro_pkg/bin'
[1.602s] INFO:colcon.colcon_core.shell:Creating package script '/home/poom/ieee_ws/install/xicro_pkg/share/xicro_pkg/package.ps1'
[1.603s] INFO:colcon.colcon_core.shell:Creating package descriptor '/home/poom/ieee_ws/install/xicro_pkg/share/xicro_pkg/package.dsv'
[1.603s] INFO:colcon.colcon_core.shell:Creating package script '/home/poom/ieee_ws/install/xicro_pkg/share/xicro_pkg/package.sh'
[1.604s] INFO:colcon.colcon_core.shell:Creating package script '/home/poom/ieee_ws/install/xicro_pkg/share/xicro_pkg/package.bash'
[1.604s] INFO:colcon.colcon_core.shell:Creating package script '/home/poom/ieee_ws/install/xicro_pkg/share/xicro_pkg/package.zsh'
[1.604s] Level 1:colcon.colcon_core.environment:create_file_with_runtime_dependencies(/home/poom/ieee_ws/install/xicro_pkg/share/colcon-core/packages/xicro_pkg)
[1.843s] Level 1:colcon.colcon_core.environment:checking '/home/poom/ieee_ws/install/webcam_pkg' for CMake module files
[1.844s] DEBUG:colcon.colcon_core.event_handler.log_command:Invoked command in '/home/poom/ieee_ws/src/webcam_pkg' returned '0': PYTHONPATH=/home/poom/ieee_ws/build/webcam_pkg/prefix_override:/home/poom/ieee_ws/install/webcam_pkg/lib/python3.8/site-packages:${PYTHONPATH} /usr/bin/python3 setup.py egg_info --egg-base ../../build/webcam_pkg build --build-base /home/poom/ieee_ws/build/webcam_pkg/build install --record /home/poom/ieee_ws/build/webcam_pkg/install.log --single-version-externally-managed
[1.844s] Level 1:colcon.colcon_core.environment:checking '/home/poom/ieee_ws/install/webcam_pkg' for CMake config files
[1.845s] Level 1:colcon.colcon_core.environment:checking '/home/poom/ieee_ws/install/webcam_pkg/lib'
[1.845s] Level 1:colcon.colcon_core.environment:checking '/home/poom/ieee_ws/install/webcam_pkg/bin'
[1.845s] Level 1:colcon.colcon_core.environment:checking '/home/poom/ieee_ws/install/webcam_pkg/lib/pkgconfig/webcam_pkg.pc'
[1.845s] Level 1:colcon.colcon_core.environment:checking '/home/poom/ieee_ws/install/webcam_pkg/lib/python3.8/site-packages'
[1.845s] Level 1:colcon.colcon_core.shell:create_environment_hook('webcam_pkg', 'pythonpath')
[1.847s] INFO:colcon.colcon_core.shell:Creating environment hook '/home/poom/ieee_ws/install/webcam_pkg/share/webcam_pkg/hook/pythonpath.ps1'
[1.848s] INFO:colcon.colcon_core.shell:Creating environment descriptor '/home/poom/ieee_ws/install/webcam_pkg/share/webcam_pkg/hook/pythonpath.dsv'
[1.848s] INFO:colcon.colcon_core.shell:Creating environment hook '/home/poom/ieee_ws/install/webcam_pkg/share/webcam_pkg/hook/pythonpath.sh'
[1.849s] Level 1:colcon.colcon_core.environment:checking '/home/poom/ieee_ws/install/webcam_pkg/bin'
[1.849s] Level 1:colcon.colcon_core.environment:create_environment_scripts_only(webcam_pkg)
[1.851s] INFO:colcon.colcon_core.shell:Creating package script '/home/poom/ieee_ws/install/webcam_pkg/share/webcam_pkg/package.ps1'
[1.851s] INFO:colcon.colcon_core.shell:Creating package descriptor '/home/poom/ieee_ws/install/webcam_pkg/share/webcam_pkg/package.dsv'
[1.852s] INFO:colcon.colcon_core.shell:Creating package script '/home/poom/ieee_ws/install/webcam_pkg/share/webcam_pkg/package.sh'
[1.852s] INFO:colcon.colcon_core.shell:Creating package script '/home/poom/ieee_ws/install/webcam_pkg/share/webcam_pkg/package.bash'
[1.852s] INFO:colcon.colcon_core.shell:Creating package script '/home/poom/ieee_ws/install/webcam_pkg/share/webcam_pkg/package.zsh'
[1.853s] Level 1:colcon.colcon_core.environment:create_file_with_runtime_dependencies(/home/poom/ieee_ws/install/webcam_pkg/share/colcon-core/packages/webcam_pkg)
[1.857s] Level 1:colcon.colcon_core.environment:checking '/home/poom/ieee_ws/install/ieee_pkg' for CMake module files
[1.857s] DEBUG:colcon.colcon_core.event_handler.log_command:Invoked command in '/home/poom/ieee_ws/src/ieee_pkg' returned '0': PYTHONPATH=/home/poom/ieee_ws/build/ieee_pkg/prefix_override:/home/poom/ieee_ws/install/ieee_pkg/lib/python3.8/site-packages:${PYTHONPATH} /usr/bin/python3 setup.py egg_info --egg-base ../../build/ieee_pkg build --build-base /home/poom/ieee_ws/build/ieee_pkg/build install --record /home/poom/ieee_ws/build/ieee_pkg/install.log --single-version-externally-managed
[1.857s] Level 1:colcon.colcon_core.environment:checking '/home/poom/ieee_ws/install/ieee_pkg' for CMake config files
[1.858s] Level 1:colcon.colcon_core.environment:checking '/home/poom/ieee_ws/install/ieee_pkg/lib'
[1.858s] Level 1:colcon.colcon_core.environment:checking '/home/poom/ieee_ws/install/ieee_pkg/bin'
[1.858s] Level 1:colcon.colcon_core.environment:checking '/home/poom/ieee_ws/install/ieee_pkg/lib/pkgconfig/ieee_pkg.pc'
[1.858s] Level 1:colcon.colcon_core.environment:checking '/home/poom/ieee_ws/install/ieee_pkg/lib/python3.8/site-packages'
[1.858s] Level 1:colcon.colcon_core.shell:create_environment_hook('ieee_pkg', 'pythonpath')
[1.860s] INFO:colcon.colcon_core.shell:Creating environment hook '/home/poom/ieee_ws/install/ieee_pkg/share/ieee_pkg/hook/pythonpath.ps1'
[1.861s] INFO:colcon.colcon_core.shell:Creating environment descriptor '/home/poom/ieee_ws/install/ieee_pkg/share/ieee_pkg/hook/pythonpath.dsv'
[1.861s] INFO:colcon.colcon_core.shell:Creating environment hook '/home/poom/ieee_ws/install/ieee_pkg/share/ieee_pkg/hook/pythonpath.sh'
[1.861s] Level 1:colcon.colcon_core.environment:checking '/home/poom/ieee_ws/install/ieee_pkg/bin'
[1.862s] Level 1:colcon.colcon_core.environment:create_environment_scripts_only(ieee_pkg)
[1.863s] INFO:colcon.colcon_core.shell:Creating package script '/home/poom/ieee_ws/install/ieee_pkg/share/ieee_pkg/package.ps1'
[1.864s] INFO:colcon.colcon_core.shell:Creating package descriptor '/home/poom/ieee_ws/install/ieee_pkg/share/ieee_pkg/package.dsv'
[1.864s] INFO:colcon.colcon_core.shell:Creating package script '/home/poom/ieee_ws/install/ieee_pkg/share/ieee_pkg/package.sh'
[1.865s] INFO:colcon.colcon_core.shell:Creating package script '/home/poom/ieee_ws/install/ieee_pkg/share/ieee_pkg/package.bash'
[1.865s] INFO:colcon.colcon_core.shell:Creating package script '/home/poom/ieee_ws/install/ieee_pkg/share/ieee_pkg/package.zsh'
[1.865s] Level 1:colcon.colcon_core.environment:create_file_with_runtime_dependencies(/home/poom/ieee_ws/install/ieee_pkg/share/colcon-core/packages/ieee_pkg)
[1.866s] DEBUG:colcon.colcon_parallel_executor.executor.parallel:closing loop
[1.866s] DEBUG:colcon.colcon_parallel_executor.executor.parallel:loop closed
[1.866s] DEBUG:colcon.colcon_parallel_executor.executor.parallel:run_until_complete finished with '0'
[1.866s] DEBUG:colcon.colcon_core.event_reactor:joining thread
[1.871s] INFO:colcon.colcon_core.plugin_system:Skipping extension 'colcon_notification.desktop_notification.terminal_notifier': Not used on non-Darwin systems
[1.871s] INFO:colcon.colcon_core.plugin_system:Skipping extension 'colcon_notification.desktop_notification.win32': Not used on non-Windows systems
[1.872s] INFO:colcon.colcon_notification.desktop_notification:Sending desktop notification using 'notify2'
[1.885s] DEBUG:colcon.colcon_core.event_reactor:joined thread
[1.887s] INFO:colcon.colcon_core.shell:Creating prefix script '/home/poom/ieee_ws/install/local_setup.ps1'
[1.888s] INFO:colcon.colcon_core.shell:Creating prefix util module '/home/poom/ieee_ws/install/_local_setup_util_ps1.py'
[1.889s] INFO:colcon.colcon_core.shell:Creating prefix chain script '/home/poom/ieee_ws/install/setup.ps1'
[1.891s] INFO:colcon.colcon_core.shell:Creating prefix script '/home/poom/ieee_ws/install/local_setup.sh'
[1.892s] INFO:colcon.colcon_core.shell:Creating prefix util module '/home/poom/ieee_ws/install/_local_setup_util_sh.py'
[1.892s] INFO:colcon.colcon_core.shell:Creating prefix chain script '/home/poom/ieee_ws/install/setup.sh'
[1.894s] INFO:colcon.colcon_core.shell:Creating prefix script '/home/poom/ieee_ws/install/local_setup.bash'
[1.894s] INFO:colcon.colcon_core.shell:Creating prefix chain script '/home/poom/ieee_ws/install/setup.bash'
[1.896s] INFO:colcon.colcon_core.shell:Creating prefix script '/home/poom/ieee_ws/install/local_setup.zsh'
[1.897s] INFO:colcon.colcon_core.shell:Creating prefix chain script '/home/poom/ieee_ws/install/setup.zsh'
