[1.352s] Invoking command in '/home/poom/ieee_ws/src/webcam_pkg': PYTHONPATH=/home/poom/ieee_ws/build/webcam_pkg/prefix_override:/home/poom/ieee_ws/install/webcam_pkg/lib/python3.8/site-packages:${PYTHONPATH} /usr/bin/python3 setup.py egg_info --egg-base ../../build/webcam_pkg build --build-base /home/poom/ieee_ws/build/webcam_pkg/build install --record /home/poom/ieee_ws/build/webcam_pkg/install.log --single-version-externally-managed
[1.689s] running egg_info
[1.690s] writing ../../build/webcam_pkg/webcam_pkg.egg-info/PKG-INFO
[1.691s] writing dependency_links to ../../build/webcam_pkg/webcam_pkg.egg-info/dependency_links.txt
[1.691s] writing entry points to ../../build/webcam_pkg/webcam_pkg.egg-info/entry_points.txt
[1.691s] writing requirements to ../../build/webcam_pkg/webcam_pkg.egg-info/requires.txt
[1.691s] writing top-level names to ../../build/webcam_pkg/webcam_pkg.egg-info/top_level.txt
[1.743s] reading manifest file '../../build/webcam_pkg/webcam_pkg.egg-info/SOURCES.txt'
[1.744s] writing manifest file '../../build/webcam_pkg/webcam_pkg.egg-info/SOURCES.txt'
[1.744s] running build
[1.744s] running build_py
[1.745s] running install
[1.746s] running install_lib
[1.747s] running install_data
[1.748s] running install_egg_info
[1.750s] removing '/home/poom/ieee_ws/install/webcam_pkg/lib/python3.8/site-packages/webcam_pkg-0.0.0-py3.8.egg-info' (and everything under it)
[1.751s] Copying ../../build/webcam_pkg/webcam_pkg.egg-info to /home/poom/ieee_ws/install/webcam_pkg/lib/python3.8/site-packages/webcam_pkg-0.0.0-py3.8.egg-info
[1.752s] running install_scripts
[1.773s] Installing webcam_node script to /home/poom/ieee_ws/install/webcam_pkg/lib/webcam_pkg
[1.774s] writing list of installed files to '/home/poom/ieee_ws/build/webcam_pkg/install.log'
[1.806s] Invoked command in '/home/poom/ieee_ws/src/webcam_pkg' returned '0': PYTHONPATH=/home/poom/ieee_ws/build/webcam_pkg/prefix_override:/home/poom/ieee_ws/install/webcam_pkg/lib/python3.8/site-packages:${PYTHONPATH} /usr/bin/python3 setup.py egg_info --egg-base ../../build/webcam_pkg build --build-base /home/poom/ieee_ws/build/webcam_pkg/build install --record /home/poom/ieee_ws/build/webcam_pkg/install.log --single-version-externally-managed
