[0.434s] Invoking command in '/home/poom/ieee_ws/build/xicro_pkg': CMAKE_PREFIX_PATH=${CMAKE_PREFIX_PATH}:/home/poom/ieee_ws/install/webcam_pkg:/home/poom/ieee_ws/install/ieee_pkg:/opt/ros/galactic /home/poom/.local/bin/cmake --build /home/poom/ieee_ws/build/xicro_pkg -- -j12 -l12
[0.466s] Built target ament_cmake_python_copy_xicro_pkg
[0.659s] running egg_info
[0.660s] writing xicro_pkg.egg-info/PKG-INFO
[0.660s] writing dependency_links to xicro_pkg.egg-info/dependency_links.txt
[0.660s] writing top-level names to xicro_pkg.egg-info/top_level.txt
[0.687s] reading manifest file 'xicro_pkg.egg-info/SOURCES.txt'
[0.687s] writing manifest file 'xicro_pkg.egg-info/SOURCES.txt'
[0.709s] Built target ament_cmake_python_build_xicro_pkg_egg
[0.722s] Invoked command in '/home/poom/ieee_ws/build/xicro_pkg' returned '0': CMAKE_PREFIX_PATH=${CMAKE_PREFIX_PATH}:/home/poom/ieee_ws/install/webcam_pkg:/home/poom/ieee_ws/install/ieee_pkg:/opt/ros/galactic /home/poom/.local/bin/cmake --build /home/poom/ieee_ws/build/xicro_pkg -- -j12 -l12
[0.761s] Invoking command in '/home/poom/ieee_ws/build/xicro_pkg': CMAKE_PREFIX_PATH=${CMAKE_PREFIX_PATH}:/home/poom/ieee_ws/install/webcam_pkg:/home/poom/ieee_ws/install/ieee_pkg:/opt/ros/galactic /home/poom/.local/bin/cmake --install /home/poom/ieee_ws/build/xicro_pkg
[0.783s] -- Install configuration: ""
[0.783s] -- Up-to-date: /home/poom/ieee_ws/install/xicro_pkg/share/xicro_pkg/environment/pythonpath.sh
[0.783s] -- Up-to-date: /home/poom/ieee_ws/install/xicro_pkg/share/xicro_pkg/environment/pythonpath.dsv
[0.783s] -- Up-to-date: /home/poom/ieee_ws/install/xicro_pkg/lib/python3.8/site-packages//xicro_pkg.egg-info
[0.783s] -- Installing: /home/poom/ieee_ws/install/xicro_pkg/lib/python3.8/site-packages//xicro_pkg.egg-info/top_level.txt
[0.783s] -- Installing: /home/poom/ieee_ws/install/xicro_pkg/lib/python3.8/site-packages//xicro_pkg.egg-info/PKG-INFO
[0.783s] -- Installing: /home/poom/ieee_ws/install/xicro_pkg/lib/python3.8/site-packages//xicro_pkg.egg-info/dependency_links.txt
[0.783s] -- Installing: /home/poom/ieee_ws/install/xicro_pkg/lib/python3.8/site-packages//xicro_pkg.egg-info/SOURCES.txt
[0.783s] -- Up-to-date: /home/poom/ieee_ws/install/xicro_pkg/lib/python3.8/site-packages/xicro_pkg
[0.783s] -- Up-to-date: /home/poom/ieee_ws/install/xicro_pkg/lib/python3.8/site-packages/xicro_pkg/__init__.py
[0.815s] Listing '/home/poom/ieee_ws/install/xicro_pkg/lib/python3.8/site-packages/xicro_pkg'...
[0.816s] -- Up-to-date: /home/poom/ieee_ws/install/xicro_pkg/lib/xicro_pkg/generate_library.py
[0.816s] -- Up-to-date: /home/poom/ieee_ws/install/xicro_pkg/lib/xicro_pkg/generate_xicro_node.py
[0.816s] -- Up-to-date: /home/poom/ieee_ws/install/xicro_pkg/lib/xicro_pkg/xicro_node_ieee_ID_1_esp.py
[0.816s] -- Up-to-date: /home/poom/ieee_ws/install/xicro_pkg/share/xicro_pkg/config
[0.816s] -- Up-to-date: /home/poom/ieee_ws/install/xicro_pkg/share/xicro_pkg/config/.library_cpp_preSetup.xicro
[0.816s] -- Up-to-date: /home/poom/ieee_ws/install/xicro_pkg/share/xicro_pkg/config/.Xicro_node_preSetup.xicro
[0.816s] -- Up-to-date: /home/poom/ieee_ws/install/xicro_pkg/share/xicro_pkg/config/setup_xicro.yaml
[0.816s] -- Up-to-date: /home/poom/ieee_ws/install/xicro_pkg/share/xicro_pkg/config/.library_h_preSetup.xicro
[0.816s] -- Up-to-date: /home/poom/ieee_ws/install/xicro_pkg/share/ament_index/resource_index/package_run_dependencies/xicro_pkg
[0.816s] -- Up-to-date: /home/poom/ieee_ws/install/xicro_pkg/share/ament_index/resource_index/parent_prefix_path/xicro_pkg
[0.816s] -- Up-to-date: /home/poom/ieee_ws/install/xicro_pkg/share/xicro_pkg/environment/ament_prefix_path.sh
[0.816s] -- Up-to-date: /home/poom/ieee_ws/install/xicro_pkg/share/xicro_pkg/environment/ament_prefix_path.dsv
[0.816s] -- Up-to-date: /home/poom/ieee_ws/install/xicro_pkg/share/xicro_pkg/environment/path.sh
[0.816s] -- Up-to-date: /home/poom/ieee_ws/install/xicro_pkg/share/xicro_pkg/environment/path.dsv
[0.817s] -- Up-to-date: /home/poom/ieee_ws/install/xicro_pkg/share/xicro_pkg/local_setup.bash
[0.817s] -- Up-to-date: /home/poom/ieee_ws/install/xicro_pkg/share/xicro_pkg/local_setup.sh
[0.817s] -- Up-to-date: /home/poom/ieee_ws/install/xicro_pkg/share/xicro_pkg/local_setup.zsh
[0.817s] -- Up-to-date: /home/poom/ieee_ws/install/xicro_pkg/share/xicro_pkg/local_setup.dsv
[0.817s] -- Installing: /home/poom/ieee_ws/install/xicro_pkg/share/xicro_pkg/package.dsv
[0.817s] -- Up-to-date: /home/poom/ieee_ws/install/xicro_pkg/share/ament_index/resource_index/packages/xicro_pkg
[0.817s] -- Up-to-date: /home/poom/ieee_ws/install/xicro_pkg/share/xicro_pkg/cmake/xicro_pkgConfig.cmake
[0.817s] -- Up-to-date: /home/poom/ieee_ws/install/xicro_pkg/share/xicro_pkg/cmake/xicro_pkgConfig-version.cmake
[0.817s] -- Up-to-date: /home/poom/ieee_ws/install/xicro_pkg/share/xicro_pkg/package.xml
[0.818s] Invoked command in '/home/poom/ieee_ws/build/xicro_pkg' returned '0': CMAKE_PREFIX_PATH=${CMAKE_PREFIX_PATH}:/home/poom/ieee_ws/install/webcam_pkg:/home/poom/ieee_ws/install/ieee_pkg:/opt/ros/galactic /home/poom/.local/bin/cmake --install /home/poom/ieee_ws/build/xicro_pkg
