[0.991s] Invoking command in '/home/poom/ieee_ws/src/ieee_pkg': PYTHONPATH=/home/poom/ieee_ws/build/ieee_pkg/prefix_override:/home/poom/ieee_ws/install/ieee_pkg/lib/python3.8/site-packages:${PYTHONPATH} /usr/bin/python3 setup.py egg_info --egg-base ../../build/ieee_pkg build --build-base /home/poom/ieee_ws/build/ieee_pkg/build install --record /home/poom/ieee_ws/build/ieee_pkg/install.log --single-version-externally-managed
[1.169s] running egg_info
[1.170s] writing ../../build/ieee_pkg/ieee_pkg.egg-info/PKG-INFO
[1.170s] writing dependency_links to ../../build/ieee_pkg/ieee_pkg.egg-info/dependency_links.txt
[1.170s] writing entry points to ../../build/ieee_pkg/ieee_pkg.egg-info/entry_points.txt
[1.170s] writing requirements to ../../build/ieee_pkg/ieee_pkg.egg-info/requires.txt
[1.170s] writing top-level names to ../../build/ieee_pkg/ieee_pkg.egg-info/top_level.txt
[1.194s] reading manifest file '../../build/ieee_pkg/ieee_pkg.egg-info/SOURCES.txt'
[1.195s] writing manifest file '../../build/ieee_pkg/ieee_pkg.egg-info/SOURCES.txt'
[1.195s] running build
[1.195s] running build_py
[1.195s] copying ieee_pkg/control.py -> /home/poom/ieee_ws/build/ieee_pkg/build/lib/ieee_pkg
[1.195s] copying ieee_pkg/robot_core.py -> /home/poom/ieee_ws/build/ieee_pkg/build/lib/ieee_pkg
[1.195s] running install
[1.196s] running install_lib
[1.196s] copying /home/poom/ieee_ws/build/ieee_pkg/build/lib/ieee_pkg/control.py -> /home/poom/ieee_ws/install/ieee_pkg/lib/python3.8/site-packages/ieee_pkg
[1.197s] copying /home/poom/ieee_ws/build/ieee_pkg/build/lib/ieee_pkg/robot_core.py -> /home/poom/ieee_ws/install/ieee_pkg/lib/python3.8/site-packages/ieee_pkg
[1.197s] byte-compiling /home/poom/ieee_ws/install/ieee_pkg/lib/python3.8/site-packages/ieee_pkg/control.py to control.cpython-38.pyc
[1.198s] byte-compiling /home/poom/ieee_ws/install/ieee_pkg/lib/python3.8/site-packages/ieee_pkg/robot_core.py to robot_core.cpython-38.pyc
[1.199s] running install_data
[1.200s] running install_egg_info
[1.201s] removing '/home/poom/ieee_ws/install/ieee_pkg/lib/python3.8/site-packages/ieee_pkg-0.0.0-py3.8.egg-info' (and everything under it)
[1.201s] Copying ../../build/ieee_pkg/ieee_pkg.egg-info to /home/poom/ieee_ws/install/ieee_pkg/lib/python3.8/site-packages/ieee_pkg-0.0.0-py3.8.egg-info
[1.202s] running install_scripts
[1.214s] Installing camera_node script to /home/poom/ieee_ws/install/ieee_pkg/lib/ieee_pkg
[1.214s] Installing control_node script to /home/poom/ieee_ws/install/ieee_pkg/lib/ieee_pkg
[1.214s] Installing imu_node script to /home/poom/ieee_ws/install/ieee_pkg/lib/ieee_pkg
[1.214s] Installing robot_core_node script to /home/poom/ieee_ws/install/ieee_pkg/lib/ieee_pkg
[1.214s] writing list of installed files to '/home/poom/ieee_ws/build/ieee_pkg/install.log'
[1.229s] Invoked command in '/home/poom/ieee_ws/src/ieee_pkg' returned '0': PYTHONPATH=/home/poom/ieee_ws/build/ieee_pkg/prefix_override:/home/poom/ieee_ws/install/ieee_pkg/lib/python3.8/site-packages:${PYTHONPATH} /usr/bin/python3 setup.py egg_info --egg-base ../../build/ieee_pkg build --build-base /home/poom/ieee_ws/build/ieee_pkg/build install --record /home/poom/ieee_ws/build/ieee_pkg/install.log --single-version-externally-managed
