Built target ament_cmake_python_copy_xicro_pkg
running egg_info
writing xicro_pkg.egg-info/PKG-INFO
writing dependency_links to xicro_pkg.egg-info/dependency_links.txt
writing top-level names to xicro_pkg.egg-info/top_level.txt
reading manifest file 'xicro_pkg.egg-info/SOURCES.txt'
writing manifest file 'xicro_pkg.egg-info/SOURCES.txt'
Built target ament_cmake_python_build_xicro_pkg_egg
-- Install configuration: ""
-- Up-to-date: /home/poom/ieee_ws/install/xicro_pkg/share/xicro_pkg/environment/pythonpath.sh
-- Up-to-date: /home/poom/ieee_ws/install/xicro_pkg/share/xicro_pkg/environment/pythonpath.dsv
-- Up-to-date: /home/poom/ieee_ws/install/xicro_pkg/lib/python3.8/site-packages//xicro_pkg.egg-info
-- Installing: /home/poom/ieee_ws/install/xicro_pkg/lib/python3.8/site-packages//xicro_pkg.egg-info/top_level.txt
-- Installing: /home/poom/ieee_ws/install/xicro_pkg/lib/python3.8/site-packages//xicro_pkg.egg-info/PKG-INFO
-- Installing: /home/poom/ieee_ws/install/xicro_pkg/lib/python3.8/site-packages//xicro_pkg.egg-info/dependency_links.txt
-- Installing: /home/poom/ieee_ws/install/xicro_pkg/lib/python3.8/site-packages//xicro_pkg.egg-info/SOURCES.txt
-- Up-to-date: /home/poom/ieee_ws/install/xicro_pkg/lib/python3.8/site-packages/xicro_pkg
-- Up-to-date: /home/poom/ieee_ws/install/xicro_pkg/lib/python3.8/site-packages/xicro_pkg/__init__.py
Listing '/home/poom/ieee_ws/install/xicro_pkg/lib/python3.8/site-packages/xicro_pkg'...
-- Up-to-date: /home/poom/ieee_ws/install/xicro_pkg/lib/xicro_pkg/generate_library.py
-- Up-to-date: /home/poom/ieee_ws/install/xicro_pkg/lib/xicro_pkg/generate_xicro_node.py
