running egg_info
creating ../../build/ieee_pkg/ieee_pkg.egg-info
writing ../../build/ieee_pkg/ieee_pkg.egg-info/PKG-INFO
writing dependency_links to ../../build/ieee_pkg/ieee_pkg.egg-info/dependency_links.txt
writing entry points to ../../build/ieee_pkg/ieee_pkg.egg-info/entry_points.txt
writing requirements to ../../build/ieee_pkg/ieee_pkg.egg-info/requires.txt
writing top-level names to ../../build/ieee_pkg/ieee_pkg.egg-info/top_level.txt
writing manifest file '../../build/ieee_pkg/ieee_pkg.egg-info/SOURCES.txt'
reading manifest file '../../build/ieee_pkg/ieee_pkg.egg-info/SOURCES.txt'
writing manifest file '../../build/ieee_pkg/ieee_pkg.egg-info/SOURCES.txt'
running build
running build_py
creating /home/poom/ieee_ws/build/ieee_pkg/build
creating /home/poom/ieee_ws/build/ieee_pkg/build/lib
creating /home/poom/ieee_ws/build/ieee_pkg/build/lib/ieee_pkg
copying ieee_pkg/__init__.py -> /home/poom/ieee_ws/build/ieee_pkg/build/lib/ieee_pkg
running install
running install_lib
creating /home/poom/ieee_ws/install/ieee_pkg/lib/python3.8/site-packages/ieee_pkg
copying /home/poom/ieee_ws/build/ieee_pkg/build/lib/ieee_pkg/__init__.py -> /home/poom/ieee_ws/install/ieee_pkg/lib/python3.8/site-packages/ieee_pkg
byte-compiling /home/poom/ieee_ws/install/ieee_pkg/lib/python3.8/site-packages/ieee_pkg/__init__.py to __init__.cpython-38.pyc
running install_data
creating /home/poom/ieee_ws/install/ieee_pkg/share/ament_index
creating /home/poom/ieee_ws/install/ieee_pkg/share/ament_index/resource_index
creating /home/poom/ieee_ws/install/ieee_pkg/share/ament_index/resource_index/packages
copying resource/ieee_pkg -> /home/poom/ieee_ws/install/ieee_pkg/share/ament_index/resource_index/packages
copying package.xml -> /home/poom/ieee_ws/install/ieee_pkg/share/ieee_pkg
running install_egg_info
Copying ../../build/ieee_pkg/ieee_pkg.egg-info to /home/poom/ieee_ws/install/ieee_pkg/lib/python3.8/site-packages/ieee_pkg-0.0.0-py3.8.egg-info
running install_scripts
writing list of installed files to '/home/poom/ieee_ws/build/ieee_pkg/install.log'
