[0.411s] Invoking command in '/home/poom/ieee_ws/build/xicro_interfaces': CMAKE_PREFIX_PATH=${CMAKE_PREFIX_PATH}:/home/poom/ieee_ws/install/webcam_pkg:/home/poom/ieee_ws/install/ieee_pkg:/home/poom/ieee_ws/install/cam_pkg:/opt/ros/galactic /home/poom/.local/bin/cmake --build /home/poom/ieee_ws/build/xicro_interfaces -- -j12 -l12
[0.445s] [  3%] Built target xicro_interfaces__cpp
[0.445s] [ 12%] Built target xicro_interfaces__rosidl_generator_c
[0.451s] [ 22%] Built target xicro_interfaces__rosidl_typesupport_fastrtps_cpp
[0.452s] [ 32%] Built target xicro_interfaces__rosidl_typesupport_cpp
[0.453s] [ 41%] Built target xicro_interfaces__rosidl_typesupport_introspection_c
[0.453s] [ 51%] Built target xicro_interfaces__rosidl_typesupport_c
[0.453s] [ 61%] Built target xicro_interfaces__rosidl_typesupport_introspection_cpp
[0.458s] [ 70%] Built target xicro_interfaces__rosidl_typesupport_fastrtps_c
[0.464s] [ 70%] Built target xicro_interfaces
[0.469s] [ 74%] Built target xicro_interfaces__py
[0.476s] [ 80%] Built target xicro_interfaces__python
[0.483s] [ 93%] Built target xicro_interfaces__rosidl_typesupport_fastrtps_c__pyext
[0.483s] [ 93%] Built target xicro_interfaces__rosidl_typesupport_c__pyext
[0.483s] [100%] Built target xicro_interfaces__rosidl_typesupport_introspection_c__pyext
[0.490s] Invoked command in '/home/poom/ieee_ws/build/xicro_interfaces' returned '0': CMAKE_PREFIX_PATH=${CMAKE_PREFIX_PATH}:/home/poom/ieee_ws/install/webcam_pkg:/home/poom/ieee_ws/install/ieee_pkg:/home/poom/ieee_ws/install/cam_pkg:/opt/ros/galactic /home/poom/.local/bin/cmake --build /home/poom/ieee_ws/build/xicro_interfaces -- -j12 -l12
[0.565s] Invoking command in '/home/poom/ieee_ws/build/xicro_interfaces': CMAKE_PREFIX_PATH=${CMAKE_PREFIX_PATH}:/home/poom/ieee_ws/install/webcam_pkg:/home/poom/ieee_ws/install/ieee_pkg:/home/poom/ieee_ws/install/cam_pkg:/opt/ros/galactic /home/poom/.local/bin/cmake --install /home/poom/ieee_ws/build/xicro_interfaces
[0.587s] -- Install configuration: ""
[0.587s] -- Up-to-date: /home/poom/ieee_ws/install/xicro_interfaces/share/ament_index/resource_index/rosidl_interfaces/xicro_interfaces
[0.587s] -- Up-to-date: /home/poom/ieee_ws/install/xicro_interfaces/include/xicro_interfaces
[0.587s] -- Up-to-date: /home/poom/ieee_ws/install/xicro_interfaces/include/xicro_interfaces/msg
[0.587s] -- Up-to-date: /home/poom/ieee_ws/install/xicro_interfaces/include/xicro_interfaces/msg/rosidl_generator_c__visibility_control.h
[0.587s] -- Up-to-date: /home/poom/ieee_ws/install/xicro_interfaces/include/xicro_interfaces/action
[0.587s] -- Up-to-date: /home/poom/ieee_ws/install/xicro_interfaces/include/xicro_interfaces/action/detail
[0.588s] -- Up-to-date: /home/poom/ieee_ws/install/xicro_interfaces/include/xicro_interfaces/action/detail/toggle__struct.h
[0.588s] -- Up-to-date: /home/poom/ieee_ws/install/xicro_interfaces/include/xicro_interfaces/action/detail/toggle__functions.c
[0.588s] -- Up-to-date: /home/poom/ieee_ws/install/xicro_interfaces/include/xicro_interfaces/action/detail/toggle__type_support.h
[0.588s] -- Up-to-date: /home/poom/ieee_ws/install/xicro_interfaces/include/xicro_interfaces/action/detail/toggle__functions.h
[0.588s] -- Up-to-date: /home/poom/ieee_ws/install/xicro_interfaces/include/xicro_interfaces/action/toggle.h
[0.588s] -- Up-to-date: /home/poom/ieee_ws/install/xicro_interfaces/share/xicro_interfaces/environment/library_path.sh
[0.588s] -- Up-to-date: /home/poom/ieee_ws/install/xicro_interfaces/share/xicro_interfaces/environment/library_path.dsv
[0.588s] -- Up-to-date: /home/poom/ieee_ws/install/xicro_interfaces/lib/libxicro_interfaces__rosidl_generator_c.so
[0.589s] -- Up-to-date: /home/poom/ieee_ws/install/xicro_interfaces/include/xicro_interfaces
[0.589s] -- Up-to-date: /home/poom/ieee_ws/install/xicro_interfaces/include/xicro_interfaces/msg
[0.589s] -- Up-to-date: /home/poom/ieee_ws/install/xicro_interfaces/include/xicro_interfaces/msg/rosidl_typesupport_fastrtps_c__visibility_control.h
[0.589s] -- Up-to-date: /home/poom/ieee_ws/install/xicro_interfaces/include/xicro_interfaces/action
[0.589s] -- Up-to-date: /home/poom/ieee_ws/install/xicro_interfaces/include/xicro_interfaces/action/detail
[0.589s] -- Up-to-date: /home/poom/ieee_ws/install/xicro_interfaces/include/xicro_interfaces/action/detail/toggle__rosidl_typesupport_fastrtps_c.h
[0.589s] -- Up-to-date: /home/poom/ieee_ws/install/xicro_interfaces/lib/libxicro_interfaces__rosidl_typesupport_fastrtps_c.so
[0.589s] -- Up-to-date: /home/poom/ieee_ws/install/xicro_interfaces/include/xicro_interfaces
[0.589s] -- Up-to-date: /home/poom/ieee_ws/install/xicro_interfaces/include/xicro_interfaces/msg
[0.590s] -- Up-to-date: /home/poom/ieee_ws/install/xicro_interfaces/include/xicro_interfaces/msg/rosidl_typesupport_fastrtps_cpp__visibility_control.h
[0.590s] -- Up-to-date: /home/poom/ieee_ws/install/xicro_interfaces/include/xicro_interfaces/action
[0.590s] -- Up-to-date: /home/poom/ieee_ws/install/xicro_interfaces/include/xicro_interfaces/action/detail
[0.590s] -- Up-to-date: /home/poom/ieee_ws/install/xicro_interfaces/include/xicro_interfaces/action/detail/toggle__rosidl_typesupport_fastrtps_cpp.hpp
[0.590s] -- Up-to-date: /home/poom/ieee_ws/install/xicro_interfaces/include/xicro_interfaces/action/detail/dds_fastrtps
[0.590s] -- Up-to-date: /home/poom/ieee_ws/install/xicro_interfaces/lib/libxicro_interfaces__rosidl_typesupport_fastrtps_cpp.so
[0.590s] -- Up-to-date: /home/poom/ieee_ws/install/xicro_interfaces/include/xicro_interfaces
[0.590s] -- Up-to-date: /home/poom/ieee_ws/install/xicro_interfaces/include/xicro_interfaces/msg
[0.590s] -- Up-to-date: /home/poom/ieee_ws/install/xicro_interfaces/include/xicro_interfaces/msg/rosidl_typesupport_introspection_c__visibility_control.h
[0.591s] -- Up-to-date: /home/poom/ieee_ws/install/xicro_interfaces/include/xicro_interfaces/action
[0.591s] -- Up-to-date: /home/poom/ieee_ws/install/xicro_interfaces/include/xicro_interfaces/action/detail
[0.591s] -- Up-to-date: /home/poom/ieee_ws/install/xicro_interfaces/include/xicro_interfaces/action/detail/toggle__type_support.c
[0.591s] -- Up-to-date: /home/poom/ieee_ws/install/xicro_interfaces/include/xicro_interfaces/action/detail/toggle__rosidl_typesupport_introspection_c.h
[0.591s] -- Up-to-date: /home/poom/ieee_ws/install/xicro_interfaces/lib/libxicro_interfaces__rosidl_typesupport_introspection_c.so
[0.591s] -- Up-to-date: /home/poom/ieee_ws/install/xicro_interfaces/lib/libxicro_interfaces__rosidl_typesupport_c.so
[0.591s] -- Up-to-date: /home/poom/ieee_ws/install/xicro_interfaces/include/xicro_interfaces
[0.591s] -- Up-to-date: /home/poom/ieee_ws/install/xicro_interfaces/include/xicro_interfaces/action
[0.591s] -- Up-to-date: /home/poom/ieee_ws/install/xicro_interfaces/include/xicro_interfaces/action/detail
[0.592s] -- Up-to-date: /home/poom/ieee_ws/install/xicro_interfaces/include/xicro_interfaces/action/detail/toggle__builder.hpp
[0.592s] -- Up-to-date: /home/poom/ieee_ws/install/xicro_interfaces/include/xicro_interfaces/action/detail/toggle__traits.hpp
[0.592s] -- Up-to-date: /home/poom/ieee_ws/install/xicro_interfaces/include/xicro_interfaces/action/detail/toggle__struct.hpp
[0.592s] -- Up-to-date: /home/poom/ieee_ws/install/xicro_interfaces/include/xicro_interfaces/action/toggle.hpp
[0.592s] -- Up-to-date: /home/poom/ieee_ws/install/xicro_interfaces/include/xicro_interfaces
[0.592s] -- Up-to-date: /home/poom/ieee_ws/install/xicro_interfaces/include/xicro_interfaces/action
[0.592s] -- Up-to-date: /home/poom/ieee_ws/install/xicro_interfaces/include/xicro_interfaces/action/detail
[0.592s] -- Up-to-date: /home/poom/ieee_ws/install/xicro_interfaces/include/xicro_interfaces/action/detail/toggle__type_support.cpp
[0.592s] -- Up-to-date: /home/poom/ieee_ws/install/xicro_interfaces/include/xicro_interfaces/action/detail/toggle__rosidl_typesupport_introspection_cpp.hpp
[0.592s] -- Up-to-date: /home/poom/ieee_ws/install/xicro_interfaces/lib/libxicro_interfaces__rosidl_typesupport_introspection_cpp.so
[0.593s] -- Up-to-date: /home/poom/ieee_ws/install/xicro_interfaces/lib/libxicro_interfaces__rosidl_typesupport_cpp.so
[0.593s] -- Up-to-date: /home/poom/ieee_ws/install/xicro_interfaces/share/xicro_interfaces/environment/pythonpath.sh
[0.593s] -- Up-to-date: /home/poom/ieee_ws/install/xicro_interfaces/share/xicro_interfaces/environment/pythonpath.dsv
[0.593s] -- Up-to-date: /home/poom/ieee_ws/install/xicro_interfaces/lib/python3.8/site-packages/xicro_interfaces/__init__.py
[0.615s] -- Up-to-date: /home/poom/ieee_ws/install/xicro_interfaces/lib/python3.8/site-packages/xicro_interfaces/action
[0.615s] -- Up-to-date: /home/poom/ieee_ws/install/xicro_interfaces/lib/python3.8/site-packages/xicro_interfaces/action/__init__.py
[0.615s] -- Up-to-date: /home/poom/ieee_ws/install/xicro_interfaces/lib/python3.8/site-packages/xicro_interfaces/action/_toggle.py
[0.615s] -- Up-to-date: /home/poom/ieee_ws/install/xicro_interfaces/lib/python3.8/site-packages/xicro_interfaces/action/_toggle_s.c
[0.615s] -- Up-to-date: /home/poom/ieee_ws/install/xicro_interfaces/lib/python3.8/site-packages/xicro_interfaces/xicro_interfaces_s__rosidl_typesupport_fastrtps_c.cpython-38-x86_64-linux-gnu.so
[0.615s] -- Up-to-date: /home/poom/ieee_ws/install/xicro_interfaces/lib/python3.8/site-packages/xicro_interfaces/xicro_interfaces_s__rosidl_typesupport_introspection_c.cpython-38-x86_64-linux-gnu.so
[0.615s] -- Up-to-date: /home/poom/ieee_ws/install/xicro_interfaces/lib/python3.8/site-packages/xicro_interfaces/xicro_interfaces_s__rosidl_typesupport_c.cpython-38-x86_64-linux-gnu.so
[0.615s] -- Up-to-date: /home/poom/ieee_ws/install/xicro_interfaces/lib/libxicro_interfaces__python.so
[0.615s] -- Up-to-date: /home/poom/ieee_ws/install/xicro_interfaces/share/xicro_interfaces/action/Toggle.idl
[0.615s] -- Up-to-date: /home/poom/ieee_ws/install/xicro_interfaces/share/xicro_interfaces/action/Toggle.action
[0.616s] -- Up-to-date: /home/poom/ieee_ws/install/xicro_interfaces/share/ament_index/resource_index/package_run_dependencies/xicro_interfaces
[0.616s] -- Up-to-date: /home/poom/ieee_ws/install/xicro_interfaces/share/ament_index/resource_index/parent_prefix_path/xicro_interfaces
[0.616s] -- Up-to-date: /home/poom/ieee_ws/install/xicro_interfaces/share/xicro_interfaces/environment/ament_prefix_path.sh
[0.616s] -- Up-to-date: /home/poom/ieee_ws/install/xicro_interfaces/share/xicro_interfaces/environment/ament_prefix_path.dsv
[0.616s] -- Up-to-date: /home/poom/ieee_ws/install/xicro_interfaces/share/xicro_interfaces/environment/path.sh
[0.616s] -- Up-to-date: /home/poom/ieee_ws/install/xicro_interfaces/share/xicro_interfaces/environment/path.dsv
[0.616s] -- Up-to-date: /home/poom/ieee_ws/install/xicro_interfaces/share/xicro_interfaces/local_setup.bash
[0.616s] -- Up-to-date: /home/poom/ieee_ws/install/xicro_interfaces/share/xicro_interfaces/local_setup.sh
[0.616s] -- Up-to-date: /home/poom/ieee_ws/install/xicro_interfaces/share/xicro_interfaces/local_setup.zsh
[0.616s] -- Up-to-date: /home/poom/ieee_ws/install/xicro_interfaces/share/xicro_interfaces/local_setup.dsv
[0.617s] -- Installing: /home/poom/ieee_ws/install/xicro_interfaces/share/xicro_interfaces/package.dsv
[0.617s] -- Up-to-date: /home/poom/ieee_ws/install/xicro_interfaces/share/ament_index/resource_index/packages/xicro_interfaces
[0.617s] -- Up-to-date: /home/poom/ieee_ws/install/xicro_interfaces/share/xicro_interfaces/cmake/xicro_interfaces__rosidl_generator_cExport.cmake
[0.617s] -- Up-to-date: /home/poom/ieee_ws/install/xicro_interfaces/share/xicro_interfaces/cmake/xicro_interfaces__rosidl_generator_cExport-noconfig.cmake
[0.617s] -- Up-to-date: /home/poom/ieee_ws/install/xicro_interfaces/share/xicro_interfaces/cmake/xicro_interfaces__rosidl_typesupport_introspection_cExport.cmake
[0.617s] -- Up-to-date: /home/poom/ieee_ws/install/xicro_interfaces/share/xicro_interfaces/cmake/xicro_interfaces__rosidl_typesupport_introspection_cExport-noconfig.cmake
[0.617s] -- Up-to-date: /home/poom/ieee_ws/install/xicro_interfaces/share/xicro_interfaces/cmake/xicro_interfaces__rosidl_typesupport_cExport.cmake
[0.617s] -- Up-to-date: /home/poom/ieee_ws/install/xicro_interfaces/share/xicro_interfaces/cmake/xicro_interfaces__rosidl_typesupport_cExport-noconfig.cmake
[0.617s] -- Up-to-date: /home/poom/ieee_ws/install/xicro_interfaces/share/xicro_interfaces/cmake/xicro_interfaces__rosidl_generator_cppExport.cmake
[0.617s] -- Up-to-date: /home/poom/ieee_ws/install/xicro_interfaces/share/xicro_interfaces/cmake/xicro_interfaces__rosidl_typesupport_introspection_cppExport.cmake
[0.618s] -- Up-to-date: /home/poom/ieee_ws/install/xicro_interfaces/share/xicro_interfaces/cmake/xicro_interfaces__rosidl_typesupport_introspection_cppExport-noconfig.cmake
[0.618s] -- Up-to-date: /home/poom/ieee_ws/install/xicro_interfaces/share/xicro_interfaces/cmake/xicro_interfaces__rosidl_typesupport_cppExport.cmake
[0.618s] -- Up-to-date: /home/poom/ieee_ws/install/xicro_interfaces/share/xicro_interfaces/cmake/xicro_interfaces__rosidl_typesupport_cppExport-noconfig.cmake
[0.618s] -- Up-to-date: /home/poom/ieee_ws/install/xicro_interfaces/share/xicro_interfaces/cmake/rosidl_cmake-extras.cmake
[0.618s] -- Up-to-date: /home/poom/ieee_ws/install/xicro_interfaces/share/xicro_interfaces/cmake/ament_cmake_export_dependencies-extras.cmake
[0.618s] -- Up-to-date: /home/poom/ieee_ws/install/xicro_interfaces/share/xicro_interfaces/cmake/ament_cmake_export_libraries-extras.cmake
[0.618s] -- Up-to-date: /home/poom/ieee_ws/install/xicro_interfaces/share/xicro_interfaces/cmake/ament_cmake_export_targets-extras.cmake
[0.618s] -- Up-to-date: /home/poom/ieee_ws/install/xicro_interfaces/share/xicro_interfaces/cmake/ament_cmake_export_include_directories-extras.cmake
[0.618s] -- Up-to-date: /home/poom/ieee_ws/install/xicro_interfaces/share/xicro_interfaces/cmake/rosidl_cmake_export_typesupport_libraries-extras.cmake
[0.618s] -- Up-to-date: /home/poom/ieee_ws/install/xicro_interfaces/share/xicro_interfaces/cmake/rosidl_cmake_export_typesupport_targets-extras.cmake
[0.618s] -- Up-to-date: /home/poom/ieee_ws/install/xicro_interfaces/share/xicro_interfaces/cmake/xicro_interfacesConfig.cmake
[0.619s] -- Up-to-date: /home/poom/ieee_ws/install/xicro_interfaces/share/xicro_interfaces/cmake/xicro_interfacesConfig-version.cmake
[0.619s] -- Up-to-date: /home/poom/ieee_ws/install/xicro_interfaces/share/xicro_interfaces/package.xml
[0.621s] Invoked command in '/home/poom/ieee_ws/build/xicro_interfaces' returned '0': CMAKE_PREFIX_PATH=${CMAKE_PREFIX_PATH}:/home/poom/ieee_ws/install/webcam_pkg:/home/poom/ieee_ws/install/ieee_pkg:/home/poom/ieee_ws/install/cam_pkg:/opt/ros/galactic /home/poom/.local/bin/cmake --install /home/poom/ieee_ws/build/xicro_interfaces
