running egg_info
creating ../../build/webcam_pkg/webcam_pkg.egg-info
writing ../../build/webcam_pkg/webcam_pkg.egg-info/PKG-INFO
writing dependency_links to ../../build/webcam_pkg/webcam_pkg.egg-info/dependency_links.txt
writing entry points to ../../build/webcam_pkg/webcam_pkg.egg-info/entry_points.txt
writing requirements to ../../build/webcam_pkg/webcam_pkg.egg-info/requires.txt
writing top-level names to ../../build/webcam_pkg/webcam_pkg.egg-info/top_level.txt
writing manifest file '../../build/webcam_pkg/webcam_pkg.egg-info/SOURCES.txt'
reading manifest file '../../build/webcam_pkg/webcam_pkg.egg-info/SOURCES.txt'
writing manifest file '../../build/webcam_pkg/webcam_pkg.egg-info/SOURCES.txt'
running build
running build_py
creating /home/poom/ieee_ws/build/webcam_pkg/build
creating /home/poom/ieee_ws/build/webcam_pkg/build/lib
creating /home/poom/ieee_ws/build/webcam_pkg/build/lib/webcam_pkg
copying webcam_pkg/__init__.py -> /home/poom/ieee_ws/build/webcam_pkg/build/lib/webcam_pkg
copying webcam_pkg/webcam_node.py -> /home/poom/ieee_ws/build/webcam_pkg/build/lib/webcam_pkg
running install
running install_lib
creating /home/poom/ieee_ws/install/webcam_pkg/lib/python3.8/site-packages/webcam_pkg
copying /home/poom/ieee_ws/build/webcam_pkg/build/lib/webcam_pkg/__init__.py -> /home/poom/ieee_ws/install/webcam_pkg/lib/python3.8/site-packages/webcam_pkg
copying /home/poom/ieee_ws/build/webcam_pkg/build/lib/webcam_pkg/webcam_node.py -> /home/poom/ieee_ws/install/webcam_pkg/lib/python3.8/site-packages/webcam_pkg
byte-compiling /home/poom/ieee_ws/install/webcam_pkg/lib/python3.8/site-packages/webcam_pkg/__init__.py to __init__.cpython-38.pyc
byte-compiling /home/poom/ieee_ws/install/webcam_pkg/lib/python3.8/site-packages/webcam_pkg/webcam_node.py to webcam_node.cpython-38.pyc
running install_data
creating /home/poom/ieee_ws/install/webcam_pkg/share/ament_index
creating /home/poom/ieee_ws/install/webcam_pkg/share/ament_index/resource_index
creating /home/poom/ieee_ws/install/webcam_pkg/share/ament_index/resource_index/packages
copying resource/webcam_pkg -> /home/poom/ieee_ws/install/webcam_pkg/share/ament_index/resource_index/packages
copying package.xml -> /home/poom/ieee_ws/install/webcam_pkg/share/webcam_pkg
running install_egg_info
Copying ../../build/webcam_pkg/webcam_pkg.egg-info to /home/poom/ieee_ws/install/webcam_pkg/lib/python3.8/site-packages/webcam_pkg-0.0.0-py3.8.egg-info
running install_scripts
Installing webcam_node script to /home/poom/ieee_ws/install/webcam_pkg/lib/webcam_pkg
writing list of installed files to '/home/poom/ieee_ws/build/webcam_pkg/install.log'
