[0.771s] Invoking command in '/home/poom/ieee_ws/src/webcam_pkg': PYTHONPATH=/home/poom/ieee_ws/build/webcam_pkg/prefix_override:/home/poom/ieee_ws/install/webcam_pkg/lib/python3.8/site-packages:${PYTHONPATH} /usr/bin/python3 setup.py egg_info --egg-base ../../build/webcam_pkg build --build-base /home/poom/ieee_ws/build/webcam_pkg/build install --record /home/poom/ieee_ws/build/webcam_pkg/install.log --single-version-externally-managed
[0.953s] running egg_info
[0.953s] creating ../../build/webcam_pkg/webcam_pkg.egg-info
[0.953s] writing ../../build/webcam_pkg/webcam_pkg.egg-info/PKG-INFO
[0.954s] writing dependency_links to ../../build/webcam_pkg/webcam_pkg.egg-info/dependency_links.txt
[0.954s] writing entry points to ../../build/webcam_pkg/webcam_pkg.egg-info/entry_points.txt
[0.954s] writing requirements to ../../build/webcam_pkg/webcam_pkg.egg-info/requires.txt
[0.954s] writing top-level names to ../../build/webcam_pkg/webcam_pkg.egg-info/top_level.txt
[0.954s] writing manifest file '../../build/webcam_pkg/webcam_pkg.egg-info/SOURCES.txt'
[0.981s] reading manifest file '../../build/webcam_pkg/webcam_pkg.egg-info/SOURCES.txt'
[0.981s] writing manifest file '../../build/webcam_pkg/webcam_pkg.egg-info/SOURCES.txt'
[0.981s] running build
[0.981s] running build_py
[0.981s] creating /home/poom/ieee_ws/build/webcam_pkg/build
[0.981s] creating /home/poom/ieee_ws/build/webcam_pkg/build/lib
[0.982s] creating /home/poom/ieee_ws/build/webcam_pkg/build/lib/webcam_pkg
[0.982s] copying webcam_pkg/__init__.py -> /home/poom/ieee_ws/build/webcam_pkg/build/lib/webcam_pkg
[0.982s] copying webcam_pkg/webcam_node.py -> /home/poom/ieee_ws/build/webcam_pkg/build/lib/webcam_pkg
[0.982s] running install
[0.982s] running install_lib
[0.983s] creating /home/poom/ieee_ws/install/webcam_pkg/lib/python3.8/site-packages/webcam_pkg
[0.983s] copying /home/poom/ieee_ws/build/webcam_pkg/build/lib/webcam_pkg/__init__.py -> /home/poom/ieee_ws/install/webcam_pkg/lib/python3.8/site-packages/webcam_pkg
[0.983s] copying /home/poom/ieee_ws/build/webcam_pkg/build/lib/webcam_pkg/webcam_node.py -> /home/poom/ieee_ws/install/webcam_pkg/lib/python3.8/site-packages/webcam_pkg
[0.983s] byte-compiling /home/poom/ieee_ws/install/webcam_pkg/lib/python3.8/site-packages/webcam_pkg/__init__.py to __init__.cpython-38.pyc
[0.984s] byte-compiling /home/poom/ieee_ws/install/webcam_pkg/lib/python3.8/site-packages/webcam_pkg/webcam_node.py to webcam_node.cpython-38.pyc
[0.985s] running install_data
[0.985s] creating /home/poom/ieee_ws/install/webcam_pkg/share/ament_index
[0.985s] creating /home/poom/ieee_ws/install/webcam_pkg/share/ament_index/resource_index
[0.985s] creating /home/poom/ieee_ws/install/webcam_pkg/share/ament_index/resource_index/packages
[0.985s] copying resource/webcam_pkg -> /home/poom/ieee_ws/install/webcam_pkg/share/ament_index/resource_index/packages
[0.985s] copying package.xml -> /home/poom/ieee_ws/install/webcam_pkg/share/webcam_pkg
[0.985s] running install_egg_info
[0.986s] Copying ../../build/webcam_pkg/webcam_pkg.egg-info to /home/poom/ieee_ws/install/webcam_pkg/lib/python3.8/site-packages/webcam_pkg-0.0.0-py3.8.egg-info
[0.987s] running install_scripts
[0.999s] Installing webcam_node script to /home/poom/ieee_ws/install/webcam_pkg/lib/webcam_pkg
[0.999s] writing list of installed files to '/home/poom/ieee_ws/build/webcam_pkg/install.log'
[1.018s] Invoked command in '/home/poom/ieee_ws/src/webcam_pkg' returned '0': PYTHONPATH=/home/poom/ieee_ws/build/webcam_pkg/prefix_override:/home/poom/ieee_ws/install/webcam_pkg/lib/python3.8/site-packages:${PYTHONPATH} /usr/bin/python3 setup.py egg_info --egg-base ../../build/webcam_pkg build --build-base /home/poom/ieee_ws/build/webcam_pkg/build install --record /home/poom/ieee_ws/build/webcam_pkg/install.log --single-version-externally-managed
