-- The C compiler identification is GNU 9.4.0
-- The CXX compiler identification is GNU 9.4.0
-- Detecting C compiler ABI info
-- Detecting C compiler ABI info - done
-- Check for working C compiler: /usr/bin/cc - skipped
-- Detecting C compile features
-- Detecting C compile features - done
-- Detecting CXX compiler ABI info
-- Detecting CXX compiler ABI info - done
-- Check for working CXX compiler: /usr/bin/c++ - skipped
-- Detecting CXX compile features
-- Detecting CXX compile features - done
-- Found ament_cmake: 1.1.6 (/opt/ros/galactic/share/ament_cmake/cmake)
-- Found PythonInterp: /usr/bin/python3 (found suitable version "3.8.10", minimum required is "3") 
-- Using PYTHON_EXECUTABLE: /usr/bin/python3
-- Found rclcpp: 9.2.2 (/opt/ros/galactic/share/rclcpp/cmake)
-- Using all available rosidl_typesupport_c: rosidl_typesupport_fastrtps_c;rosidl_typesupport_introspection_c
-- Found rosidl_adapter: 2.2.3 (/opt/ros/galactic/share/rosidl_adapter/cmake)
-- Found OpenSSL: /usr/lib/x86_64-linux-gnu/libcrypto.so (found version "1.1.1f")  
-- Found FastRTPS: /opt/ros/galactic/include  
-- Using all available rosidl_typesupport_cpp: rosidl_typesupport_fastrtps_cpp;rosidl_typesupport_introspection_cpp
-- Found rmw_implementation_cmake: 3.3.1 (/opt/ros/galactic/share/rmw_implementation_cmake/cmake)
-- Found rmw_cyclonedds_cpp: 0.22.6 (/opt/ros/galactic/share/rmw_cyclonedds_cpp/cmake)
-- Using RMW implementation 'rmw_cyclonedds_cpp' as default
-- Performing Test CMAKE_HAVE_LIBC_PTHREAD
-- Performing Test CMAKE_HAVE_LIBC_PTHREAD - Failed
-- Looking for pthread_create in pthreads
-- Looking for pthread_create in pthreads - not found
-- Looking for pthread_create in pthread
-- Looking for pthread_create in pthread - found
-- Found Threads: TRUE  
-- Found rclpy: 1.9.3 (/opt/ros/galactic/share/rclpy/cmake)
-- Configuring done (1.0s)
-- Generating done (0.0s)
-- Build files have been written to: /home/poom/ieee_ws/build/xicro_pkg
Built target ament_cmake_python_copy_xicro_pkg
running egg_info
creating xicro_pkg.egg-info
writing xicro_pkg.egg-info/PKG-INFO
writing dependency_links to xicro_pkg.egg-info/dependency_links.txt
writing top-level names to xicro_pkg.egg-info/top_level.txt
writing manifest file 'xicro_pkg.egg-info/SOURCES.txt'
reading manifest file 'xicro_pkg.egg-info/SOURCES.txt'
writing manifest file 'xicro_pkg.egg-info/SOURCES.txt'
Built target ament_cmake_python_build_xicro_pkg_egg
-- Install configuration: ""
-- Installing: /home/poom/ieee_ws/install/xicro_pkg/share/xicro_pkg/environment/pythonpath.sh
-- Installing: /home/poom/ieee_ws/install/xicro_pkg/share/xicro_pkg/environment/pythonpath.dsv
-- Installing: /home/poom/ieee_ws/install/xicro_pkg/lib/python3.8/site-packages//xicro_pkg.egg-info
-- Installing: /home/poom/ieee_ws/install/xicro_pkg/lib/python3.8/site-packages//xicro_pkg.egg-info/top_level.txt
-- Installing: /home/poom/ieee_ws/install/xicro_pkg/lib/python3.8/site-packages//xicro_pkg.egg-info/PKG-INFO
-- Installing: /home/poom/ieee_ws/install/xicro_pkg/lib/python3.8/site-packages//xicro_pkg.egg-info/dependency_links.txt
-- Installing: /home/poom/ieee_ws/install/xicro_pkg/lib/python3.8/site-packages//xicro_pkg.egg-info/SOURCES.txt
-- Installing: /home/poom/ieee_ws/install/xicro_pkg/lib/python3.8/site-packages/xicro_pkg
-- Installing: /home/poom/ieee_ws/install/xicro_pkg/lib/python3.8/site-packages/xicro_pkg/__init__.py
Listing '/home/poom/ieee_ws/install/xicro_pkg/lib/python3.8/site-packages/xicro_pkg'...
Compiling '/home/poom/ieee_ws/install/xicro_pkg/lib/python3.8/site-packages/xicro_pkg/__init__.py'...
-- Installing: /home/poom/ieee_ws/install/xicro_pkg/lib/xicro_pkg/generate_library.py
-- Installing: /home/poom/ieee_ws/install/xicro_pkg/lib/xicro_pkg/generate_xicro_node.py
