[0.403s] Invoking command in '/home/poom/ieee_ws/build/xicro_pkg': CMAKE_PREFIX_PATH=${CMAKE_PREFIX_PATH}:/home/poom/ieee_ws/install/webcam_pkg:/home/poom/ieee_ws/install/ieee_pkg:/home/poom/ieee_ws/install/cam_pkg:/opt/ros/galactic /home/poom/.local/bin/cmake /home/poom/ieee_ws/src/Xicro/xicro_pkg -DCMAKE_INSTALL_PREFIX=/home/poom/ieee_ws/install/xicro_pkg
[0.513s] -- The C compiler identification is GNU 9.4.0
[0.597s] -- The CXX compiler identification is GNU 9.4.0
[0.611s] -- Detecting C compiler ABI info
[0.652s] -- Detecting C compiler ABI info - done
[0.665s] -- Check for working C compiler: /usr/bin/cc - skipped
[0.665s] -- Detecting C compile features
[0.666s] -- Detecting C compile features - done
[0.669s] -- Detecting CXX compiler ABI info
[0.715s] -- Detecting CXX compiler ABI info - done
[0.725s] -- Check for working CXX compiler: /usr/bin/c++ - skipped
[0.725s] -- Detecting CXX compile features
[0.726s] -- Detecting CXX compile features - done
[0.728s] -- Found ament_cmake: 1.1.6 (/opt/ros/galactic/share/ament_cmake/cmake)
[0.749s] -- Found PythonInterp: /usr/bin/python3 (found suitable version "3.8.10", minimum required is "3") 
[0.749s] -- Using PYTHON_EXECUTABLE: /usr/bin/python3
[0.815s] -- Found rclcpp: 9.2.2 (/opt/ros/galactic/share/rclcpp/cmake)
[0.873s] -- Using all available rosidl_typesupport_c: rosidl_typesupport_fastrtps_c;rosidl_typesupport_introspection_c
[0.879s] -- Found rosidl_adapter: 2.2.3 (/opt/ros/galactic/share/rosidl_adapter/cmake)
[0.926s] -- Found OpenSSL: /usr/lib/x86_64-linux-gnu/libcrypto.so (found version "1.1.1f")  
[0.952s] -- Found FastRTPS: /opt/ros/galactic/include  
[1.023s] -- Using all available rosidl_typesupport_cpp: rosidl_typesupport_fastrtps_cpp;rosidl_typesupport_introspection_cpp
[1.076s] -- Found rmw_implementation_cmake: 3.3.1 (/opt/ros/galactic/share/rmw_implementation_cmake/cmake)
[1.078s] -- Found rmw_cyclonedds_cpp: 0.22.6 (/opt/ros/galactic/share/rmw_cyclonedds_cpp/cmake)
[1.094s] -- Using RMW implementation 'rmw_cyclonedds_cpp' as default
[1.095s] -- Performing Test CMAKE_HAVE_LIBC_PTHREAD
[1.150s] -- Performing Test CMAKE_HAVE_LIBC_PTHREAD - Failed
[1.150s] -- Looking for pthread_create in pthreads
[1.185s] -- Looking for pthread_create in pthreads - not found
[1.185s] -- Looking for pthread_create in pthread
[1.225s] -- Looking for pthread_create in pthread - found
[1.226s] -- Found Threads: TRUE  
[1.338s] -- Found rclpy: 1.9.3 (/opt/ros/galactic/share/rclpy/cmake)
[1.441s] -- Configuring done (1.0s)
[1.445s] -- Generating done (0.0s)
[1.447s] -- Build files have been written to: /home/poom/ieee_ws/build/xicro_pkg
[1.456s] Invoked command in '/home/poom/ieee_ws/build/xicro_pkg' returned '0': CMAKE_PREFIX_PATH=${CMAKE_PREFIX_PATH}:/home/poom/ieee_ws/install/webcam_pkg:/home/poom/ieee_ws/install/ieee_pkg:/home/poom/ieee_ws/install/cam_pkg:/opt/ros/galactic /home/poom/.local/bin/cmake /home/poom/ieee_ws/src/Xicro/xicro_pkg -DCMAKE_INSTALL_PREFIX=/home/poom/ieee_ws/install/xicro_pkg
[1.459s] Invoking command in '/home/poom/ieee_ws/build/xicro_pkg': CMAKE_PREFIX_PATH=${CMAKE_PREFIX_PATH}:/home/poom/ieee_ws/install/webcam_pkg:/home/poom/ieee_ws/install/ieee_pkg:/home/poom/ieee_ws/install/cam_pkg:/opt/ros/galactic /home/poom/.local/bin/cmake --build /home/poom/ieee_ws/build/xicro_pkg -- -j12 -l12
[1.494s] Built target ament_cmake_python_copy_xicro_pkg
[1.680s] running egg_info
[1.680s] creating xicro_pkg.egg-info
[1.680s] writing xicro_pkg.egg-info/PKG-INFO
[1.680s] writing dependency_links to xicro_pkg.egg-info/dependency_links.txt
[1.681s] writing top-level names to xicro_pkg.egg-info/top_level.txt
[1.682s] writing manifest file 'xicro_pkg.egg-info/SOURCES.txt'
[1.707s] reading manifest file 'xicro_pkg.egg-info/SOURCES.txt'
[1.707s] writing manifest file 'xicro_pkg.egg-info/SOURCES.txt'
[1.722s] Built target ament_cmake_python_build_xicro_pkg_egg
[1.728s] Invoked command in '/home/poom/ieee_ws/build/xicro_pkg' returned '0': CMAKE_PREFIX_PATH=${CMAKE_PREFIX_PATH}:/home/poom/ieee_ws/install/webcam_pkg:/home/poom/ieee_ws/install/ieee_pkg:/home/poom/ieee_ws/install/cam_pkg:/opt/ros/galactic /home/poom/.local/bin/cmake --build /home/poom/ieee_ws/build/xicro_pkg -- -j12 -l12
[1.789s] Invoking command in '/home/poom/ieee_ws/build/xicro_pkg': CMAKE_PREFIX_PATH=${CMAKE_PREFIX_PATH}:/home/poom/ieee_ws/install/webcam_pkg:/home/poom/ieee_ws/install/ieee_pkg:/home/poom/ieee_ws/install/cam_pkg:/opt/ros/galactic /home/poom/.local/bin/cmake --install /home/poom/ieee_ws/build/xicro_pkg
[1.809s] -- Install configuration: ""
[1.810s] -- Installing: /home/poom/ieee_ws/install/xicro_pkg/share/xicro_pkg/environment/pythonpath.sh
[1.810s] -- Installing: /home/poom/ieee_ws/install/xicro_pkg/share/xicro_pkg/environment/pythonpath.dsv
[1.810s] -- Installing: /home/poom/ieee_ws/install/xicro_pkg/lib/python3.8/site-packages//xicro_pkg.egg-info
[1.810s] -- Installing: /home/poom/ieee_ws/install/xicro_pkg/lib/python3.8/site-packages//xicro_pkg.egg-info/top_level.txt
[1.810s] -- Installing: /home/poom/ieee_ws/install/xicro_pkg/lib/python3.8/site-packages//xicro_pkg.egg-info/PKG-INFO
[1.810s] -- Installing: /home/poom/ieee_ws/install/xicro_pkg/lib/python3.8/site-packages//xicro_pkg.egg-info/dependency_links.txt
[1.811s] -- Installing: /home/poom/ieee_ws/install/xicro_pkg/lib/python3.8/site-packages//xicro_pkg.egg-info/SOURCES.txt
[1.811s] -- Installing: /home/poom/ieee_ws/install/xicro_pkg/lib/python3.8/site-packages/xicro_pkg
[1.811s] -- Installing: /home/poom/ieee_ws/install/xicro_pkg/lib/python3.8/site-packages/xicro_pkg/__init__.py
[1.834s] Listing '/home/poom/ieee_ws/install/xicro_pkg/lib/python3.8/site-packages/xicro_pkg'...
[1.834s] Compiling '/home/poom/ieee_ws/install/xicro_pkg/lib/python3.8/site-packages/xicro_pkg/__init__.py'...
[1.838s] -- Installing: /home/poom/ieee_ws/install/xicro_pkg/lib/xicro_pkg/generate_library.py
[1.839s] -- Installing: /home/poom/ieee_ws/install/xicro_pkg/lib/xicro_pkg/generate_xicro_node.py
[1.840s] [31mCMake Error at cmake_install.cmake:70 (file):
[1.840s]   file INSTALL cannot find
[1.840s]   "/home/poom/ieee_ws/src/Xicro/xicro_pkg/scripts/xicro_node_ieee_ID_1_esp.py":
[1.840s]   No such file or directory.
[1.840s] 
[1.840s] [0m
[1.845s] Invoked command in '/home/poom/ieee_ws/build/xicro_pkg' returned '1': CMAKE_PREFIX_PATH=${CMAKE_PREFIX_PATH}:/home/poom/ieee_ws/install/webcam_pkg:/home/poom/ieee_ws/install/ieee_pkg:/home/poom/ieee_ws/install/cam_pkg:/opt/ros/galactic /home/poom/.local/bin/cmake --install /home/poom/ieee_ws/build/xicro_pkg
