running egg_info
writing ../../build/ieee_pkg/ieee_pkg.egg-info/PKG-INFO
writing dependency_links to ../../build/ieee_pkg/ieee_pkg.egg-info/dependency_links.txt
writing entry points to ../../build/ieee_pkg/ieee_pkg.egg-info/entry_points.txt
writing requirements to ../../build/ieee_pkg/ieee_pkg.egg-info/requires.txt
writing top-level names to ../../build/ieee_pkg/ieee_pkg.egg-info/top_level.txt
reading manifest file '../../build/ieee_pkg/ieee_pkg.egg-info/SOURCES.txt'
writing manifest file '../../build/ieee_pkg/ieee_pkg.egg-info/SOURCES.txt'
running build
running build_py
copying ieee_pkg/imu.py -> /home/poom/ieee_ws/build/ieee_pkg/build/lib/ieee_pkg
running install
running install_lib
copying /home/poom/ieee_ws/build/ieee_pkg/build/lib/ieee_pkg/imu.py -> /home/poom/ieee_ws/install/ieee_pkg/lib/python3.8/site-packages/ieee_pkg
byte-compiling /home/poom/ieee_ws/install/ieee_pkg/lib/python3.8/site-packages/ieee_pkg/imu.py to imu.cpython-38.pyc
running install_data
copying launch/ieee.launch.py -> /home/poom/ieee_ws/install/ieee_pkg/share/ieee_pkg
running install_egg_info
removing '/home/poom/ieee_ws/install/ieee_pkg/lib/python3.8/site-packages/ieee_pkg-0.0.0-py3.8.egg-info' (and everything under it)
Copying ../../build/ieee_pkg/ieee_pkg.egg-info to /home/poom/ieee_ws/install/ieee_pkg/lib/python3.8/site-packages/ieee_pkg-0.0.0-py3.8.egg-info
running install_scripts
Installing imu_node script to /home/poom/ieee_ws/install/ieee_pkg/lib/ieee_pkg
writing list of installed files to '/home/poom/ieee_ws/build/ieee_pkg/install.log'
