/home/poom/ieee_ws/install/ieee_pkg/lib/python3.8/site-packages/ieee_pkg/__init__.py
/home/poom/ieee_ws/install/ieee_pkg/lib/python3.8/site-packages/ieee_pkg/camera.py
/home/poom/ieee_ws/install/ieee_pkg/lib/python3.8/site-packages/ieee_pkg/control.py
/home/poom/ieee_ws/install/ieee_pkg/lib/python3.8/site-packages/ieee_pkg/imu.py
/home/poom/ieee_ws/install/ieee_pkg/lib/python3.8/site-packages/ieee_pkg/robot_core.py
/home/poom/ieee_ws/install/ieee_pkg/lib/python3.8/site-packages/ieee_pkg/__pycache__/__init__.cpython-38.pyc
/home/poom/ieee_ws/install/ieee_pkg/lib/python3.8/site-packages/ieee_pkg/__pycache__/camera.cpython-38.pyc
/home/poom/ieee_ws/install/ieee_pkg/lib/python3.8/site-packages/ieee_pkg/__pycache__/control.cpython-38.pyc
/home/poom/ieee_ws/install/ieee_pkg/lib/python3.8/site-packages/ieee_pkg/__pycache__/imu.cpython-38.pyc
/home/poom/ieee_ws/install/ieee_pkg/lib/python3.8/site-packages/ieee_pkg/__pycache__/robot_core.cpython-38.pyc
/home/poom/ieee_ws/install/ieee_pkg/share/ament_index/resource_index/packages/ieee_pkg
/home/poom/ieee_ws/install/ieee_pkg/share/ieee_pkg/package.xml
/home/poom/ieee_ws/install/ieee_pkg/share/ieee_pkg/ieee_launch.launch.py
/home/poom/ieee_ws/install/ieee_pkg/lib/python3.8/site-packages/ieee_pkg-0.0.0-py3.8.egg-info/entry_points.txt
/home/poom/ieee_ws/install/ieee_pkg/lib/python3.8/site-packages/ieee_pkg-0.0.0-py3.8.egg-info/zip-safe
/home/poom/ieee_ws/install/ieee_pkg/lib/python3.8/site-packages/ieee_pkg-0.0.0-py3.8.egg-info/top_level.txt
/home/poom/ieee_ws/install/ieee_pkg/lib/python3.8/site-packages/ieee_pkg-0.0.0-py3.8.egg-info/requires.txt
/home/poom/ieee_ws/install/ieee_pkg/lib/python3.8/site-packages/ieee_pkg-0.0.0-py3.8.egg-info/PKG-INFO
/home/poom/ieee_ws/install/ieee_pkg/lib/python3.8/site-packages/ieee_pkg-0.0.0-py3.8.egg-info/dependency_links.txt
/home/poom/ieee_ws/install/ieee_pkg/lib/python3.8/site-packages/ieee_pkg-0.0.0-py3.8.egg-info/SOURCES.txt
/home/poom/ieee_ws/install/ieee_pkg/lib/ieee_pkg/camera_node
/home/poom/ieee_ws/install/ieee_pkg/lib/ieee_pkg/control_node
/home/poom/ieee_ws/install/ieee_pkg/lib/ieee_pkg/imu_node
/home/poom/ieee_ws/install/ieee_pkg/lib/ieee_pkg/robot_core_node
