[1.257s] Invoking command in '/home/poom/ieee_ws/src/webcam_pkg': PYTHONPATH=/home/poom/ieee_ws/build/webcam_pkg/prefix_override:/home/poom/ieee_ws/install/webcam_pkg/lib/python3.8/site-packages:${PYTHONPATH} /usr/bin/python3 setup.py egg_info --egg-base ../../build/webcam_pkg build --build-base /home/poom/ieee_ws/build/webcam_pkg/build install --record /home/poom/ieee_ws/build/webcam_pkg/install.log --single-version-externally-managed
[1.538s] running egg_info
[1.539s] writing ../../build/webcam_pkg/webcam_pkg.egg-info/PKG-INFO
[1.539s] writing dependency_links to ../../build/webcam_pkg/webcam_pkg.egg-info/dependency_links.txt
[1.539s] writing entry points to ../../build/webcam_pkg/webcam_pkg.egg-info/entry_points.txt
[1.540s] writing requirements to ../../build/webcam_pkg/webcam_pkg.egg-info/requires.txt
[1.540s] writing top-level names to ../../build/webcam_pkg/webcam_pkg.egg-info/top_level.txt
[1.572s] reading manifest file '../../build/webcam_pkg/webcam_pkg.egg-info/SOURCES.txt'
[1.572s] writing manifest file '../../build/webcam_pkg/webcam_pkg.egg-info/SOURCES.txt'
[1.573s] running build
[1.573s] running build_py
[1.573s] running install
[1.574s] running install_lib
[1.575s] running install_data
[1.575s] running install_egg_info
[1.577s] removing '/home/poom/ieee_ws/install/webcam_pkg/lib/python3.8/site-packages/webcam_pkg-0.0.0-py3.8.egg-info' (and everything under it)
[1.577s] Copying ../../build/webcam_pkg/webcam_pkg.egg-info to /home/poom/ieee_ws/install/webcam_pkg/lib/python3.8/site-packages/webcam_pkg-0.0.0-py3.8.egg-info
[1.577s] running install_scripts
[1.591s] Installing webcam_node script to /home/poom/ieee_ws/install/webcam_pkg/lib/webcam_pkg
[1.591s] writing list of installed files to '/home/poom/ieee_ws/build/webcam_pkg/install.log'
[1.611s] Invoked command in '/home/poom/ieee_ws/src/webcam_pkg' returned '0': PYTHONPATH=/home/poom/ieee_ws/build/webcam_pkg/prefix_override:/home/poom/ieee_ws/install/webcam_pkg/lib/python3.8/site-packages:${PYTHONPATH} /usr/bin/python3 setup.py egg_info --egg-base ../../build/webcam_pkg build --build-base /home/poom/ieee_ws/build/webcam_pkg/build install --record /home/poom/ieee_ws/build/webcam_pkg/install.log --single-version-externally-managed
